{"D:\\contri\\GreenPass-main\\src\\components\\AdminDashboard.tsx": {"path":"D:\\contri\\GreenPass-main\\src\\components\\AdminDashboard.tsx","statementMap":{"0":{"start":{"line":33,"column":24},"end":{"line":33,"column":null}},"1":{"start":{"line":3,"column":64},"end":{"line":3,"column":null}},"2":{"start":{"line":4,"column":19},"end":{"line":4,"column":null}},"3":{"start":{"line":5,"column":38},"end":{"line":5,"column":null}},"4":{"start":{"line":22,"column":7},"end":{"line":22,"column":null}},"5":{"start":{"line":23,"column":29},"end":{"line":23,"column":null}},"6":{"start":{"line":24,"column":55},"end":{"line":24,"column":null}},"7":{"start":{"line":25,"column":50},"end":{"line":25,"column":null}},"8":{"start":{"line":27,"column":86},"end":{"line":27,"column":null}},"9":{"start":{"line":28,"column":32},"end":{"line":28,"column":null}},"10":{"start":{"line":29,"column":36},"end":{"line":29,"column":null}},"11":{"start":{"line":30,"column":23},"end":{"line":30,"column":null}},"12":{"start":{"line":31,"column":38},"end":{"line":31,"column":null}},"13":{"start":{"line":34,"column":28},"end":{"line":48,"column":null}},"14":{"start":{"line":49,"column":42},"end":{"line":49,"column":null}},"15":{"start":{"line":50,"column":54},"end":{"line":50,"column":null}},"16":{"start":{"line":51,"column":30},"end":{"line":51,"column":null}},"17":{"start":{"line":52,"column":38},"end":{"line":52,"column":null}},"18":{"start":{"line":53,"column":34},"end":{"line":53,"column":null}},"19":{"start":{"line":54,"column":32},"end":{"line":54,"column":null}},"20":{"start":{"line":55,"column":44},"end":{"line":55,"column":null}},"21":{"start":{"line":56,"column":38},"end":{"line":56,"column":null}},"22":{"start":{"line":57,"column":25},"end":{"line":57,"column":null}},"23":{"start":{"line":59,"column":2},"end":{"line":63,"column":null}},"24":{"start":{"line":62,"column":19},"end":{"line":62,"column":null}},"25":{"start":{"line":64,"column":38},"end":{"line":64,"column":null}},"26":{"start":{"line":65,"column":50},"end":{"line":65,"column":null}},"27":{"start":{"line":67,"column":36},"end":{"line":67,"column":null}},"28":{"start":{"line":70,"column":62},"end":{"line":71,"column":null}},"29":{"start":{"line":71,"column":26},"end":{"line":71,"column":30}},"30":{"start":{"line":74,"column":28},"end":{"line":141,"column":null}},"31":{"start":{"line":75,"column":22},"end":{"line":75,"column":null}},"32":{"start":{"line":76,"column":47},"end":{"line":76,"column":null}},"33":{"start":{"line":77,"column":27},"end":{"line":77,"column":null}},"34":{"start":{"line":77,"column":49},"end":{"line":77,"column":53}},"35":{"start":{"line":79,"column":4},"end":{"line":140,"column":null}},"36":{"start":{"line":81,"column":33},"end":{"line":81,"column":null}},"37":{"start":{"line":82,"column":27},"end":{"line":82,"column":null}},"38":{"start":{"line":83,"column":18},"end":{"line":83,"column":null}},"39":{"start":{"line":86,"column":6},"end":{"line":133,"column":null}},"40":{"start":{"line":87,"column":8},"end":{"line":132,"column":null}},"41":{"start":{"line":88,"column":32},"end":{"line":88,"column":null}},"42":{"start":{"line":89,"column":34},"end":{"line":89,"column":null}},"43":{"start":{"line":91,"column":10},"end":{"line":100,"column":null}},"44":{"start":{"line":92,"column":12},"end":{"line":99,"column":null}},"45":{"start":{"line":102,"column":30},"end":{"line":104,"column":132}},"46":{"start":{"line":106,"column":26},"end":{"line":107,"column":null}},"47":{"start":{"line":109,"column":10},"end":{"line":129,"column":null}},"48":{"start":{"line":110,"column":12},"end":{"line":110,"column":null}},"49":{"start":{"line":111,"column":32},"end":{"line":114,"column":null}},"50":{"start":{"line":117,"column":12},"end":{"line":126,"column":null}},"51":{"start":{"line":118,"column":14},"end":{"line":125,"column":null}},"52":{"start":{"line":127,"column":17},"end":{"line":129,"column":null}},"53":{"start":{"line":128,"column":12},"end":{"line":128,"column":null}},"54":{"start":{"line":131,"column":10},"end":{"line":131,"column":null}},"55":{"start":{"line":135,"column":6},"end":{"line":135,"column":null}},"56":{"start":{"line":135,"column":29},"end":{"line":135,"column":null}},"57":{"start":{"line":137,"column":6},"end":{"line":137,"column":null}},"58":{"start":{"line":139,"column":6},"end":{"line":139,"column":null}},"59":{"start":{"line":143,"column":28},"end":{"line":238,"column":null}},"60":{"start":{"line":144,"column":4},"end":{"line":237,"column":null}},"61":{"start":{"line":145,"column":24},"end":{"line":145,"column":null}},"62":{"start":{"line":153,"column":10},"end":{"line":160,"column":null}},"63":{"start":{"line":162,"column":6},"end":{"line":162,"column":null}},"64":{"start":{"line":163,"column":6},"end":{"line":163,"column":null}},"65":{"start":{"line":164,"column":6},"end":{"line":164,"column":null}},"66":{"start":{"line":167,"column":6},"end":{"line":183,"column":null}},"67":{"start":{"line":168,"column":8},"end":{"line":182,"column":null}},"68":{"start":{"line":169,"column":27},"end":{"line":169,"column":null}},"69":{"start":{"line":170,"column":32},"end":{"line":170,"column":null}},"70":{"start":{"line":170,"column":53},"end":{"line":170,"column":121}},"71":{"start":{"line":172,"column":10},"end":{"line":181,"column":null}},"72":{"start":{"line":173,"column":12},"end":{"line":180,"column":null}},"73":{"start":{"line":186,"column":28},"end":{"line":186,"column":null}},"74":{"start":{"line":187,"column":6},"end":{"line":187,"column":null}},"75":{"start":{"line":190,"column":38},"end":{"line":204,"column":null}},"76":{"start":{"line":190,"column":70},"end":{"line":204,"column":null}},"77":{"start":{"line":206,"column":6},"end":{"line":206,"column":null}},"78":{"start":{"line":209,"column":27},"end":{"line":209,"column":null}},"79":{"start":{"line":212,"column":29},"end":{"line":212,"column":null}},"80":{"start":{"line":212,"column":62},"end":{"line":212,"column":66}},"81":{"start":{"line":213,"column":46},"end":{"line":216,"column":null}},"82":{"start":{"line":218,"column":33},"end":{"line":221,"column":null}},"83":{"start":{"line":224,"column":60},"end":{"line":224,"column":null}},"84":{"start":{"line":225,"column":6},"end":{"line":227,"column":null}},"85":{"start":{"line":226,"column":8},"end":{"line":226,"column":null}},"86":{"start":{"line":229,"column":6},"end":{"line":229,"column":null}},"87":{"start":{"line":232,"column":6},"end":{"line":232,"column":null}},"88":{"start":{"line":234,"column":6},"end":{"line":234,"column":null}},"89":{"start":{"line":236,"column":6},"end":{"line":236,"column":null}},"90":{"start":{"line":240,"column":41},"end":{"line":264,"column":null}},"91":{"start":{"line":242,"column":6},"end":{"line":263,"column":null}},"92":{"start":{"line":243,"column":21},"end":{"line":243,"column":null}},"93":{"start":{"line":244,"column":32},"end":{"line":244,"column":null}},"94":{"start":{"line":246,"column":8},"end":{"line":260,"column":null}},"95":{"start":{"line":247,"column":10},"end":{"line":257,"column":null}},"96":{"start":{"line":247,"column":33},"end":{"line":257,"column":null}},"97":{"start":{"line":258,"column":15},"end":{"line":260,"column":null}},"98":{"start":{"line":259,"column":10},"end":{"line":259,"column":null}},"99":{"start":{"line":262,"column":8},"end":{"line":262,"column":null}},"100":{"start":{"line":267,"column":26},"end":{"line":272,"column":null}},"101":{"start":{"line":268,"column":25},"end":{"line":268,"column":null}},"102":{"start":{"line":269,"column":19},"end":{"line":269,"column":null}},"103":{"start":{"line":270,"column":4},"end":{"line":270,"column":null}},"104":{"start":{"line":271,"column":4},"end":{"line":271,"column":null}},"105":{"start":{"line":274,"column":27},"end":{"line":284,"column":null}},"106":{"start":{"line":275,"column":4},"end":{"line":283,"column":null}},"107":{"start":{"line":276,"column":27},"end":{"line":276,"column":null}},"108":{"start":{"line":277,"column":6},"end":{"line":277,"column":null}},"109":{"start":{"line":278,"column":6},"end":{"line":278,"column":null}},"110":{"start":{"line":279,"column":6},"end":{"line":279,"column":null}},"111":{"start":{"line":280,"column":6},"end":{"line":280,"column":null}},"112":{"start":{"line":282,"column":6},"end":{"line":282,"column":null}},"113":{"start":{"line":287,"column":2},"end":{"line":316,"column":null}},"114":{"start":{"line":288,"column":34},"end":{"line":311,"column":null}},"115":{"start":{"line":289,"column":27},"end":{"line":289,"column":null}},"116":{"start":{"line":290,"column":24},"end":{"line":290,"column":null}},"117":{"start":{"line":293,"column":29},"end":{"line":293,"column":null}},"118":{"start":{"line":293,"column":51},"end":{"line":293,"column":55}},"119":{"start":{"line":294,"column":46},"end":{"line":297,"column":null}},"120":{"start":{"line":299,"column":33},"end":{"line":302,"column":null}},"121":{"start":{"line":305,"column":60},"end":{"line":305,"column":null}},"122":{"start":{"line":306,"column":6},"end":{"line":308,"column":null}},"123":{"start":{"line":307,"column":8},"end":{"line":307,"column":null}},"124":{"start":{"line":310,"column":6},"end":{"line":310,"column":null}},"125":{"start":{"line":313,"column":4},"end":{"line":315,"column":null}},"126":{"start":{"line":314,"column":6},"end":{"line":314,"column":null}},"127":{"start":{"line":318,"column":2},"end":{"line":323,"column":null}},"128":{"start":{"line":320,"column":4},"end":{"line":320,"column":null}},"129":{"start":{"line":321,"column":25},"end":{"line":321,"column":null}},"130":{"start":{"line":322,"column":4},"end":{"line":322,"column":null}},"131":{"start":{"line":357,"column":2},"end":{"line":365,"column":null}},"132":{"start":{"line":390,"column":29},"end":{"line":390,"column":null}},"133":{"start":{"line":406,"column":27},"end":{"line":406,"column":null}},"134":{"start":{"line":420,"column":27},"end":{"line":420,"column":null}},"135":{"start":{"line":434,"column":27},"end":{"line":434,"column":null}},"136":{"start":{"line":526,"column":20},"end":{"line":601,"column":null}},"137":{"start":{"line":527,"column":47},"end":{"line":527,"column":108}},"138":{"start":{"line":528,"column":37},"end":{"line":528,"column":109}},"139":{"start":{"line":529,"column":38},"end":{"line":529,"column":64}},"140":{"start":{"line":531,"column":22},"end":{"line":532,"column":50}},"141":{"start":{"line":614,"column":22},"end":{"line":614,"column":42}},"142":{"start":{"line":666,"column":37},"end":{"line":666,"column":null}},"143":{"start":{"line":685,"column":41},"end":{"line":685,"column":null}},"144":{"start":{"line":698,"column":43},"end":{"line":698,"column":null}},"145":{"start":{"line":708,"column":43},"end":{"line":708,"column":null}},"146":{"start":{"line":721,"column":41},"end":{"line":721,"column":null}},"147":{"start":{"line":738,"column":37},"end":{"line":738,"column":null}},"148":{"start":{"line":750,"column":31},"end":{"line":750,"column":46}},"149":{"start":{"line":751,"column":16},"end":{"line":752,"column":35}},"150":{"start":{"line":764,"column":39},"end":{"line":764,"column":null}}},"fnMap":{"0":{"name":"AdminDashboard","decl":{"start":{"line":33,"column":24},"end":{"line":33,"column":null}},"loc":{"start":{"line":33,"column":24},"end":{"line":803,"column":null}}},"1":{"name":"(anonymous_6)","decl":{"start":{"line":62,"column":13},"end":{"line":62,"column":19}},"loc":{"start":{"line":62,"column":19},"end":{"line":62,"column":null}}},"2":{"name":"(anonymous_7)","decl":{"start":{"line":71,"column":21},"end":{"line":71,"column":26}},"loc":{"start":{"line":71,"column":26},"end":{"line":71,"column":30}}},"3":{"name":"(anonymous_8)","decl":{"start":{"line":74,"column":40},"end":{"line":74,"column":47}},"loc":{"start":{"line":74,"column":47},"end":{"line":141,"column":5}}},"4":{"name":"(anonymous_9)","decl":{"start":{"line":77,"column":44},"end":{"line":77,"column":49}},"loc":{"start":{"line":77,"column":49},"end":{"line":77,"column":53}}},"5":{"name":"(anonymous_10)","decl":{"start":{"line":135,"column":20},"end":{"line":135,"column":29}},"loc":{"start":{"line":135,"column":29},"end":{"line":135,"column":null}}},"6":{"name":"(anonymous_11)","decl":{"start":{"line":143,"column":40},"end":{"line":143,"column":null}},"loc":{"start":{"line":143,"column":40},"end":{"line":238,"column":5}}},"7":{"name":"(anonymous_12)","decl":{"start":{"line":170,"column":48},"end":{"line":170,"column":53}},"loc":{"start":{"line":170,"column":53},"end":{"line":170,"column":121}}},"8":{"name":"(anonymous_13)","decl":{"start":{"line":190,"column":59},"end":{"line":190,"column":60}},"loc":{"start":{"line":190,"column":70},"end":{"line":204,"column":null}}},"9":{"name":"(anonymous_14)","decl":{"start":{"line":212,"column":57},"end":{"line":212,"column":62}},"loc":{"start":{"line":212,"column":62},"end":{"line":212,"column":66}}},"10":{"name":"(anonymous_15)","decl":{"start":{"line":225,"column":33},"end":{"line":225,"column":34}},"loc":{"start":{"line":225,"column":39},"end":{"line":227,"column":null}}},"11":{"name":"(anonymous_16)","decl":{"start":{"line":241,"column":16},"end":{"line":241,"column":17}},"loc":{"start":{"line":241,"column":17},"end":{"line":264,"column":7}}},"12":{"name":"(anonymous_17)","decl":{"start":{"line":247,"column":24},"end":{"line":247,"column":33}},"loc":{"start":{"line":247,"column":33},"end":{"line":257,"column":null}}},"13":{"name":"(anonymous_18)","decl":{"start":{"line":267,"column":26},"end":{"line":267,"column":27}},"loc":{"start":{"line":267,"column":27},"end":{"line":272,"column":null}}},"14":{"name":"(anonymous_19)","decl":{"start":{"line":274,"column":27},"end":{"line":274,"column":null}},"loc":{"start":{"line":274,"column":27},"end":{"line":284,"column":null}}},"15":{"name":"(anonymous_20)","decl":{"start":{"line":287,"column":12},"end":{"line":287,"column":null}},"loc":{"start":{"line":287,"column":12},"end":{"line":316,"column":5}}},"16":{"name":"(anonymous_21)","decl":{"start":{"line":288,"column":34},"end":{"line":288,"column":null}},"loc":{"start":{"line":288,"column":34},"end":{"line":311,"column":null}}},"17":{"name":"(anonymous_22)","decl":{"start":{"line":293,"column":46},"end":{"line":293,"column":51}},"loc":{"start":{"line":293,"column":51},"end":{"line":293,"column":55}}},"18":{"name":"(anonymous_23)","decl":{"start":{"line":306,"column":33},"end":{"line":306,"column":34}},"loc":{"start":{"line":306,"column":39},"end":{"line":308,"column":null}}},"19":{"name":"(anonymous_24)","decl":{"start":{"line":318,"column":12},"end":{"line":318,"column":null}},"loc":{"start":{"line":318,"column":12},"end":{"line":323,"column":5}}},"20":{"name":"(anonymous_26)","decl":{"start":{"line":390,"column":23},"end":{"line":390,"column":29}},"loc":{"start":{"line":390,"column":29},"end":{"line":390,"column":null}}},"21":{"name":"(anonymous_27)","decl":{"start":{"line":406,"column":21},"end":{"line":406,"column":27}},"loc":{"start":{"line":406,"column":27},"end":{"line":406,"column":null}}},"22":{"name":"(anonymous_28)","decl":{"start":{"line":420,"column":21},"end":{"line":420,"column":27}},"loc":{"start":{"line":420,"column":27},"end":{"line":420,"column":null}}},"23":{"name":"(anonymous_29)","decl":{"start":{"line":434,"column":21},"end":{"line":434,"column":27}},"loc":{"start":{"line":434,"column":27},"end":{"line":434,"column":null}}},"24":{"name":"(anonymous_30)","decl":{"start":{"line":525,"column":20},"end":{"line":525,"column":null}},"loc":{"start":{"line":525,"column":20},"end":{"line":602,"column":null}}},"25":{"name":"(anonymous_31)","decl":{"start":{"line":526,"column":56},"end":{"line":526,"column":57}},"loc":{"start":{"line":526,"column":57},"end":{"line":601,"column":null}}},"26":{"name":"(anonymous_32)","decl":{"start":{"line":613,"column":43},"end":{"line":613,"column":44}},"loc":{"start":{"line":614,"column":22},"end":{"line":614,"column":42}}},"27":{"name":"(anonymous_33)","decl":{"start":{"line":666,"column":31},"end":{"line":666,"column":37}},"loc":{"start":{"line":666,"column":37},"end":{"line":666,"column":null}}},"28":{"name":"(anonymous_34)","decl":{"start":{"line":685,"column":34},"end":{"line":685,"column":35}},"loc":{"start":{"line":685,"column":41},"end":{"line":685,"column":null}}},"29":{"name":"(anonymous_35)","decl":{"start":{"line":698,"column":36},"end":{"line":698,"column":37}},"loc":{"start":{"line":698,"column":43},"end":{"line":698,"column":null}}},"30":{"name":"(anonymous_36)","decl":{"start":{"line":708,"column":36},"end":{"line":708,"column":37}},"loc":{"start":{"line":708,"column":43},"end":{"line":708,"column":null}}},"31":{"name":"(anonymous_37)","decl":{"start":{"line":721,"column":34},"end":{"line":721,"column":35}},"loc":{"start":{"line":721,"column":41},"end":{"line":721,"column":null}}},"32":{"name":"(anonymous_38)","decl":{"start":{"line":738,"column":31},"end":{"line":738,"column":37}},"loc":{"start":{"line":738,"column":37},"end":{"line":738,"column":null}}},"33":{"name":"(anonymous_39)","decl":{"start":{"line":749,"column":65},"end":{"line":749,"column":66}},"loc":{"start":{"line":749,"column":66},"end":{"line":796,"column":null}}},"34":{"name":"(anonymous_40)","decl":{"start":{"line":764,"column":33},"end":{"line":764,"column":39}},"loc":{"start":{"line":764,"column":39},"end":{"line":764,"column":null}}}},"branchMap":{"0":{"loc":{"start":{"line":91,"column":10},"end":{"line":100,"column":null}},"type":"if","locations":[{"start":{"line":91,"column":10},"end":{"line":100,"column":null}},{"start":{},"end":{}}]},"1":{"loc":{"start":{"line":102,"column":30},"end":{"line":104,"column":132}},"type":"binary-expr","locations":[{"start":{"line":102,"column":30},"end":{"line":102,"column":133}},{"start":{"line":103,"column":12},"end":{"line":103,"column":152}},{"start":{"line":104,"column":12},"end":{"line":104,"column":132}}]},"2":{"loc":{"start":{"line":106,"column":26},"end":{"line":107,"column":null}},"type":"binary-expr","locations":[{"start":{"line":106,"column":26},"end":{"line":106,"column":null}},{"start":{"line":107,"column":13},"end":{"line":107,"column":null}}]},"3":{"loc":{"start":{"line":109,"column":10},"end":{"line":129,"column":null}},"type":"if","locations":[{"start":{"line":109,"column":10},"end":{"line":129,"column":null}},{"start":{"line":127,"column":17},"end":{"line":129,"column":null}}]},"4":{"loc":{"start":{"line":109,"column":14},"end":{"line":109,"column":39}},"type":"binary-expr","locations":[{"start":{"line":109,"column":14},"end":{"line":109,"column":29}},{"start":{"line":109,"column":29},"end":{"line":109,"column":39}}]},"5":{"loc":{"start":{"line":117,"column":12},"end":{"line":126,"column":null}},"type":"if","locations":[{"start":{"line":117,"column":12},"end":{"line":126,"column":null}},{"start":{},"end":{}}]},"6":{"loc":{"start":{"line":127,"column":17},"end":{"line":129,"column":null}},"type":"if","locations":[{"start":{"line":127,"column":17},"end":{"line":129,"column":null}},{"start":{},"end":{}}]},"7":{"loc":{"start":{"line":168,"column":8},"end":{"line":182,"column":null}},"type":"if","locations":[{"start":{"line":168,"column":8},"end":{"line":182,"column":null}},{"start":{},"end":{}}]},"8":{"loc":{"start":{"line":169,"column":27},"end":{"line":169,"column":null}},"type":"cond-expr","locations":[{"start":{"line":169,"column":51},"end":{"line":169,"column":64}},{"start":{"line":169,"column":64},"end":{"line":169,"column":null}}]},"9":{"loc":{"start":{"line":170,"column":53},"end":{"line":170,"column":121}},"type":"binary-expr","locations":[{"start":{"line":170,"column":53},"end":{"line":170,"column":80}},{"start":{"line":170,"column":84},"end":{"line":170,"column":111}},{"start":{"line":170,"column":111},"end":{"line":170,"column":121}}]},"10":{"loc":{"start":{"line":172,"column":10},"end":{"line":181,"column":null}},"type":"if","locations":[{"start":{"line":172,"column":10},"end":{"line":181,"column":null}},{"start":{},"end":{}}]},"11":{"loc":{"start":{"line":244,"column":32},"end":{"line":244,"column":null}},"type":"binary-expr","locations":[{"start":{"line":244,"column":32},"end":{"line":244,"column":66}},{"start":{"line":244,"column":66},"end":{"line":244,"column":null}}]},"12":{"loc":{"start":{"line":246,"column":8},"end":{"line":260,"column":null}},"type":"if","locations":[{"start":{"line":246,"column":8},"end":{"line":260,"column":null}},{"start":{"line":258,"column":15},"end":{"line":260,"column":null}}]},"13":{"loc":{"start":{"line":246,"column":12},"end":{"line":246,"column":65}},"type":"binary-expr","locations":[{"start":{"line":246,"column":12},"end":{"line":246,"column":31}},{"start":{"line":246,"column":31},"end":{"line":246,"column":49}},{"start":{"line":246,"column":53},"end":{"line":246,"column":65}}]},"14":{"loc":{"start":{"line":258,"column":15},"end":{"line":260,"column":null}},"type":"if","locations":[{"start":{"line":258,"column":15},"end":{"line":260,"column":null}},{"start":{},"end":{}}]},"15":{"loc":{"start":{"line":269,"column":19},"end":{"line":269,"column":null}},"type":"binary-expr","locations":[{"start":{"line":269,"column":19},"end":{"line":269,"column":34}},{"start":{"line":269,"column":38},"end":{"line":269,"column":null}}]},"16":{"loc":{"start":{"line":275,"column":4},"end":{"line":283,"column":null}},"type":"if","locations":[{"start":{"line":275,"column":4},"end":{"line":283,"column":null}},{"start":{},"end":{}}]},"17":{"loc":{"start":{"line":275,"column":8},"end":{"line":275,"column":37}},"type":"binary-expr","locations":[{"start":{"line":275,"column":8},"end":{"line":275,"column":25}},{"start":{"line":275,"column":25},"end":{"line":275,"column":37}}]},"18":{"loc":{"start":{"line":313,"column":4},"end":{"line":315,"column":null}},"type":"if","locations":[{"start":{"line":313,"column":4},"end":{"line":315,"column":null}},{"start":{},"end":{}}]},"19":{"loc":{"start":{"line":347,"column":11},"end":{"line":347,"column":23}},"type":"binary-expr","locations":[{"start":{"line":347,"column":11},"end":{"line":347,"column":23}}]},"20":{"loc":{"start":{"line":348,"column":11},"end":{"line":348,"column":20}},"type":"binary-expr","locations":[{"start":{"line":348,"column":11},"end":{"line":348,"column":20}}]},"21":{"loc":{"start":{"line":351,"column":38},"end":{"line":351,"column":55}},"type":"binary-expr","locations":[{"start":{"line":351,"column":38},"end":{"line":351,"column":51}},{"start":{"line":351,"column":51},"end":{"line":351,"column":55}}]},"22":{"loc":{"start":{"line":357,"column":2},"end":{"line":365,"column":null}},"type":"if","locations":[{"start":{"line":357,"column":2},"end":{"line":365,"column":null}},{"start":{},"end":{}}]},"23":{"loc":{"start":{"line":394,"column":47},"end":{"line":394,"column":78}},"type":"cond-expr","locations":[{"start":{"line":394,"column":57},"end":{"line":394,"column":74}},{"start":{"line":394,"column":74},"end":{"line":394,"column":78}}]},"24":{"loc":{"start":{"line":407,"column":83},"end":{"line":407,"column":null}},"type":"cond-expr","locations":[{"start":{"line":407,"column":110},"end":{"line":407,"column":128}},{"start":{"line":407,"column":128},"end":{"line":407,"column":null}}]},"25":{"loc":{"start":{"line":411,"column":13},"end":{"line":411,"column":null}},"type":"binary-expr","locations":[{"start":{"line":411,"column":13},"end":{"line":411,"column":null}}]},"26":{"loc":{"start":{"line":421,"column":83},"end":{"line":421,"column":null}},"type":"cond-expr","locations":[{"start":{"line":421,"column":110},"end":{"line":421,"column":128}},{"start":{"line":421,"column":128},"end":{"line":421,"column":null}}]},"27":{"loc":{"start":{"line":425,"column":13},"end":{"line":425,"column":null}},"type":"binary-expr","locations":[{"start":{"line":425,"column":13},"end":{"line":425,"column":null}}]},"28":{"loc":{"start":{"line":435,"column":101},"end":{"line":435,"column":null}},"type":"cond-expr","locations":[{"start":{"line":435,"column":130},"end":{"line":435,"column":148}},{"start":{"line":435,"column":148},"end":{"line":435,"column":null}}]},"29":{"loc":{"start":{"line":438,"column":45},"end":{"line":438,"column":109}},"type":"cond-expr","locations":[{"start":{"line":438,"column":74},"end":{"line":438,"column":92}},{"start":{"line":438,"column":92},"end":{"line":438,"column":109}}]},"30":{"loc":{"start":{"line":440,"column":13},"end":{"line":440,"column":null}},"type":"binary-expr","locations":[{"start":{"line":440,"column":13},"end":{"line":440,"column":null}}]},"31":{"loc":{"start":{"line":447,"column":10},"end":{"line":643,"column":26}},"type":"cond-expr","locations":[{"start":{"line":447,"column":10},"end":{"line":643,"column":26}}]},"32":{"loc":{"start":{"line":470,"column":23},"end":{"line":470,"column":null}},"type":"cond-expr","locations":[{"start":{"line":470,"column":52},"end":{"line":470,"column":70}},{"start":{"line":470,"column":70},"end":{"line":470,"column":null}}]},"33":{"loc":{"start":{"line":477,"column":23},"end":{"line":477,"column":null}},"type":"cond-expr","locations":[{"start":{"line":477,"column":47},"end":{"line":477,"column":67}},{"start":{"line":477,"column":67},"end":{"line":477,"column":null}}]},"34":{"loc":{"start":{"line":527,"column":47},"end":{"line":527,"column":108}},"type":"binary-expr","locations":[{"start":{"line":527,"column":47},"end":{"line":527,"column":81}},{"start":{"line":527,"column":85},"end":{"line":527,"column":108}}]},"35":{"loc":{"start":{"line":541,"column":72},"end":{"line":543,"column":null}},"type":"cond-expr","locations":[{"start":{"line":541,"column":123},"end":{"line":541,"column":null}},{"start":{"line":542,"column":36},"end":{"line":543,"column":null}}]},"36":{"loc":{"start":{"line":542,"column":36},"end":{"line":543,"column":null}},"type":"cond-expr","locations":[{"start":{"line":542,"column":83},"end":{"line":542,"column":null}},{"start":{"line":543,"column":38},"end":{"line":543,"column":null}}]},"37":{"loc":{"start":{"line":543,"column":38},"end":{"line":543,"column":null}},"type":"cond-expr","locations":[{"start":{"line":543,"column":87},"end":{"line":543,"column":107}},{"start":{"line":543,"column":107},"end":{"line":543,"column":null}}]},"38":{"loc":{"start":{"line":552,"column":121},"end":{"line":556,"column":null}},"type":"cond-expr","locations":[{"start":{"line":553,"column":34},"end":{"line":553,"column":null}},{"start":{"line":554,"column":34},"end":{"line":556,"column":null}}]},"39":{"loc":{"start":{"line":554,"column":34},"end":{"line":556,"column":null}},"type":"cond-expr","locations":[{"start":{"line":555,"column":36},"end":{"line":555,"column":null}},{"start":{"line":556,"column":36},"end":{"line":556,"column":null}}]},"40":{"loc":{"start":{"line":562,"column":33},"end":{"line":562,"column":75}},"type":"binary-expr","locations":[{"start":{"line":562,"column":33},"end":{"line":562,"column":75}}]},"41":{"loc":{"start":{"line":572,"column":30},"end":{"line":590,"column":31}},"type":"cond-expr","locations":[{"start":{"line":572,"column":30},"end":{"line":590,"column":31}}]},"42":{"loc":{"start":{"line":613,"column":20},"end":{"line":614,"column":42}},"type":"cond-expr","locations":[{"start":{"line":613,"column":20},"end":{"line":614,"column":42}}]},"43":{"loc":{"start":{"line":615,"column":50},"end":{"line":617,"column":null}},"type":"cond-expr","locations":[{"start":{"line":615,"column":111},"end":{"line":615,"column":null}},{"start":{"line":616,"column":26},"end":{"line":617,"column":null}}]},"44":{"loc":{"start":{"line":615,"column":50},"end":{"line":615,"column":111}},"type":"binary-expr","locations":[{"start":{"line":615,"column":50},"end":{"line":615,"column":79}},{"start":{"line":615,"column":79},"end":{"line":615,"column":111}}]},"45":{"loc":{"start":{"line":616,"column":26},"end":{"line":617,"column":null}},"type":"cond-expr","locations":[{"start":{"line":616,"column":56},"end":{"line":616,"column":null}},{"start":{"line":617,"column":28},"end":{"line":617,"column":null}}]},"46":{"loc":{"start":{"line":620,"column":28},"end":{"line":621,"column":36}},"type":"cond-expr","locations":[{"start":{"line":620,"column":28},"end":{"line":621,"column":36}}]},"47":{"loc":{"start":{"line":619,"column":27},"end":{"line":619,"column":null}},"type":"binary-expr","locations":[{"start":{"line":619,"column":27},"end":{"line":619,"column":56}},{"start":{"line":619,"column":56},"end":{"line":619,"column":null}}]},"48":{"loc":{"start":{"line":622,"column":28},"end":{"line":624,"column":29}},"type":"cond-expr","locations":[{"start":{"line":622,"column":28},"end":{"line":624,"column":29}}]},"49":{"loc":{"start":{"line":644,"column":10},"end":{"line":648,"column":11}},"type":"cond-expr","locations":[{"start":{"line":644,"column":10},"end":{"line":648,"column":11}}]},"50":{"loc":{"start":{"line":650,"column":13},"end":{"line":650,"column":30}},"type":"binary-expr","locations":[{"start":{"line":650,"column":13},"end":{"line":650,"column":30}},{"start":{"line":650,"column":30},"end":{"line":650,"column":null}}]},"51":{"loc":{"start":{"line":720,"column":31},"end":{"line":720,"column":null}},"type":"binary-expr","locations":[{"start":{"line":720,"column":31},"end":{"line":720,"column":67}},{"start":{"line":720,"column":71},"end":{"line":720,"column":null}}]},"52":{"loc":{"start":{"line":721,"column":99},"end":{"line":721,"column":122}},"type":"binary-expr","locations":[{"start":{"line":721,"column":99},"end":{"line":721,"column":113}},{"start":{"line":721,"column":117},"end":{"line":721,"column":122}}]},"53":{"loc":{"start":{"line":755,"column":63},"end":{"line":757,"column":null}},"type":"cond-expr","locations":[{"start":{"line":755,"column":86},"end":{"line":755,"column":null}},{"start":{"line":756,"column":26},"end":{"line":757,"column":null}}]},"54":{"loc":{"start":{"line":756,"column":26},"end":{"line":757,"column":null}},"type":"cond-expr","locations":[{"start":{"line":756,"column":45},"end":{"line":756,"column":null}},{"start":{"line":757,"column":28},"end":{"line":757,"column":null}}]},"55":{"loc":{"start":{"line":757,"column":28},"end":{"line":757,"column":null}},"type":"cond-expr","locations":[{"start":{"line":757,"column":49},"end":{"line":757,"column":83}},{"start":{"line":757,"column":83},"end":{"line":757,"column":null}}]},"56":{"loc":{"start":{"line":779,"column":58},"end":{"line":779,"column":117}},"type":"cond-expr","locations":[{"start":{"line":779,"column":82},"end":{"line":779,"column":99}},{"start":{"line":779,"column":99},"end":{"line":779,"column":117}}]},"57":{"loc":{"start":{"line":780,"column":27},"end":{"line":780,"column":null}},"type":"cond-expr","locations":[{"start":{"line":780,"column":51},"end":{"line":780,"column":59}},{"start":{"line":780,"column":59},"end":{"line":780,"column":null}}]},"58":{"loc":{"start":{"line":785,"column":58},"end":{"line":785,"column":123}},"type":"cond-expr","locations":[{"start":{"line":785,"column":87},"end":{"line":785,"column":105}},{"start":{"line":785,"column":105},"end":{"line":785,"column":123}}]},"59":{"loc":{"start":{"line":786,"column":27},"end":{"line":786,"column":null}},"type":"cond-expr","locations":[{"start":{"line":786,"column":56},"end":{"line":786,"column":70}},{"start":{"line":786,"column":70},"end":{"line":786,"column":null}}]},"60":{"loc":{"start":{"line":791,"column":25},"end":{"line":791,"column":null}},"type":"binary-expr","locations":[{"start":{"line":791,"column":25},"end":{"line":791,"column":57}},{"start":{"line":791,"column":61},"end":{"line":791,"column":null}}]}},"s":{"0":0,"1":0,"2":0,"3":0,"4":0,"5":0,"6":0,"7":0,"8":0,"9":0,"10":0,"11":0,"12":0,"13":0,"14":0,"15":0,"16":0,"17":0,"18":0,"19":0,"20":0,"21":0,"22":0,"23":0,"24":0,"25":0,"26":0,"27":0,"28":0,"29":0,"30":0,"31":0,"32":0,"33":0,"34":0,"35":0,"36":0,"37":0,"38":0,"39":0,"40":0,"41":0,"42":0,"43":0,"44":0,"45":0,"46":0,"47":0,"48":0,"49":0,"50":0,"51":0,"52":0,"53":0,"54":0,"55":0,"56":0,"57":0,"58":0,"59":0,"60":0,"61":0,"62":0,"63":0,"64":0,"65":0,"66":0,"67":0,"68":0,"69":0,"70":0,"71":0,"72":0,"73":0,"74":0,"75":0,"76":0,"77":0,"78":0,"79":0,"80":0,"81":0,"82":0,"83":0,"84":0,"85":0,"86":0,"87":0,"88":0,"89":0,"90":0,"91":0,"92":0,"93":0,"94":0,"95":0,"96":0,"97":0,"98":0,"99":0,"100":0,"101":0,"102":0,"103":0,"104":0,"105":0,"106":0,"107":0,"108":0,"109":0,"110":0,"111":0,"112":0,"113":0,"114":0,"115":0,"116":0,"117":0,"118":0,"119":0,"120":0,"121":0,"122":0,"123":0,"124":0,"125":0,"126":0,"127":0,"128":0,"129":0,"130":0,"131":0,"132":0,"133":0,"134":0,"135":0,"136":0,"137":0,"138":0,"139":0,"140":0,"141":0,"142":0,"143":0,"144":0,"145":0,"146":0,"147":0,"148":0,"149":0,"150":0},"f":{"0":0,"1":0,"2":0,"3":0,"4":0,"5":0,"6":0,"7":0,"8":0,"9":0,"10":0,"11":0,"12":0,"13":0,"14":0,"15":0,"16":0,"17":0,"18":0,"19":0,"20":0,"21":0,"22":0,"23":0,"24":0,"25":0,"26":0,"27":0,"28":0,"29":0,"30":0,"31":0,"32":0,"33":0,"34":0},"b":{"0":[0,0],"1":[0,0,0],"2":[0,0],"3":[0,0],"4":[0,0],"5":[0,0],"6":[0,0],"7":[0,0],"8":[0,0],"9":[0,0,0],"10":[0,0],"11":[0,0],"12":[0,0],"13":[0,0,0],"14":[0,0],"15":[0,0],"16":[0,0],"17":[0,0],"18":[0,0],"19":[0],"20":[0],"21":[0,0],"22":[0,0],"23":[0,0],"24":[0,0],"25":[0],"26":[0,0],"27":[0],"28":[0,0],"29":[0,0],"30":[0],"31":[0],"32":[0,0],"33":[0,0],"34":[0,0],"35":[0,0],"36":[0,0],"37":[0,0],"38":[0,0],"39":[0,0],"40":[0],"41":[0],"42":[0],"43":[0,0],"44":[0,0],"45":[0,0],"46":[0],"47":[0,0],"48":[0],"49":[0],"50":[0,0],"51":[0,0],"52":[0,0],"53":[0,0],"54":[0,0],"55":[0,0],"56":[0,0],"57":[0,0],"58":[0,0],"59":[0,0],"60":[0,0]}}
,"D:\\contri\\GreenPass-main\\src\\components\\ConnectionStatusIndicator.tsx": {"path":"D:\\contri\\GreenPass-main\\src\\components\\ConnectionStatusIndicator.tsx","statementMap":{"0":{"start":{"line":16,"column":24},"end":{"line":16,"column":50}},"1":{"start":{"line":3,"column":18},"end":{"line":3,"column":null}},"2":{"start":{"line":4,"column":41},"end":{"line":4,"column":null}},"3":{"start":{"line":22,"column":2},"end":{"line":22,"column":null}},"4":{"start":{"line":22,"column":39},"end":{"line":22,"column":null}},"5":{"start":{"line":24,"column":26},"end":{"line":55,"column":null}},"6":{"start":{"line":25,"column":4},"end":{"line":54,"column":null}},"7":{"start":{"line":27,"column":8},"end":{"line":34,"column":null}},"8":{"start":{"line":36,"column":8},"end":{"line":43,"column":null}},"9":{"start":{"line":46,"column":8},"end":{"line":53,"column":null}},"10":{"start":{"line":57,"column":17},"end":{"line":57,"column":null}},"11":{"start":{"line":58,"column":15},"end":{"line":58,"column":26}},"12":{"start":{"line":72,"column":12},"end":{"line":72,"column":null}},"13":{"start":{"line":73,"column":12},"end":{"line":73,"column":null}},"14":{"start":{"line":74,"column":12},"end":{"line":74,"column":null}}},"fnMap":{"0":{"name":"ConnectionStatusIndicator","decl":{"start":{"line":16,"column":24},"end":{"line":16,"column":50}},"loc":{"start":{"line":20,"column":33},"end":{"line":85,"column":null}}},"1":{"name":"(anonymous_3)","decl":{"start":{"line":24,"column":26},"end":{"line":24,"column":null}},"loc":{"start":{"line":24,"column":26},"end":{"line":55,"column":null}}},"2":{"name":"(anonymous_4)","decl":{"start":{"line":71,"column":19},"end":{"line":71,"column":20}},"loc":{"start":{"line":71,"column":20},"end":{"line":75,"column":null}}}},"branchMap":{"0":{"loc":{"start":{"line":19,"column":2},"end":{"line":19,"column":16}},"type":"default-arg","locations":[{"start":{"line":19,"column":14},"end":{"line":19,"column":16}}]},"1":{"loc":{"start":{"line":22,"column":2},"end":{"line":22,"column":null}},"type":"if","locations":[{"start":{"line":22,"column":2},"end":{"line":22,"column":null}},{"start":{},"end":{}}]},"2":{"loc":{"start":{"line":25,"column":4},"end":{"line":54,"column":null}},"type":"switch","locations":[{"start":{"line":26,"column":6},"end":{"line":34,"column":null}},{"start":{"line":35,"column":6},"end":{"line":43,"column":null}},{"start":{"line":44,"column":6},"end":{"line":44,"column":null}},{"start":{"line":45,"column":6},"end":{"line":53,"column":null}}]},"3":{"loc":{"start":{"line":69,"column":7},"end":{"line":69,"column":38}},"type":"binary-expr","locations":[{"start":{"line":69,"column":7},"end":{"line":69,"column":38}},{"start":{"line":69,"column":38},"end":{"line":69,"column":null}}]}},"s":{"0":0,"1":0,"2":0,"3":0,"4":0,"5":0,"6":0,"7":0,"8":0,"9":0,"10":0,"11":0,"12":0,"13":0,"14":0},"f":{"0":0,"1":0,"2":0},"b":{"0":[0],"1":[0,0],"2":[0,0,0,0],"3":[0,0]}}
,"D:\\contri\\GreenPass-main\\src\\components\\DatabaseStatusBanner.tsx": {"path":"D:\\contri\\GreenPass-main\\src\\components\\DatabaseStatusBanner.tsx","statementMap":{"0":{"start":{"line":7,"column":24},"end":{"line":7,"column":null}},"1":{"start":{"line":3,"column":43},"end":{"line":3,"column":null}},"2":{"start":{"line":4,"column":54},"end":{"line":4,"column":null}},"3":{"start":{"line":5,"column":39},"end":{"line":5,"column":null}},"4":{"start":{"line":8,"column":34},"end":{"line":12,"column":null}},"5":{"start":{"line":13,"column":36},"end":{"line":13,"column":null}},"6":{"start":{"line":15,"column":2},"end":{"line":27,"column":null}},"7":{"start":{"line":16,"column":28},"end":{"line":24,"column":null}},"8":{"start":{"line":17,"column":21},"end":{"line":17,"column":null}},"9":{"start":{"line":18,"column":6},"end":{"line":18,"column":null}},"10":{"start":{"line":21,"column":6},"end":{"line":23,"column":null}},"11":{"start":{"line":22,"column":8},"end":{"line":22,"column":null}},"12":{"start":{"line":26,"column":4},"end":{"line":26,"column":null}},"13":{"start":{"line":29,"column":2},"end":{"line":31,"column":null}},"14":{"start":{"line":30,"column":4},"end":{"line":30,"column":null}},"15":{"start":{"line":33,"column":27},"end":{"line":58,"column":null}},"16":{"start":{"line":34,"column":4},"end":{"line":41,"column":null}},"17":{"start":{"line":35,"column":6},"end":{"line":40,"column":null}},"18":{"start":{"line":43,"column":4},"end":{"line":50,"column":null}},"19":{"start":{"line":44,"column":6},"end":{"line":49,"column":null}},"20":{"start":{"line":52,"column":4},"end":{"line":57,"column":null}},"21":{"start":{"line":60,"column":18},"end":{"line":60,"column":null}},"22":{"start":{"line":61,"column":18},"end":{"line":61,"column":null}},"23":{"start":{"line":62,"column":20},"end":{"line":62,"column":null}},"24":{"start":{"line":63,"column":20},"end":{"line":63,"column":null}},"25":{"start":{"line":86,"column":31},"end":{"line":86,"column":null}},"26":{"start":{"line":95,"column":31},"end":{"line":95,"column":null}}},"fnMap":{"0":{"name":"DatabaseStatusBanner","decl":{"start":{"line":7,"column":24},"end":{"line":7,"column":null}},"loc":{"start":{"line":7,"column":24},"end":{"line":108,"column":null}}},"1":{"name":"(anonymous_5)","decl":{"start":{"line":15,"column":12},"end":{"line":15,"column":null}},"loc":{"start":{"line":15,"column":12},"end":{"line":27,"column":5}}},"2":{"name":"(anonymous_6)","decl":{"start":{"line":16,"column":28},"end":{"line":16,"column":null}},"loc":{"start":{"line":16,"column":28},"end":{"line":24,"column":null}}},"3":{"name":"(anonymous_7)","decl":{"start":{"line":33,"column":27},"end":{"line":33,"column":null}},"loc":{"start":{"line":33,"column":27},"end":{"line":58,"column":null}}},"4":{"name":"(anonymous_8)","decl":{"start":{"line":86,"column":25},"end":{"line":86,"column":31}},"loc":{"start":{"line":86,"column":31},"end":{"line":86,"column":null}}},"5":{"name":"(anonymous_9)","decl":{"start":{"line":95,"column":25},"end":{"line":95,"column":31}},"loc":{"start":{"line":95,"column":31},"end":{"line":95,"column":null}}}},"branchMap":{"0":{"loc":{"start":{"line":21,"column":6},"end":{"line":23,"column":null}},"type":"if","locations":[{"start":{"line":21,"column":6},"end":{"line":23,"column":null}},{"start":{},"end":{}}]},"1":{"loc":{"start":{"line":21,"column":10},"end":{"line":21,"column":50}},"type":"binary-expr","locations":[{"start":{"line":21,"column":10},"end":{"line":21,"column":27}},{"start":{"line":21,"column":31},"end":{"line":21,"column":50}}]},"2":{"loc":{"start":{"line":29,"column":2},"end":{"line":31,"column":null}},"type":"if","locations":[{"start":{"line":29,"column":2},"end":{"line":31,"column":null}},{"start":{},"end":{}}]},"3":{"loc":{"start":{"line":29,"column":6},"end":{"line":29,"column":76}},"type":"binary-expr","locations":[{"start":{"line":29,"column":6},"end":{"line":29,"column":20}},{"start":{"line":29,"column":20},"end":{"line":29,"column":34}},{"start":{"line":29,"column":34},"end":{"line":29,"column":52}},{"start":{"line":29,"column":56},"end":{"line":29,"column":76}}]},"4":{"loc":{"start":{"line":34,"column":4},"end":{"line":41,"column":null}},"type":"if","locations":[{"start":{"line":34,"column":4},"end":{"line":41,"column":null}},{"start":{},"end":{}}]},"5":{"loc":{"start":{"line":43,"column":4},"end":{"line":50,"column":null}},"type":"if","locations":[{"start":{"line":43,"column":4},"end":{"line":50,"column":null}},{"start":{},"end":{}}]},"6":{"loc":{"start":{"line":54,"column":15},"end":{"line":54,"column":null}},"type":"binary-expr","locations":[{"start":{"line":54,"column":15},"end":{"line":54,"column":29}},{"start":{"line":54,"column":33},"end":{"line":54,"column":null}}]},"7":{"loc":{"start":{"line":61,"column":18},"end":{"line":61,"column":null}},"type":"cond-expr","locations":[{"start":{"line":61,"column":45},"end":{"line":61,"column":74}},{"start":{"line":61,"column":74},"end":{"line":61,"column":null}}]},"8":{"loc":{"start":{"line":62,"column":20},"end":{"line":62,"column":null}},"type":"cond-expr","locations":[{"start":{"line":62,"column":47},"end":{"line":62,"column":64}},{"start":{"line":62,"column":64},"end":{"line":62,"column":null}}]},"9":{"loc":{"start":{"line":63,"column":20},"end":{"line":63,"column":null}},"type":"cond-expr","locations":[{"start":{"line":63,"column":47},"end":{"line":63,"column":64}},{"start":{"line":63,"column":64},"end":{"line":63,"column":null}}]},"10":{"loc":{"start":{"line":70,"column":12},"end":{"line":72,"column":13}},"type":"cond-expr","locations":[{"start":{"line":70,"column":12},"end":{"line":72,"column":13}}]},"11":{"loc":{"start":{"line":88,"column":18},"end":{"line":88,"column":null}},"type":"cond-expr","locations":[{"start":{"line":88,"column":45},"end":{"line":88,"column":81}},{"start":{"line":88,"column":81},"end":{"line":88,"column":null}}]},"12":{"loc":{"start":{"line":97,"column":18},"end":{"line":97,"column":null}},"type":"cond-expr","locations":[{"start":{"line":97,"column":45},"end":{"line":97,"column":81}},{"start":{"line":97,"column":81},"end":{"line":97,"column":null}}]}},"s":{"0":0,"1":0,"2":0,"3":0,"4":0,"5":0,"6":0,"7":0,"8":0,"9":0,"10":0,"11":0,"12":0,"13":0,"14":0,"15":0,"16":0,"17":0,"18":0,"19":0,"20":0,"21":0,"22":0,"23":0,"24":0,"25":0,"26":0},"f":{"0":0,"1":0,"2":0,"3":0,"4":0,"5":0},"b":{"0":[0,0],"1":[0,0],"2":[0,0],"3":[0,0,0,0],"4":[0,0],"5":[0,0],"6":[0,0],"7":[0,0],"8":[0,0],"9":[0,0],"10":[0],"11":[0,0],"12":[0,0]}}
,"D:\\contri\\GreenPass-main\\src\\components\\EcoCapacityAlert.tsx": {"path":"D:\\contri\\GreenPass-main\\src\\components\\EcoCapacityAlert.tsx","statementMap":{"0":{"start":{"line":46,"column":0},"end":{"line":46,"column":15}},"1":{"start":{"line":3,"column":18},"end":{"line":3,"column":null}},"2":{"start":{"line":4,"column":43},"end":{"line":4,"column":null}},"3":{"start":{"line":12,"column":58},"end":{"line":44,"column":null}},"4":{"start":{"line":17,"column":22},"end":{"line":17,"column":null}},"5":{"start":{"line":19,"column":2},"end":{"line":19,"column":null}},"6":{"start":{"line":19,"column":24},"end":{"line":19,"column":null}},"7":{"start":{"line":21,"column":21},"end":{"line":21,"column":null}},"8":{"start":{"line":46,"column":15},"end":{"line":46,"column":null}}},"fnMap":{"0":{"name":"(anonymous_2)","decl":{"start":{"line":12,"column":58},"end":{"line":12,"column":59}},"loc":{"start":{"line":16,"column":1},"end":{"line":44,"column":null}}}},"branchMap":{"0":{"loc":{"start":{"line":15,"column":2},"end":{"line":15,"column":16}},"type":"default-arg","locations":[{"start":{"line":15,"column":14},"end":{"line":15,"column":16}}]},"1":{"loc":{"start":{"line":19,"column":2},"end":{"line":19,"column":null}},"type":"if","locations":[{"start":{"line":19,"column":2},"end":{"line":19,"column":null}},{"start":{},"end":{}}]},"2":{"loc":{"start":{"line":25,"column":6},"end":{"line":27,"column":null}},"type":"cond-expr","locations":[{"start":{"line":26,"column":10},"end":{"line":26,"column":null}},{"start":{"line":27,"column":10},"end":{"line":27,"column":null}}]},"3":{"loc":{"start":{"line":30,"column":8},"end":{"line":32,"column":9}},"type":"cond-expr","locations":[{"start":{"line":30,"column":8},"end":{"line":32,"column":9}}]},"4":{"loc":{"start":{"line":36,"column":11},"end":{"line":36,"column":null}},"type":"cond-expr","locations":[{"start":{"line":36,"column":24},"end":{"line":36,"column":44}},{"start":{"line":36,"column":44},"end":{"line":36,"column":null}}]}},"s":{"0":3,"1":1,"2":1,"3":1,"4":3,"5":3,"6":1,"7":2,"8":1},"f":{"0":3},"b":{"0":[3],"1":[1,2],"2":[1,1],"3":[1],"4":[1,1]}}
,"D:\\contri\\GreenPass-main\\src\\components\\EcoSensitivityBadge.tsx": {"path":"D:\\contri\\GreenPass-main\\src\\components\\EcoSensitivityBadge.tsx","statementMap":{"0":{"start":{"line":44,"column":0},"end":{"line":44,"column":15}},"1":{"start":{"line":1,"column":18},"end":{"line":1,"column":null}},"2":{"start":{"line":2,"column":21},"end":{"line":2,"column":null}},"3":{"start":{"line":10,"column":64},"end":{"line":42,"column":null}},"4":{"start":{"line":11,"column":17},"end":{"line":28,"column":null}},"5":{"start":{"line":30,"column":29},"end":{"line":30,"column":56}},"6":{"start":{"line":44,"column":15},"end":{"line":44,"column":null}}},"fnMap":{"0":{"name":"(anonymous_2)","decl":{"start":{"line":10,"column":64},"end":{"line":10,"column":65}},"loc":{"start":{"line":10,"column":90},"end":{"line":42,"column":null}}}},"branchMap":{"0":{"loc":{"start":{"line":10,"column":74},"end":{"line":10,"column":88}},"type":"default-arg","locations":[{"start":{"line":10,"column":86},"end":{"line":10,"column":88}}]},"1":{"loc":{"start":{"line":30,"column":29},"end":{"line":30,"column":56}},"type":"binary-expr","locations":[{"start":{"line":30,"column":29},"end":{"line":30,"column":42}},{"start":{"line":30,"column":46},"end":{"line":30,"column":56}}]}},"s":{"0":4,"1":1,"2":1,"3":1,"4":4,"5":4,"6":1},"f":{"0":4},"b":{"0":[4],"1":[4,0]}}
,"D:\\contri\\GreenPass-main\\src\\components\\EcologicalDashboard.tsx": {"path":"D:\\contri\\GreenPass-main\\src\\components\\EcologicalDashboard.tsx","statementMap":{"0":{"start":{"line":111,"column":24},"end":{"line":111,"column":null}},"1":{"start":{"line":3,"column":56},"end":{"line":3,"column":null}},"2":{"start":{"line":17,"column":7},"end":{"line":17,"column":null}},"3":{"start":{"line":30,"column":7},"end":{"line":30,"column":null}},"4":{"start":{"line":31,"column":29},"end":{"line":31,"column":null}},"5":{"start":{"line":33,"column":32},"end":{"line":33,"column":null}},"6":{"start":{"line":34,"column":31},"end":{"line":34,"column":null}},"7":{"start":{"line":39,"column":7},"end":{"line":39,"column":null}},"8":{"start":{"line":67,"column":38},"end":{"line":75,"column":null}},"9":{"start":{"line":68,"column":2},"end":{"line":74,"column":null}},"10":{"start":{"line":69,"column":21},"end":{"line":69,"column":null}},"11":{"start":{"line":70,"column":17},"end":{"line":70,"column":null}},"12":{"start":{"line":71,"column":19},"end":{"line":71,"column":null}},"13":{"start":{"line":72,"column":16},"end":{"line":72,"column":null}},"14":{"start":{"line":73,"column":13},"end":{"line":73,"column":null}},"15":{"start":{"line":77,"column":25},"end":{"line":82,"column":null}},"16":{"start":{"line":78,"column":2},"end":{"line":78,"column":null}},"17":{"start":{"line":78,"column":25},"end":{"line":78,"column":null}},"18":{"start":{"line":79,"column":2},"end":{"line":79,"column":null}},"19":{"start":{"line":79,"column":25},"end":{"line":79,"column":null}},"20":{"start":{"line":80,"column":2},"end":{"line":80,"column":null}},"21":{"start":{"line":80,"column":25},"end":{"line":80,"column":null}},"22":{"start":{"line":81,"column":2},"end":{"line":81,"column":null}},"23":{"start":{"line":112,"column":42},"end":{"line":112,"column":null}},"24":{"start":{"line":113,"column":50},"end":{"line":113,"column":null}},"25":{"start":{"line":114,"column":36},"end":{"line":114,"column":null}},"26":{"start":{"line":115,"column":60},"end":{"line":115,"column":null}},"27":{"start":{"line":116,"column":30},"end":{"line":116,"column":null}},"28":{"start":{"line":117,"column":32},"end":{"line":117,"column":null}},"29":{"start":{"line":118,"column":38},"end":{"line":118,"column":null}},"30":{"start":{"line":119,"column":28},"end":{"line":119,"column":null}},"31":{"start":{"line":120,"column":42},"end":{"line":127,"column":null}},"32":{"start":{"line":128,"column":42},"end":{"line":128,"column":null}},"33":{"start":{"line":129,"column":50},"end":{"line":129,"column":null}},"34":{"start":{"line":130,"column":52},"end":{"line":130,"column":null}},"35":{"start":{"line":131,"column":46},"end":{"line":131,"column":null}},"36":{"start":{"line":132,"column":60},"end":{"line":132,"column":null}},"37":{"start":{"line":133,"column":46},"end":{"line":133,"column":null}},"38":{"start":{"line":135,"column":25},"end":{"line":176,"column":null}},"39":{"start":{"line":136,"column":4},"end":{"line":175,"column":null}},"40":{"start":{"line":137,"column":24},"end":{"line":137,"column":null}},"41":{"start":{"line":138,"column":22},"end":{"line":138,"column":null}},"42":{"start":{"line":139,"column":24},"end":{"line":139,"column":null}},"43":{"start":{"line":140,"column":6},"end":{"line":140,"column":null}},"44":{"start":{"line":142,"column":19},"end":{"line":142,"column":null}},"45":{"start":{"line":145,"column":38},"end":{"line":145,"column":40}},"46":{"start":{"line":146,"column":6},"end":{"line":158,"column":null}},"47":{"start":{"line":146,"column":19},"end":{"line":146,"column":35}},"48":{"start":{"line":147,"column":18},"end":{"line":147,"column":null}},"49":{"start":{"line":148,"column":8},"end":{"line":148,"column":null}},"50":{"start":{"line":149,"column":24},"end":{"line":149,"column":53}},"51":{"start":{"line":150,"column":25},"end":{"line":152,"column":null}},"52":{"start":{"line":151,"column":23},"end":{"line":151,"column":null}},"53":{"start":{"line":152,"column":30},"end":{"line":152,"column":46}},"54":{"start":{"line":154,"column":8},"end":{"line":157,"column":null}},"55":{"start":{"line":159,"column":6},"end":{"line":159,"column":null}},"56":{"start":{"line":162,"column":44},"end":{"line":162,"column":null}},"57":{"start":{"line":163,"column":6},"end":{"line":165,"column":null}},"58":{"start":{"line":164,"column":8},"end":{"line":164,"column":null}},"59":{"start":{"line":167,"column":27},"end":{"line":170,"column":null}},"60":{"start":{"line":167,"column":73},"end":{"line":170,"column":10}},"61":{"start":{"line":170,"column":25},"end":{"line":170,"column":42}},"62":{"start":{"line":172,"column":6},"end":{"line":172,"column":null}},"63":{"start":{"line":174,"column":6},"end":{"line":174,"column":null}},"64":{"start":{"line":178,"column":29},"end":{"line":332,"column":null}},"65":{"start":{"line":179,"column":4},"end":{"line":180,"column":null}},"66":{"start":{"line":179,"column":19},"end":{"line":179,"column":null}},"67":{"start":{"line":180,"column":9},"end":{"line":180,"column":null}},"68":{"start":{"line":182,"column":4},"end":{"line":182,"column":null}},"69":{"start":{"line":183,"column":4},"end":{"line":331,"column":null}},"70":{"start":{"line":184,"column":24},"end":{"line":184,"column":null}},"71":{"start":{"line":187,"column":82},"end":{"line":193,"column":null}},"72":{"start":{"line":195,"column":6},"end":{"line":195,"column":null}},"73":{"start":{"line":196,"column":6},"end":{"line":196,"column":49}},"74":{"start":{"line":199,"column":26},"end":{"line":206,"column":null}},"75":{"start":{"line":200,"column":8},"end":{"line":202,"column":null}},"76":{"start":{"line":201,"column":10},"end":{"line":201,"column":null}},"77":{"start":{"line":203,"column":8},"end":{"line":203,"column":null}},"78":{"start":{"line":204,"column":8},"end":{"line":204,"column":null}},"79":{"start":{"line":205,"column":8},"end":{"line":205,"column":null}},"80":{"start":{"line":209,"column":35},"end":{"line":217,"column":null}},"81":{"start":{"line":210,"column":22},"end":{"line":210,"column":null}},"82":{"start":{"line":211,"column":8},"end":{"line":216,"column":null}},"83":{"start":{"line":219,"column":6},"end":{"line":219,"column":null}},"84":{"start":{"line":222,"column":42},"end":{"line":222,"column":44}},"85":{"start":{"line":223,"column":6},"end":{"line":254,"column":null}},"86":{"start":{"line":227,"column":26},"end":{"line":228,"column":null}},"87":{"start":{"line":228,"column":37},"end":{"line":228,"column":null}},"88":{"start":{"line":232,"column":22},"end":{"line":232,"column":null}},"89":{"start":{"line":233,"column":6},"end":{"line":248,"column":null}},"90":{"start":{"line":234,"column":8},"end":{"line":247,"column":null}},"91":{"start":{"line":235,"column":27},"end":{"line":240,"column":null}},"92":{"start":{"line":241,"column":10},"end":{"line":246,"column":null}},"93":{"start":{"line":249,"column":6},"end":{"line":250,"column":null}},"94":{"start":{"line":250,"column":8},"end":{"line":250,"column":null}},"95":{"start":{"line":253,"column":6},"end":{"line":253,"column":null}},"96":{"start":{"line":256,"column":28},"end":{"line":256,"column":null}},"97":{"start":{"line":257,"column":4},"end":{"line":257,"column":null}},"98":{"start":{"line":258,"column":4},"end":{"line":258,"column":null}},"99":{"start":{"line":260,"column":29},"end":{"line":260,"column":null}},"100":{"start":{"line":260,"column":52},"end":{"line":260,"column":89}},"101":{"start":{"line":261,"column":4},"end":{"line":261,"column":null}},"102":{"start":{"line":264,"column":31},"end":{"line":264,"column":85}},"103":{"start":{"line":264,"column":59},"end":{"line":264,"column":79}},"104":{"start":{"line":265,"column":31},"end":{"line":267,"column":null}},"105":{"start":{"line":266,"column":43},"end":{"line":266,"column":62}},"106":{"start":{"line":268,"column":29},"end":{"line":270,"column":12}},"107":{"start":{"line":269,"column":6},"end":{"line":269,"column":null}},"108":{"start":{"line":273,"column":24},"end":{"line":274,"column":null}},"109":{"start":{"line":274,"column":6},"end":{"line":274,"column":72}},"110":{"start":{"line":275,"column":23},"end":{"line":276,"column":null}},"111":{"start":{"line":276,"column":6},"end":{"line":276,"column":72}},"112":{"start":{"line":278,"column":6},"end":{"line":285,"column":null}},"113":{"start":{"line":288,"column":28},"end":{"line":313,"column":null}},"114":{"start":{"line":289,"column":8},"end":{"line":311,"column":null}},"115":{"start":{"line":290,"column":10},"end":{"line":299,"column":null}},"116":{"start":{"line":300,"column":15},"end":{"line":311,"column":null}},"117":{"start":{"line":301,"column":10},"end":{"line":310,"column":null}},"118":{"start":{"line":312,"column":8},"end":{"line":312,"column":null}},"119":{"start":{"line":316,"column":24},"end":{"line":322,"column":null}},"120":{"start":{"line":317,"column":30},"end":{"line":317,"column":null}},"121":{"start":{"line":318,"column":8},"end":{"line":320,"column":null}},"122":{"start":{"line":319,"column":10},"end":{"line":319,"column":null}},"123":{"start":{"line":321,"column":8},"end":{"line":321,"column":null}},"124":{"start":{"line":324,"column":6},"end":{"line":324,"column":null}},"125":{"start":{"line":326,"column":6},"end":{"line":326,"column":null}},"126":{"start":{"line":327,"column":6},"end":{"line":327,"column":null}},"127":{"start":{"line":329,"column":6},"end":{"line":329,"column":null}},"128":{"start":{"line":330,"column":6},"end":{"line":330,"column":null}},"129":{"start":{"line":334,"column":2},"end":{"line":336,"column":null}},"130":{"start":{"line":335,"column":4},"end":{"line":335,"column":null}},"131":{"start":{"line":338,"column":2},"end":{"line":340,"column":null}},"132":{"start":{"line":339,"column":4},"end":{"line":339,"column":null}},"133":{"start":{"line":343,"column":2},"end":{"line":350,"column":null}},"134":{"start":{"line":352,"column":2},"end":{"line":366,"column":null}},"135":{"start":{"line":359,"column":25},"end":{"line":359,"column":null}},"136":{"start":{"line":377,"column":25},"end":{"line":377,"column":null}},"137":{"start":{"line":433,"column":48},"end":{"line":433,"column":null}},"138":{"start":{"line":437,"column":20},"end":{"line":438,"column":null}},"139":{"start":{"line":462,"column":33},"end":{"line":462,"column":null}},"140":{"start":{"line":467,"column":18},"end":{"line":467,"column":37}},"141":{"start":{"line":472,"column":18},"end":{"line":473,"column":null}},"142":{"start":{"line":474,"column":35},"end":{"line":474,"column":null}},"143":{"start":{"line":495,"column":33},"end":{"line":495,"column":null}},"144":{"start":{"line":496,"column":20},"end":{"line":496,"column":null}},"145":{"start":{"line":502,"column":51},"end":{"line":502,"column":null}},"146":{"start":{"line":526,"column":55},"end":{"line":526,"column":null}},"147":{"start":{"line":601,"column":31},"end":{"line":601,"column":null}},"148":{"start":{"line":602,"column":30},"end":{"line":602,"column":null}},"149":{"start":{"line":603,"column":16},"end":{"line":604,"column":36}},"150":{"start":{"line":644,"column":27},"end":{"line":644,"column":null}},"151":{"start":{"line":645,"column":26},"end":{"line":645,"column":null}},"152":{"start":{"line":646,"column":12},"end":{"line":647,"column":33}},"153":{"start":{"line":702,"column":27},"end":{"line":702,"column":null}},"154":{"start":{"line":765,"column":18},"end":{"line":765,"column":31}},"155":{"start":{"line":791,"column":18},"end":{"line":792,"column":null}},"156":{"start":{"line":793,"column":35},"end":{"line":793,"column":null}},"157":{"start":{"line":815,"column":35},"end":{"line":815,"column":null}},"158":{"start":{"line":816,"column":22},"end":{"line":816,"column":null}},"159":{"start":{"line":876,"column":22},"end":{"line":876,"column":50}},"160":{"start":{"line":897,"column":16},"end":{"line":897,"column":34}},"161":{"start":{"line":905,"column":24},"end":{"line":905,"column":41}},"162":{"start":{"line":915,"column":26},"end":{"line":915,"column":43}},"163":{"start":{"line":930,"column":12},"end":{"line":930,"column":31}},"164":{"start":{"line":950,"column":20},"end":{"line":950,"column":36}},"165":{"start":{"line":965,"column":31},"end":{"line":965,"column":null}},"166":{"start":{"line":966,"column":25},"end":{"line":966,"column":null}},"167":{"start":{"line":968,"column":10},"end":{"line":969,"column":38}},"168":{"start":{"line":1037,"column":16},"end":{"line":1037,"column":34}},"169":{"start":{"line":1077,"column":12},"end":{"line":1077,"column":31}},"170":{"start":{"line":1143,"column":14},"end":{"line":1143,"column":34}}},"fnMap":{"0":{"name":"(anonymous_4)","decl":{"start":{"line":67,"column":38},"end":{"line":67,"column":39}},"loc":{"start":{"line":67,"column":39},"end":{"line":75,"column":null}}},"1":{"name":"(anonymous_5)","decl":{"start":{"line":77,"column":25},"end":{"line":77,"column":26}},"loc":{"start":{"line":77,"column":26},"end":{"line":82,"column":null}}},"2":{"name":"EcologicalDashboard","decl":{"start":{"line":111,"column":24},"end":{"line":111,"column":null}},"loc":{"start":{"line":111,"column":24},"end":{"line":1182,"column":null}}},"3":{"name":"(anonymous_8)","decl":{"start":{"line":135,"column":37},"end":{"line":135,"column":null}},"loc":{"start":{"line":135,"column":37},"end":{"line":176,"column":5}}},"4":{"name":"(anonymous_9)","decl":{"start":{"line":151,"column":18},"end":{"line":151,"column":23}},"loc":{"start":{"line":151,"column":23},"end":{"line":151,"column":null}}},"5":{"name":"(anonymous_10)","decl":{"start":{"line":152,"column":18},"end":{"line":152,"column":19}},"loc":{"start":{"line":152,"column":30},"end":{"line":152,"column":46}}},"6":{"name":"(anonymous_11)","decl":{"start":{"line":163,"column":19},"end":{"line":163,"column":null}},"loc":{"start":{"line":163,"column":19},"end":{"line":165,"column":null}}},"7":{"name":"(anonymous_12)","decl":{"start":{"line":167,"column":53},"end":{"line":167,"column":54}},"loc":{"start":{"line":167,"column":73},"end":{"line":170,"column":10}}},"8":{"name":"(anonymous_13)","decl":{"start":{"line":170,"column":15},"end":{"line":170,"column":16}},"loc":{"start":{"line":170,"column":25},"end":{"line":170,"column":42}}},"9":{"name":"(anonymous_14)","decl":{"start":{"line":178,"column":41},"end":{"line":178,"column":48}},"loc":{"start":{"line":178,"column":65},"end":{"line":332,"column":5}}},"10":{"name":"(anonymous_15)","decl":{"start":{"line":199,"column":46},"end":{"line":199,"column":47}},"loc":{"start":{"line":199,"column":119},"end":{"line":206,"column":9}}},"11":{"name":"(anonymous_16)","decl":{"start":{"line":209,"column":57},"end":{"line":209,"column":58}},"loc":{"start":{"line":209,"column":58},"end":{"line":217,"column":null}}},"12":{"name":"(anonymous_17)","decl":{"start":{"line":228,"column":32},"end":{"line":228,"column":37}},"loc":{"start":{"line":228,"column":37},"end":{"line":228,"column":null}}},"13":{"name":"(anonymous_18)","decl":{"start":{"line":233,"column":24},"end":{"line":233,"column":25}},"loc":{"start":{"line":233,"column":25},"end":{"line":248,"column":null}}},"14":{"name":"(anonymous_19)","decl":{"start":{"line":234,"column":27},"end":{"line":234,"column":28}},"loc":{"start":{"line":234,"column":28},"end":{"line":247,"column":null}}},"15":{"name":"(anonymous_20)","decl":{"start":{"line":249,"column":49},"end":{"line":249,"column":50}},"loc":{"start":{"line":250,"column":8},"end":{"line":250,"column":null}}},"16":{"name":"(anonymous_21)","decl":{"start":{"line":260,"column":47},"end":{"line":260,"column":52}},"loc":{"start":{"line":260,"column":52},"end":{"line":260,"column":89}}},"17":{"name":"(anonymous_22)","decl":{"start":{"line":264,"column":54},"end":{"line":264,"column":59}},"loc":{"start":{"line":264,"column":59},"end":{"line":264,"column":79}}},"18":{"name":"(anonymous_23)","decl":{"start":{"line":266,"column":31},"end":{"line":266,"column":32}},"loc":{"start":{"line":266,"column":43},"end":{"line":266,"column":62}}},"19":{"name":"(anonymous_24)","decl":{"start":{"line":268,"column":52},"end":{"line":268,"column":null}},"loc":{"start":{"line":269,"column":6},"end":{"line":269,"column":null}}},"20":{"name":"(anonymous_25)","decl":{"start":{"line":273,"column":47},"end":{"line":273,"column":48}},"loc":{"start":{"line":274,"column":6},"end":{"line":274,"column":72}}},"21":{"name":"(anonymous_26)","decl":{"start":{"line":275,"column":46},"end":{"line":275,"column":47}},"loc":{"start":{"line":276,"column":6},"end":{"line":276,"column":72}}},"22":{"name":"(anonymous_27)","decl":{"start":{"line":288,"column":48},"end":{"line":288,"column":null}},"loc":{"start":{"line":288,"column":48},"end":{"line":313,"column":9}}},"23":{"name":"(anonymous_28)","decl":{"start":{"line":316,"column":69},"end":{"line":316,"column":70}},"loc":{"start":{"line":316,"column":73},"end":{"line":322,"column":null}}},"24":{"name":"(anonymous_29)","decl":{"start":{"line":334,"column":12},"end":{"line":334,"column":null}},"loc":{"start":{"line":334,"column":12},"end":{"line":336,"column":5}}},"25":{"name":"(anonymous_30)","decl":{"start":{"line":338,"column":12},"end":{"line":338,"column":null}},"loc":{"start":{"line":338,"column":12},"end":{"line":340,"column":5}}},"26":{"name":"(anonymous_31)","decl":{"start":{"line":359,"column":19},"end":{"line":359,"column":25}},"loc":{"start":{"line":359,"column":25},"end":{"line":359,"column":null}}},"27":{"name":"(anonymous_32)","decl":{"start":{"line":377,"column":19},"end":{"line":377,"column":25}},"loc":{"start":{"line":377,"column":25},"end":{"line":377,"column":null}}},"28":{"name":"(anonymous_33)","decl":{"start":{"line":433,"column":29},"end":{"line":433,"column":30}},"loc":{"start":{"line":433,"column":48},"end":{"line":433,"column":null}}},"29":{"name":"(anonymous_34)","decl":{"start":{"line":436,"column":36},"end":{"line":436,"column":37}},"loc":{"start":{"line":437,"column":20},"end":{"line":438,"column":null}}},"30":{"name":"(anonymous_35)","decl":{"start":{"line":462,"column":26},"end":{"line":462,"column":27}},"loc":{"start":{"line":462,"column":33},"end":{"line":462,"column":null}}},"31":{"name":"(anonymous_36)","decl":{"start":{"line":466,"column":34},"end":{"line":466,"column":null}},"loc":{"start":{"line":467,"column":18},"end":{"line":467,"column":37}}},"32":{"name":"(anonymous_37)","decl":{"start":{"line":471,"column":33},"end":{"line":471,"column":34}},"loc":{"start":{"line":472,"column":18},"end":{"line":473,"column":null}}},"33":{"name":"(anonymous_38)","decl":{"start":{"line":474,"column":29},"end":{"line":474,"column":35}},"loc":{"start":{"line":474,"column":35},"end":{"line":474,"column":null}}},"34":{"name":"(anonymous_39)","decl":{"start":{"line":494,"column":33},"end":{"line":494,"column":34}},"loc":{"start":{"line":494,"column":34},"end":{"line":497,"column":null}}},"35":{"name":"(anonymous_40)","decl":{"start":{"line":502,"column":34},"end":{"line":502,"column":35}},"loc":{"start":{"line":502,"column":51},"end":{"line":502,"column":null}}},"36":{"name":"(anonymous_41)","decl":{"start":{"line":526,"column":27},"end":{"line":526,"column":28}},"loc":{"start":{"line":526,"column":55},"end":{"line":526,"column":null}}},"37":{"name":"(anonymous_42)","decl":{"start":{"line":600,"column":32},"end":{"line":600,"column":33}},"loc":{"start":{"line":600,"column":33},"end":{"line":636,"column":null}}},"38":{"name":"(anonymous_43)","decl":{"start":{"line":643,"column":28},"end":{"line":643,"column":29}},"loc":{"start":{"line":643,"column":29},"end":{"line":685,"column":null}}},"39":{"name":"(anonymous_44)","decl":{"start":{"line":702,"column":21},"end":{"line":702,"column":27}},"loc":{"start":{"line":702,"column":27},"end":{"line":702,"column":null}}},"40":{"name":"(anonymous_45)","decl":{"start":{"line":764,"column":31},"end":{"line":764,"column":null}},"loc":{"start":{"line":765,"column":18},"end":{"line":765,"column":31}}},"41":{"name":"(anonymous_46)","decl":{"start":{"line":790,"column":35},"end":{"line":790,"column":36}},"loc":{"start":{"line":791,"column":18},"end":{"line":792,"column":null}}},"42":{"name":"(anonymous_47)","decl":{"start":{"line":793,"column":29},"end":{"line":793,"column":35}},"loc":{"start":{"line":793,"column":35},"end":{"line":793,"column":null}}},"43":{"name":"(anonymous_48)","decl":{"start":{"line":814,"column":35},"end":{"line":814,"column":36}},"loc":{"start":{"line":814,"column":36},"end":{"line":817,"column":null}}},"44":{"name":"(anonymous_49)","decl":{"start":{"line":875,"column":47},"end":{"line":875,"column":48}},"loc":{"start":{"line":876,"column":22},"end":{"line":876,"column":50}}},"45":{"name":"(anonymous_50)","decl":{"start":{"line":896,"column":37},"end":{"line":896,"column":38}},"loc":{"start":{"line":897,"column":16},"end":{"line":897,"column":34}}},"46":{"name":"(anonymous_51)","decl":{"start":{"line":904,"column":73},"end":{"line":904,"column":74}},"loc":{"start":{"line":905,"column":24},"end":{"line":905,"column":41}}},"47":{"name":"(anonymous_52)","decl":{"start":{"line":914,"column":45},"end":{"line":914,"column":46}},"loc":{"start":{"line":915,"column":26},"end":{"line":915,"column":43}}},"48":{"name":"(anonymous_53)","decl":{"start":{"line":929,"column":33},"end":{"line":929,"column":34}},"loc":{"start":{"line":930,"column":12},"end":{"line":930,"column":31}}},"49":{"name":"(anonymous_54)","decl":{"start":{"line":949,"column":57},"end":{"line":949,"column":58}},"loc":{"start":{"line":950,"column":20},"end":{"line":950,"column":36}}},"50":{"name":"(anonymous_55)","decl":{"start":{"line":964,"column":26},"end":{"line":964,"column":27}},"loc":{"start":{"line":964,"column":27},"end":{"line":1015,"column":null}}},"51":{"name":"(anonymous_56)","decl":{"start":{"line":1036,"column":32},"end":{"line":1036,"column":33}},"loc":{"start":{"line":1037,"column":16},"end":{"line":1037,"column":34}}},"52":{"name":"(anonymous_57)","decl":{"start":{"line":1076,"column":28},"end":{"line":1076,"column":29}},"loc":{"start":{"line":1077,"column":12},"end":{"line":1077,"column":31}}},"53":{"name":"(anonymous_58)","decl":{"start":{"line":1142,"column":23},"end":{"line":1142,"column":24}},"loc":{"start":{"line":1143,"column":14},"end":{"line":1143,"column":34}}}},"branchMap":{"0":{"loc":{"start":{"line":68,"column":2},"end":{"line":74,"column":null}},"type":"switch","locations":[{"start":{"line":69,"column":4},"end":{"line":69,"column":null}},{"start":{"line":70,"column":4},"end":{"line":70,"column":null}},{"start":{"line":71,"column":4},"end":{"line":71,"column":null}},{"start":{"line":72,"column":4},"end":{"line":72,"column":null}},{"start":{"line":73,"column":4},"end":{"line":73,"column":null}}]},"1":{"loc":{"start":{"line":78,"column":2},"end":{"line":78,"column":null}},"type":"if","locations":[{"start":{"line":78,"column":2},"end":{"line":78,"column":null}},{"start":{},"end":{}}]},"2":{"loc":{"start":{"line":79,"column":2},"end":{"line":79,"column":null}},"type":"if","locations":[{"start":{"line":79,"column":2},"end":{"line":79,"column":null}},{"start":{},"end":{}}]},"3":{"loc":{"start":{"line":80,"column":2},"end":{"line":80,"column":null}},"type":"if","locations":[{"start":{"line":80,"column":2},"end":{"line":80,"column":null}},{"start":{},"end":{}}]},"4":{"loc":{"start":{"line":102,"column":9},"end":{"line":102,"column":21}},"type":"binary-expr","locations":[{"start":{"line":102,"column":9},"end":{"line":102,"column":21}}]},"5":{"loc":{"start":{"line":164,"column":30},"end":{"line":164,"column":57}},"type":"binary-expr","locations":[{"start":{"line":164,"column":30},"end":{"line":164,"column":48}},{"start":{"line":164,"column":52},"end":{"line":164,"column":57}}]},"6":{"loc":{"start":{"line":178,"column":48},"end":{"line":178,"column":65}},"type":"default-arg","locations":[{"start":{"line":178,"column":60},"end":{"line":178,"column":65}}]},"7":{"loc":{"start":{"line":179,"column":4},"end":{"line":180,"column":null}},"type":"if","locations":[{"start":{"line":179,"column":4},"end":{"line":180,"column":null}},{"start":{"line":180,"column":9},"end":{"line":180,"column":null}}]},"8":{"loc":{"start":{"line":200,"column":8},"end":{"line":202,"column":null}},"type":"if","locations":[{"start":{"line":200,"column":8},"end":{"line":202,"column":null}},{"start":{},"end":{}}]},"9":{"loc":{"start":{"line":204,"column":52},"end":{"line":204,"column":101}},"type":"binary-expr","locations":[{"start":{"line":204,"column":52},"end":{"line":204,"column":92}},{"start":{"line":204,"column":96},"end":{"line":204,"column":101}}]},"10":{"loc":{"start":{"line":210,"column":22},"end":{"line":210,"column":null}},"type":"binary-expr","locations":[{"start":{"line":210,"column":22},"end":{"line":210,"column":39}},{"start":{"line":210,"column":43},"end":{"line":210,"column":null}}]},"11":{"loc":{"start":{"line":223,"column":6},"end":{"line":254,"column":null}},"type":"if","locations":[{"start":{"line":223,"column":6},"end":{"line":254,"column":null}},{"start":{"line":252,"column":11},"end":{"line":254,"column":null}}]},"12":{"loc":{"start":{"line":235,"column":27},"end":{"line":240,"column":null}},"type":"binary-expr","locations":[{"start":{"line":235,"column":27},"end":{"line":235,"column":53}},{"start":{"line":235,"column":53},"end":{"line":240,"column":null}}]},"13":{"loc":{"start":{"line":260,"column":52},"end":{"line":260,"column":89}},"type":"binary-expr","locations":[{"start":{"line":260,"column":52},"end":{"line":260,"column":79}},{"start":{"line":260,"column":79},"end":{"line":260,"column":89}}]},"14":{"loc":{"start":{"line":265,"column":31},"end":{"line":267,"column":null}},"type":"cond-expr","locations":[{"start":{"line":266,"column":8},"end":{"line":266,"column":91}},{"start":{"line":267,"column":8},"end":{"line":267,"column":null}}]},"15":{"loc":{"start":{"line":269,"column":6},"end":{"line":269,"column":null}},"type":"binary-expr","locations":[{"start":{"line":269,"column":7},"end":{"line":269,"column":35}},{"start":{"line":269,"column":35},"end":{"line":269,"column":62}},{"start":{"line":269,"column":68},"end":{"line":269,"column":null}}]},"16":{"loc":{"start":{"line":289,"column":8},"end":{"line":311,"column":null}},"type":"if","locations":[{"start":{"line":289,"column":8},"end":{"line":311,"column":null}},{"start":{"line":300,"column":15},"end":{"line":311,"column":null}}]},"17":{"loc":{"start":{"line":300,"column":15},"end":{"line":311,"column":null}},"type":"if","locations":[{"start":{"line":300,"column":15},"end":{"line":311,"column":null}},{"start":{},"end":{}}]},"18":{"loc":{"start":{"line":318,"column":8},"end":{"line":320,"column":null}},"type":"if","locations":[{"start":{"line":318,"column":8},"end":{"line":320,"column":null}},{"start":{},"end":{}}]},"19":{"loc":{"start":{"line":343,"column":2},"end":{"line":350,"column":null}},"type":"if","locations":[{"start":{"line":343,"column":2},"end":{"line":350,"column":null}},{"start":{},"end":{}}]},"20":{"loc":{"start":{"line":352,"column":2},"end":{"line":366,"column":null}},"type":"if","locations":[{"start":{"line":352,"column":2},"end":{"line":366,"column":null}},{"start":{},"end":{}}]},"21":{"loc":{"start":{"line":381,"column":48},"end":{"line":381,"column":82}},"type":"cond-expr","locations":[{"start":{"line":381,"column":61},"end":{"line":381,"column":78}},{"start":{"line":381,"column":78},"end":{"line":381,"column":82}}]},"22":{"loc":{"start":{"line":382,"column":11},"end":{"line":382,"column":null}},"type":"cond-expr","locations":[{"start":{"line":382,"column":24},"end":{"line":382,"column":42}},{"start":{"line":382,"column":42},"end":{"line":382,"column":null}}]},"23":{"loc":{"start":{"line":440,"column":24},"end":{"line":442,"column":null}},"type":"cond-expr","locations":[{"start":{"line":440,"column":57},"end":{"line":440,"column":null}},{"start":{"line":441,"column":24},"end":{"line":442,"column":null}}]},"24":{"loc":{"start":{"line":441,"column":24},"end":{"line":442,"column":null}},"type":"cond-expr","locations":[{"start":{"line":441,"column":53},"end":{"line":441,"column":null}},{"start":{"line":442,"column":24},"end":{"line":442,"column":null}}]},"25":{"loc":{"start":{"line":442,"column":24},"end":{"line":442,"column":null}},"type":"cond-expr","locations":[{"start":{"line":442,"column":55},"end":{"line":442,"column":67}},{"start":{"line":442,"column":67},"end":{"line":442,"column":null}}]},"26":{"loc":{"start":{"line":476,"column":22},"end":{"line":478,"column":null}},"type":"cond-expr","locations":[{"start":{"line":477,"column":26},"end":{"line":477,"column":null}},{"start":{"line":478,"column":26},"end":{"line":478,"column":null}}]},"27":{"loc":{"start":{"line":622,"column":49},"end":{"line":622,"column":94}},"type":"cond-expr","locations":[{"start":{"line":622,"column":63},"end":{"line":622,"column":78}},{"start":{"line":622,"column":78},"end":{"line":622,"column":94}}]},"28":{"loc":{"start":{"line":676,"column":47},"end":{"line":676,"column":92}},"type":"cond-expr","locations":[{"start":{"line":676,"column":61},"end":{"line":676,"column":76}},{"start":{"line":676,"column":76},"end":{"line":676,"column":92}}]},"29":{"loc":{"start":{"line":717,"column":66},"end":{"line":717,"column":99}},"type":"binary-expr","locations":[{"start":{"line":717,"column":66},"end":{"line":717,"column":97}},{"start":{"line":717,"column":97},"end":{"line":717,"column":99}}]},"30":{"loc":{"start":{"line":721,"column":37},"end":{"line":721,"column":70}},"type":"binary-expr","locations":[{"start":{"line":721,"column":37},"end":{"line":721,"column":68}},{"start":{"line":721,"column":68},"end":{"line":721,"column":70}}]},"31":{"loc":{"start":{"line":738,"column":65},"end":{"line":738,"column":102}},"type":"binary-expr","locations":[{"start":{"line":738,"column":65},"end":{"line":738,"column":96}},{"start":{"line":738,"column":96},"end":{"line":738,"column":102}}]},"32":{"loc":{"start":{"line":738,"column":102},"end":{"line":738,"column":138}},"type":"binary-expr","locations":[{"start":{"line":738,"column":102},"end":{"line":738,"column":133}},{"start":{"line":738,"column":133},"end":{"line":738,"column":138}}]},"33":{"loc":{"start":{"line":752,"column":16},"end":{"line":759,"column":17}},"type":"cond-expr","locations":[{"start":{"line":752,"column":16},"end":{"line":759,"column":17}}]},"34":{"loc":{"start":{"line":795,"column":22},"end":{"line":797,"column":null}},"type":"cond-expr","locations":[{"start":{"line":796,"column":26},"end":{"line":796,"column":null}},{"start":{"line":797,"column":26},"end":{"line":797,"column":null}}]},"35":{"loc":{"start":{"line":800,"column":21},"end":{"line":800,"column":null}},"type":"cond-expr","locations":[{"start":{"line":800,"column":35},"end":{"line":800,"column":43}},{"start":{"line":800,"column":43},"end":{"line":800,"column":null}}]},"36":{"loc":{"start":{"line":800,"column":43},"end":{"line":800,"column":null}},"type":"cond-expr","locations":[{"start":{"line":800,"column":57},"end":{"line":800,"column":65}},{"start":{"line":800,"column":65},"end":{"line":800,"column":null}}]},"37":{"loc":{"start":{"line":904,"column":38},"end":{"line":904,"column":57}},"type":"binary-expr","locations":[{"start":{"line":904,"column":38},"end":{"line":904,"column":49}},{"start":{"line":904,"column":53},"end":{"line":904,"column":57}}]},"38":{"loc":{"start":{"line":915,"column":65},"end":{"line":915,"column":128}},"type":"cond-expr","locations":[{"start":{"line":915,"column":77},"end":{"line":915,"column":111}},{"start":{"line":915,"column":111},"end":{"line":915,"column":128}}]},"39":{"loc":{"start":{"line":949,"column":34},"end":{"line":949,"column":53}},"type":"binary-expr","locations":[{"start":{"line":949,"column":34},"end":{"line":949,"column":45}},{"start":{"line":949,"column":49},"end":{"line":949,"column":53}}]},"40":{"loc":{"start":{"line":1003,"column":20},"end":{"line":1005,"column":null}},"type":"cond-expr","locations":[{"start":{"line":1003,"column":52},"end":{"line":1003,"column":null}},{"start":{"line":1004,"column":20},"end":{"line":1005,"column":null}}]},"41":{"loc":{"start":{"line":1004,"column":20},"end":{"line":1005,"column":null}},"type":"cond-expr","locations":[{"start":{"line":1004,"column":52},"end":{"line":1004,"column":null}},{"start":{"line":1005,"column":20},"end":{"line":1005,"column":null}}]},"42":{"loc":{"start":{"line":1007,"column":21},"end":{"line":1009,"column":null}},"type":"cond-expr","locations":[{"start":{"line":1007,"column":53},"end":{"line":1007,"column":null}},{"start":{"line":1008,"column":21},"end":{"line":1009,"column":null}}]},"43":{"loc":{"start":{"line":1008,"column":21},"end":{"line":1009,"column":null}},"type":"cond-expr","locations":[{"start":{"line":1008,"column":53},"end":{"line":1008,"column":null}},{"start":{"line":1009,"column":21},"end":{"line":1009,"column":null}}]},"44":{"loc":{"start":{"line":1047,"column":28},"end":{"line":1049,"column":null}},"type":"cond-expr","locations":[{"start":{"line":1047,"column":52},"end":{"line":1047,"column":null}},{"start":{"line":1048,"column":28},"end":{"line":1049,"column":null}}]},"45":{"loc":{"start":{"line":1048,"column":28},"end":{"line":1049,"column":null}},"type":"cond-expr","locations":[{"start":{"line":1048,"column":52},"end":{"line":1048,"column":null}},{"start":{"line":1049,"column":28},"end":{"line":1049,"column":null}}]},"46":{"loc":{"start":{"line":1049,"column":28},"end":{"line":1049,"column":null}},"type":"cond-expr","locations":[{"start":{"line":1049,"column":52},"end":{"line":1049,"column":70}},{"start":{"line":1049,"column":70},"end":{"line":1049,"column":null}}]},"47":{"loc":{"start":{"line":1060,"column":22},"end":{"line":1063,"column":null}},"type":"cond-expr","locations":[{"start":{"line":1060,"column":54},"end":{"line":1060,"column":null}},{"start":{"line":1061,"column":22},"end":{"line":1063,"column":null}}]},"48":{"loc":{"start":{"line":1061,"column":22},"end":{"line":1063,"column":null}},"type":"cond-expr","locations":[{"start":{"lin
[...]
n":10},"end":{"line":141,"column":null}},"54":{"start":{"line":144,"column":10},"end":{"line":144,"column":null}},"55":{"start":{"line":148,"column":6},"end":{"line":148,"column":null}},"56":{"start":{"line":151,"column":6},"end":{"line":151,"column":null}},"57":{"start":{"line":153,"column":6},"end":{"line":153,"column":null}},"58":{"start":{"line":166,"column":4},"end":{"line":242,"column":null}},"59":{"start":{"line":167,"column":25},"end":{"line":167,"column":null}},"60":{"start":{"line":168,"column":72},"end":{"line":168,"column":null}},"61":{"start":{"line":169,"column":40},"end":{"line":169,"column":null}},"62":{"start":{"line":170,"column":39},"end":{"line":170,"column":null}},"63":{"start":{"line":172,"column":6},"end":{"line":197,"column":null}},"64":{"start":{"line":174,"column":8},"end":{"line":188,"column":null}},"65":{"start":{"line":175,"column":10},"end":{"line":175,"column":null}},"66":{"start":{"line":176,"column":15},"end":{"line":188,"column":null}},"67":{"start":{"line":177,"column":10},"end":{"line":177,"column":null}},"68":{"start":{"line":178,"column":15},"end":{"line":188,"column":null}},"69":{"start":{"line":179,"column":10},"end":{"line":179,"column":null}},"70":{"start":{"line":180,"column":15},"end":{"line":188,"column":null}},"71":{"start":{"line":181,"column":10},"end":{"line":181,"column":null}},"72":{"start":{"line":182,"column":15},"end":{"line":188,"column":null}},"73":{"start":{"line":183,"column":10},"end":{"line":183,"column":null}},"74":{"start":{"line":184,"column":15},"end":{"line":188,"column":null}},"75":{"start":{"line":185,"column":10},"end":{"line":185,"column":null}},"76":{"start":{"line":187,"column":10},"end":{"line":187,"column":null}},"77":{"start":{"line":190,"column":8},"end":{"line":190,"column":null}},"78":{"start":{"line":191,"column":8},"end":{"line":191,"column":null}},"79":{"start":{"line":193,"column":8},"end":{"line":193,"column":null}},"80":{"start":{"line":194,"column":8},"end":{"line":194,"column":null}},"81":{"start":{"line":196,"column":8},"end":{"line":196,"column":null}},"82":{"start":{"line":200,"column":6},"end":{"line":235,"column":null}},"83":{"start":{"line":201,"column":26},"end":{"line":201,"column":null}},"84":{"start":{"line":202,"column":8},"end":{"line":216,"column":null}},"85":{"start":{"line":219,"column":8},"end":{"line":234,"column":null}},"86":{"start":{"line":238,"column":6},"end":{"line":238,"column":null}},"87":{"start":{"line":241,"column":6},"end":{"line":241,"column":null}},"88":{"start":{"line":19,"column":10},"end":{"line":19,"column":null}},"89":{"start":{"line":20,"column":10},"end":{"line":20,"column":null}},"90":{"start":{"line":21,"column":10},"end":{"line":21,"column":40}},"91":{"start":{"line":22,"column":10},"end":{"line":22,"column":44}},"92":{"start":{"line":23,"column":18},"end":{"line":23,"column":45}},"93":{"start":{"line":24,"column":10},"end":{"line":24,"column":null}},"94":{"start":{"line":247,"column":20},"end":{"line":247,"column":null}},"95":{"start":{"line":250,"column":26},"end":{"line":250,"column":null}},"96":{"start":{"line":254,"column":0},"end":{"line":261,"column":null}},"97":{"start":{"line":255,"column":2},"end":{"line":257,"column":null}},"98":{"start":{"line":256,"column":4},"end":{"line":256,"column":null}},"99":{"start":{"line":258,"column":2},"end":{"line":258,"column":null}},"100":{"start":{"line":260,"column":2},"end":{"line":260,"column":null}}},"fnMap":{"0":{"name":"(anonymous_1)","decl":{"start":{"line":32,"column":2},"end":{"line":32,"column":8}},"loc":{"start":{"line":32,"column":41},"end":{"line":155,"column":null}}},"1":{"name":"(anonymous_2)","decl":{"start":{"line":53,"column":46},"end":{"line":53,"column":51}},"loc":{"start":{"line":53,"column":51},"end":{"line":53,"column":55}}},"2":{"name":"(anonymous_3)","decl":{"start":{"line":108,"column":30},"end":{"line":108,"column":41}},"loc":{"start":{"line":108,"column":41},"end":{"line":108,"column":null}}},"3":{"name":"(anonymous_4)","decl":{"start":{"line":165,"column":2},"end":{"line":165,"column":16}},"loc":{"start":{"line":165,"column":136},"end":{"line":243,"column":null}}}},"branchMap":{"0":{"loc":{"start":{"line":33,"column":4},"end":{"line":36,"column":null}},"type":"if","locations":[{"start":{"line":33,"column":4},"end":{"line":36,"column":null}},{"start":{},"end":{}}]},"1":{"loc":{"start":{"line":47,"column":6},"end":{"line":50,"column":null}},"type":"if","locations":[{"start":{"line":47,"column":6},"end":{"line":50,"column":null}},{"start":{},"end":{}}]},"2":{"loc":{"start":{"line":47,"column":10},"end":{"line":47,"column":54}},"type":"binary-expr","locations":[{"start":{"line":47,"column":10},"end":{"line":47,"column":27}},{"start":{"line":47,"column":27},"end":{"line":47,"column":54}}]},"3":{"loc":{"start":{"line":66,"column":10},"end":{"line":90,"column":null}},"type":"if","locations":[{"start":{"line":66,"column":10},"end":{"line":90,"column":null}},{"start":{},"end":{}}]},"4":{"loc":{"start":{"line":66,"column":14},"end":{"line":66,"column":56}},"type":"binary-expr","locations":[{"start":{"line":66,"column":14},"end":{"line":66,"column":31}},{"start":{"line":66,"column":31},"end":{"line":66,"column":56}}]},"5":{"loc":{"start":{"line":85,"column":12},"end":{"line":89,"column":null}},"type":"if","locations":[{"start":{"line":85,"column":12},"end":{"line":89,"column":null}},{"start":{},"end":{}}]},"6":{"loc":{"start":{"line":92,"column":30},"end":{"line":94,"column":67}},"type":"binary-expr","locations":[{"start":{"line":92,"column":30},"end":{"line":92,"column":68}},{"start":{"line":93,"column":12},"end":{"line":93,"column":87}},{"start":{"line":94,"column":12},"end":{"line":94,"column":67}}]},"7":{"loc":{"start":{"line":96,"column":10},"end":{"line":99,"column":null}},"type":"if","locations":[{"start":{"line":96,"column":10},"end":{"line":99,"column":null}},{"start":{},"end":{}}]},"8":{"loc":{"start":{"line":105,"column":10},"end":{"line":109,"column":null}},"type":"if","locations":[{"start":{"line":105,"column":10},"end":{"line":109,"column":null}},{"start":{},"end":{}}]},"9":{"loc":{"start":{"line":116,"column":12},"end":{"line":116,"column":48}},"type":"binary-expr","locations":[{"start":{"line":116,"column":12},"end":{"line":116,"column":28}},{"start":{"line":116,"column":32},"end":{"line":116,"column":48}}]},"10":{"loc":{"start":{"line":119,"column":10},"end":{"line":132,"column":null}},"type":"if","locations":[{"start":{"line":119,"column":10},"end":{"line":132,"column":null}},{"start":{},"end":{}}]},"11":{"loc":{"start":{"line":124,"column":12},"end":{"line":130,"column":null}},"type":"if","locations":[{"start":{"line":124,"column":12},"end":{"line":130,"column":null}},{"start":{"line":128,"column":19},"end":{"line":130,"column":null}}]},"12":{"loc":{"start":{"line":165,"column":89},"end":{"line":165,"column":119}},"type":"default-arg","locations":[{"start":{"line":165,"column":115},"end":{"line":165,"column":119}}]},"13":{"loc":{"start":{"line":172,"column":6},"end":{"line":197,"column":null}},"type":"if","locations":[{"start":{"line":172,"column":6},"end":{"line":197,"column":null}},{"start":{"line":195,"column":13},"end":{"line":197,"column":null}}]},"14":{"loc":{"start":{"line":174,"column":8},"end":{"line":188,"column":null}},"type":"if","locations":[{"start":{"line":174,"column":8},"end":{"line":188,"column":null}},{"start":{"line":176,"column":15},"end":{"line":188,"column":null}}]},"15":{"loc":{"start":{"line":174,"column":12},"end":{"line":174,"column":75}},"type":"binary-expr","locations":[{"start":{"line":174,"column":12},"end":{"line":174,"column":44}},{"start":{"line":174,"column":44},"end":{"line":174,"column":75}}]},"16":{"loc":{"start":{"line":176,"column":15},"end":{"line":188,"column":null}},"type":"if","locations":[{"start":{"line":176,"column":15},"end":{"line":188,"column":null}},{"start":{"line":178,"column":15},"end":{"line":188,"column":null}}]},"17":{"loc":{"start":{"line":176,"column":19},"end":{"line":176,"column":79}},"type":"binary-expr","locations":[{"start":{"line":176,"column":19},"end":{"line":176,"column":49}},{"start":{"line":176,"column":49},"end":{"line":176,"column":79}}]},"18":{"loc":{"start":{"line":178,"column":15},"end":{"line":188,"column":null}},"type":"if","locations":[{"start":{"line":178,"column":15},"end":{"line":188,"column":null}},{"start":{"line":180,"column":15},"end":{"line":188,"column":null}}]},"19":{"loc":{"start":{"line":178,"column":19},"end":{"line":178,"column":80}},"type":"binary-expr","locations":[{"start":{"line":178,"column":19},"end":{"line":178,"column":51}},{"start":{"line":178,"column":51},"end":{"line":178,"column":80}}]},"20":{"loc":{"start":{"line":180,"column":15},"end":{"line":188,"column":null}},"type":"if","locations":[{"start":{"line":180,"column":15},"end":{"line":188,"column":null}},{"start":{"line":182,"column":15},"end":{"line":188,"column":null}}]},"21":{"loc":{"start":{"line":180,"column":19},"end":{"line":180,"column":134}},"type":"binary-expr","locations":[{"start":{"line":180,"column":19},"end":{"line":180,"column":50}},{"start":{"line":180,"column":50},"end":{"line":180,"column":86}},{"start":{"line":180,"column":90},"end":{"line":180,"column":134}}]},"22":{"loc":{"start":{"line":182,"column":15},"end":{"line":188,"column":null}},"type":"if","locations":[{"start":{"line":182,"column":15},"end":{"line":188,"column":null}},{"start":{"line":184,"column":15},"end":{"line":188,"column":null}}]},"23":{"loc":{"start":{"line":184,"column":15},"end":{"line":188,"column":null}},"type":"if","locations":[{"start":{"line":184,"column":15},"end":{"line":188,"column":null}},{"start":{"line":186,"column":15},"end":{"line":188,"column":null}}]},"24":{"loc":{"start":{"line":184,"column":19},"end":{"line":184,"column":99}},"type":"binary-expr","locations":[{"start":{"line":184,"column":19},"end":{"line":184,"column":50}},{"start":{"line":184,"column":50},"end":{"line":184,"column":69}},{"start":{"line":184,"column":73},"end":{"line":184,"column":99}}]},"25":{"loc":{"start":{"line":190,"column":157},"end":{"line":190,"column":217}},"type":"cond-expr","locations":[{"start":{"line":190,"column":179},"end":{"line":190,"column":209}},{"start":{"line":190,"column":212},"end":{"line":190,"column":217}}]},"26":{"loc":{"start":{"line":190,"column":217},"end":{"line":190,"column":319}},"type":"cond-expr","locations":[{"start":{"line":190,"column":256},"end":{"line":190,"column":312}},{"start":{"line":190,"column":315},"end":{"line":190,"column":319}}]},"27":{"loc":{"start":{"line":200,"column":6},"end":{"line":235,"column":null}},"type":"if","locations":[{"start":{"line":200,"column":6},"end":{"line":235,"column":null}},{"start":{},"end":{}}]},"28":{"loc":{"start":{"line":214,"column":25},"end":{"line":214,"column":null}},"type":"binary-expr","locations":[{"start":{"line":214,"column":25},"end":{"line":214,"column":41}},{"start":{"line":214,"column":41},"end":{"line":214,"column":null}}]},"29":{"loc":{"start":{"line":215,"column":24},"end":{"line":215,"column":null}},"type":"binary-expr","locations":[{"start":{"line":215,"column":24},"end":{"line":215,"column":39}},{"start":{"line":215,"column":39},"end":{"line":215,"column":null}}]},"30":{"loc":{"start":{"line":229,"column":17},"end":{"line":232,"column":null}},"type":"cond-expr","locations":[{"start":{"line":229,"column":41},"end":{"line":232,"column":14}},{"start":{"line":232,"column":14},"end":{"line":232,"column":null}}]},"31":{"loc":{"start":{"line":238,"column":146},"end":{"line":238,"column":206}},"type":"cond-expr","locations":[{"start":{"line":238,"column":168},"end":{"line":238,"column":198}},{"start":{"line":238,"column":201},"end":{"line":238,"column":206}}]},"32":{"loc":{"start":{"line":238,"column":206},"end":{"line":238,"column":302}},"type":"cond-expr","locations":[{"start":{"line":238,"column":245},"end":{"line":238,"column":295}},{"start":{"line":238,"column":298},"end":{"line":238,"column":302}}]},"33":{"loc":{"start":{"line":254,"column":0},"end":{"line":261,"column":null}},"type":"if","locations":[{"start":{"line":254,"column":0},"end":{"line":261,"column":null}},{"start":{"line":259,"column":7},"end":{"line":261,"column":null}}]},"34":{"loc":{"start":{"line":255,"column":2},"end":{"line":257,"column":null}},"type":"if","locations":[{"start":{"line":255,"column":2},"end":{"line":257,"column":null}},{"start":{},"end":{}}]}},"s":{"0":0,"1":0,"2":0,"3":0,"4":0,"5":0,"6":0,"7":0,"8":0,"9":0,"10":0,"11":0,"12":0,"13":0,"14":0,"15":0,"16":0,"17":0,"18":0,"19":0,"20":0,"21":0,"22":0,"23":0,"24":0,"25":0,"26":0,"27":0,"28":0,"29":0,"30":0,"31":0,"32":0,"33":0,"34":0,"35":0,"36":0,"37":0,"38":0,"39":0,"40":0,"41":0,"42":0,"43":0,"44":0,"45":0,"46":0,"47":0,"48":0,"49":0,"50":0,"51":0,"52":0,"53":0,"54":0,"55":0,"56":0,"57":0,"58":0,"59":0,"60":0,"61":0,"62":0,"63":0,"64":0,"65":0,"66":0,"67":0,"68":0,"69":0,"70":0,"71":0,"72":0,"73":0,"74":0,"75":0,"76":0,"77":0,"78":0,"79":0,"80":0,"81":0,"82":0,"83":0,"84":0,"85":0,"86":0,"87":0,"88":0,"89":0,"90":0,"91":0,"92":0,"93":0,"94":0,"95":0,"96":0,"97":0,"98":0,"99":0,"100":0},"f":{"0":0,"1":0,"2":0,"3":0},"b":{"0":[0,0],"1":[0,0],"2":[0,0],"3":[0,0],"4":[0,0],"5":[0,0],"6":[0,0,0],"7":[0,0],"8":[0,0],"9":[0,0],"10":[0,0],"11":[0,0],"12":[0],"13":[0,0],"14":[0,0],"15":[0,0],"16":[0,0],"17":[0,0],"18":[0,0],"19":[0,0],"20":[0,0],"21":[0,0,0],"22":[0,0],"23":[0,0],"24":[0,0,0],"25":[0,0],"26":[0,0],"27":[0,0],"28":[0,0],"29":[0,0],"30":[0,0],"31":[0,0],"32":[0,0],"33":[0,0],"34":[0,0]}}
,"D:\\contri\\GreenPass-main\\src\\lib\\weatherService.ts": {"path":"D:\\contri\\GreenPass-main\\src\\lib\\weatherService.ts","statementMap":{"0":{"start":{"line":2,"column":49},"end":{"line":2,"column":79}},"1":{"start":{"line":7,"column":0},"end":{"line":7,"column":15}},"2":{"start":{"line":2,"column":25},"end":{"line":2,"column":49}},"3":{"start":{"line":2,"column":9},"end":{"line":2,"column":25}},"4":{"start":{"line":2,"column":79},"end":{"line":2,"column":null}},"5":{"start":{"line":7,"column":15},"end":{"line":7,"column":29}}},"fnMap":{},"branchMap":{},"s":{"0":0,"1":0,"2":0,"3":0,"4":0,"5":0},"f":{},"b":{}}
,"D:\\contri\\GreenPass-main\\src\\lib\\validation\\index.ts": {"path":"D:\\contri\\GreenPass-main\\src\\lib\\validation\\index.ts","statementMap":{"0":{"start":{"line":8,"column":16},"end":{"line":8,"column":33}},"1":{"start":{"line":3,"column":14},"end":{"line":3,"column":null}},"2":{"start":{"line":15,"column":17},"end":{"line":15,"column":null}},"3":{"start":{"line":17,"column":2},"end":{"line":22,"column":null}},"4":{"start":{"line":18,"column":4},"end":{"line":21,"column":null}},"5":{"start":{"line":24,"column":41},"end":{"line":24,"column":null}},"6":{"start":{"line":25,"column":2},"end":{"line":28,"column":null}},"7":{"start":{"line":26,"column":17},"end":{"line":26,"column":null}},"8":{"start":{"line":27,"column":4},"end":{"line":27,"column":null}},"9":{"start":{"line":30,"column":2},"end":{"line":33,"column":null}}},"fnMap":{"0":{"name":"validateInput","decl":{"start":{"line":8,"column":16},"end":{"line":8,"column":33}},"loc":{"start":{"line":8,"column":70},"end":{"line":34,"column":null}}},"1":{"name":"(anonymous_5)","decl":{"start":{"line":25,"column":30},"end":{"line":25,"column":31}},"loc":{"start":{"line":25,"column":31},"end":{"line":28,"column":null}}}},"branchMap":{"0":{"loc":{"start":{"line":17,"column":2},"end":{"line":22,"column":null}},"type":"if","locations":[{"start":{"line":17,"column":2},"end":{"line":22,"column":null}},{"start":{},"end":{}}]}},"s":{"0":0,"1":0,"2":0,"3":0,"4":0,"5":0,"6":0,"7":0,"8":0,"9":0},"f":{"0":0,"1":0},"b":{"0":[0,0]}}
,"D:\\contri\\GreenPass-main\\src\\lib\\validation\\schemas.ts": {"path":"D:\\contri\\GreenPass-main\\src\\lib\\validation\\schemas.ts","statementMap":{"0":{"start":{"line":11,"column":13},"end":{"line":11,"column":29}},"1":{"start":{"line":60,"column":13},"end":{"line":60,"column":33}},"2":{"start":{"line":7,"column":13},"end":{"line":7,"column":33}},"3":{"start":{"line":6,"column":13},"end":{"line":6,"column":29}},"4":{"start":{"line":68,"column":13},"end":{"line":68,"column":30}},"5":{"start":{"line":36,"column":13},"end":{"line":36,"column":33}},"6":{"start":{"line":4,"column":13},"end":{"line":4,"column":33}},"7":{"start":{"line":18,"column":13},"end":{"line":18,"column":33}},"8":{"start":{"line":5,"column":13},"end":{"line":5,"column":41}},"9":{"start":{"line":54,"column":13},"end":{"line":54,"column":34}},"10":{"start":{"line":78,"column":13},"end":{"line":78,"column":33}},"11":{"start":{"line":24,"column":13},"end":{"line":24,"column":41}},"12":{"start":{"line":8,"column":13},"end":{"line":8,"column":33}},"13":{"start":{"line":9,"column":13},"end":{"line":9,"column":28}},"14":{"start":{"line":74,"column":13},"end":{"line":74,"column":34}},"15":{"start":{"line":90,"column":13},"end":{"line":90,"column":36}},"16":{"start":{"line":1,"column":18},"end":{"line":1,"column":null}},"17":{"start":{"line":4,"column":33},"end":{"line":4,"column":null}},"18":{"start":{"line":5,"column":41},"end":{"line":5,"column":null}},"19":{"start":{"line":6,"column":29},"end":{"line":6,"column":null}},"20":{"start":{"line":7,"column":33},"end":{"line":7,"column":null}},"21":{"start":{"line":8,"column":33},"end":{"line":8,"column":null}},"22":{"start":{"line":9,"column":28},"end":{"line":9,"column":null}},"23":{"start":{"line":11,"column":29},"end":{"line":15,"column":null}},"24":{"start":{"line":18,"column":33},"end":{"line":21,"column":null}},"25":{"start":{"line":24,"column":41},"end":{"line":33,"column":null}},"26":{"start":{"line":36,"column":33},"end":{"line":51,"column":null}},"27":{"start":{"line":38,"column":42},"end":{"line":38,"column":67}},"28":{"start":{"line":41,"column":43},"end":{"line":41,"column":68}},"29":{"start":{"line":54,"column":34},"end":{"line":58,"column":null}},"30":{"start":{"line":60,"column":33},"end":{"line":65,"column":null}},"31":{"start":{"line":68,"column":30},"end":{"line":71,"column":null}},"32":{"start":{"line":74,"column":34},"end":{"line":76,"column":null}},"33":{"start":{"line":78,"column":33},"end":{"line":88,"column":null}},"34":{"start":{"line":80,"column":16},"end":{"line":80,"column":null}},"35":{"start":{"line":81,"column":4},"end":{"line":81,"column":null}},"36":{"start":{"line":84,"column":16},"end":{"line":84,"column":null}},"37":{"start":{"line":85,"column":4},"end":{"line":85,"column":null}},"38":{"start":{"line":90,"column":36},"end":{"line":92,"column":null}}},"fnMap":{"0":{"name":"(anonymous_17)","decl":{"start":{"line":38,"column":33},"end":{"line":38,"column":34}},"loc":{"start":{"line":38,"column":42},"end":{"line":38,"column":67}}},"1":{"name":"(anonymous_18)","decl":{"start":{"line":41,"column":34},"end":{"line":41,"column":35}},"loc":{"start":{"line":41,"column":43},"end":{"line":41,"column":68}}},"2":{"name":"(anonymous_19)","decl":{"start":{"line":79,"column":50},"end":{"line":79,"column":null}},"loc":{"start":{"line":79,"column":50},"end":{"line":82,"column":5}}},"3":{"name":"(anonymous_20)","decl":{"start":{"line":83,"column":50},"end":{"line":83,"column":null}},"loc":{"start":{"line":83,"column":50},"end":{"line":86,"column":5}}}},"branchMap":{"0":{"loc":{"start":{"line":81,"column":11},"end":{"line":81,"column":null}},"type":"binary-expr","locations":[{"start":{"line":81,"column":11},"end":{"line":81,"column":25}},{"start":{"line":81,"column":25},"end":{"line":81,"column":null}}]},"1":{"loc":{"start":{"line":85,"column":11},"end":{"line":85,"column":null}},"type":"binary-expr","locations":[{"start":{"line":85,"column":11},"end":{"line":85,"column":26}},{"start":{"line":85,"column":26},"end":{"line":85,"column":null}}]}},"s":{"0":0,"1":0,"2":0,"3":0,"4":0,"5":0,"6":0,"7":0,"8":0,"9":0,"10":0,"11":0,"12":0,"13":0,"14":0,"15":0,"16":0,"17":0,"18":0,"19":0,"20":0,"21":0,"22":0,"23":0,"24":0,"25":0,"26":0,"27":0,"28":0,"29":0,"30":0,"31":0,"32":0,"33":0,"34":0,"35":0,"36":0,"37":0,"38":0},"f":{"0":0,"1":0,"2":0,"3":0},"b":{"0":[0,0],"1":[0,0]}}
}
