TN:
SF:src\components\AdminDashboard.tsx
FN:33,AdminDashboard
FN:62,(anonymous_6)
FN:71,(anonymous_7)
FN:74,(anonymous_8)
FN:77,(anonymous_9)
FN:135,(anonymous_10)
FN:143,(anonymous_11)
FN:170,(anonymous_12)
FN:190,(anonymous_13)
FN:212,(anonymous_14)
FN:225,(anonymous_15)
FN:241,(anonymous_16)
FN:247,(anonymous_17)
FN:267,(anonymous_18)
FN:274,(anonymous_19)
FN:287,(anonymous_20)
FN:288,(anonymous_21)
FN:293,(anonymous_22)
FN:306,(anonymous_23)
FN:318,(anonymous_24)
FN:390,(anonymous_26)
FN:406,(anonymous_27)
FN:420,(anonymous_28)
FN:434,(anonymous_29)
FN:525,(anonymous_30)
FN:526,(anonymous_31)
FN:613,(anonymous_32)
FN:666,(anonymous_33)
FN:685,(anonymous_34)
FN:698,(anonymous_35)
FN:708,(anonymous_36)
FN:721,(anonymous_37)
FN:738,(anonymous_38)
FN:749,(anonymous_39)
FN:764,(anonymous_40)
FNF:35
FNH:0
FNDA:0,AdminDashboard
FNDA:0,(anonymous_6)
FNDA:0,(anonymous_7)
FNDA:0,(anonymous_8)
FNDA:0,(anonymous_9)
FNDA:0,(anonymous_10)
FNDA:0,(anonymous_11)
FNDA:0,(anonymous_12)
FNDA:0,(anonymous_13)
FNDA:0,(anonymous_14)
FNDA:0,(anonymous_15)
FNDA:0,(anonymous_16)
FNDA:0,(anonymous_17)
FNDA:0,(anonymous_18)
FNDA:0,(anonymous_19)
FNDA:0,(anonymous_20)
FNDA:0,(anonymous_21)
FNDA:0,(anonymous_22)
FNDA:0,(anonymous_23)
FNDA:0,(anonymous_24)
FNDA:0,(anonymous_26)
FNDA:0,(anonymous_27)
FNDA:0,(anonymous_28)
FNDA:0,(anonymous_29)
FNDA:0,(anonymous_30)
FNDA:0,(anonymous_31)
FNDA:0,(anonymous_32)
FNDA:0,(anonymous_33)
FNDA:0,(anonymous_34)
FNDA:0,(anonymous_35)
FNDA:0,(anonymous_36)
FNDA:0,(anonymous_37)
FNDA:0,(anonymous_38)
FNDA:0,(anonymous_39)
FNDA:0,(anonymous_40)
DA:3,0
DA:4,0
DA:5,0
DA:22,0
DA:23,0
DA:24,0
DA:25,0
DA:27,0
DA:28,0
DA:29,0
DA:30,0
DA:31,0
DA:33,0
DA:34,0
DA:49,0
DA:50,0
DA:51,0
DA:52,0
DA:53,0
DA:54,0
DA:55,0
DA:56,0
DA:57,0
DA:59,0
DA:62,0
DA:64,0
DA:65,0
DA:67,0
DA:70,0
DA:71,0
DA:74,0
DA:75,0
DA:76,0
DA:77,0
DA:79,0
DA:81,0
DA:82,0
DA:83,0
DA:86,0
DA:87,0
DA:88,0
DA:89,0
DA:91,0
DA:92,0
DA:102,0
DA:106,0
DA:109,0
DA:110,0
DA:111,0
DA:117,0
DA:118,0
DA:127,0
DA:128,0
DA:131,0
DA:135,0
DA:137,0
DA:139,0
DA:143,0
DA:144,0
DA:145,0
DA:153,0
DA:162,0
DA:163,0
DA:164,0
DA:167,0
DA:168,0
DA:169,0
DA:170,0
DA:172,0
DA:173,0
DA:186,0
DA:187,0
DA:190,0
DA:206,0
DA:209,0
DA:212,0
DA:213,0
DA:218,0
DA:224,0
DA:225,0
DA:226,0
DA:229,0
DA:232,0
DA:234,0
DA:236,0
DA:240,0
DA:242,0
DA:243,0
DA:244,0
DA:246,0
DA:247,0
DA:258,0
DA:259,0
DA:262,0
DA:267,0
DA:268,0
DA:269,0
DA:270,0
DA:271,0
DA:274,0
DA:275,0
DA:276,0
DA:277,0
DA:278,0
DA:279,0
DA:280,0
DA:282,0
DA:287,0
DA:288,0
DA:289,0
DA:290,0
DA:293,0
DA:294,0
DA:299,0
DA:305,0
DA:306,0
DA:307,0
DA:310,0
DA:313,0
DA:314,0
DA:318,0
DA:320,0
DA:321,0
DA:322,0
DA:357,0
DA:390,0
DA:406,0
DA:420,0
DA:434,0
DA:526,0
DA:527,0
DA:528,0
DA:529,0
DA:531,0
DA:614,0
DA:666,0
DA:685,0
DA:698,0
DA:708,0
DA:721,0
DA:738,0
DA:750,0
DA:751,0
DA:764,0
LF:144
LH:0
BRDA:91,0,0,0
BRDA:91,0,1,0
BRDA:102,1,0,0
BRDA:102,1,1,0
BRDA:102,1,2,0
BRDA:106,2,0,0
BRDA:106,2,1,0
BRDA:109,3,0,0
BRDA:109,3,1,0
BRDA:109,4,0,0
BRDA:109,4,1,0
BRDA:117,5,0,0
BRDA:117,5,1,0
BRDA:127,6,0,0
BRDA:127,6,1,0
BRDA:168,7,0,0
BRDA:168,7,1,0
BRDA:169,8,0,0
BRDA:169,8,1,0
BRDA:170,9,0,0
BRDA:170,9,1,0
BRDA:170,9,2,0
BRDA:172,10,0,0
BRDA:172,10,1,0
BRDA:244,11,0,0
BRDA:244,11,1,0
BRDA:246,12,0,0
BRDA:246,12,1,0
BRDA:246,13,0,0
BRDA:246,13,1,0
BRDA:246,13,2,0
BRDA:258,14,0,0
BRDA:258,14,1,0
BRDA:269,15,0,0
BRDA:269,15,1,0
BRDA:275,16,0,0
BRDA:275,16,1,0
BRDA:275,17,0,0
BRDA:275,17,1,0
BRDA:313,18,0,0
BRDA:313,18,1,0
BRDA:347,19,0,0
BRDA:348,20,0,0
BRDA:351,21,0,0
BRDA:351,21,1,0
BRDA:357,22,0,0
BRDA:357,22,1,0
BRDA:394,23,0,0
BRDA:394,23,1,0
BRDA:407,24,0,0
BRDA:407,24,1,0
BRDA:411,25,0,0
BRDA:421,26,0,0
BRDA:421,26,1,0
BRDA:425,27,0,0
BRDA:435,28,0,0
BRDA:435,28,1,0
BRDA:438,29,0,0
BRDA:438,29,1,0
BRDA:440,30,0,0
BRDA:447,31,0,0
BRDA:470,32,0,0
BRDA:470,32,1,0
BRDA:477,33,0,0
BRDA:477,33,1,0
BRDA:527,34,0,0
BRDA:527,34,1,0
BRDA:541,35,0,0
BRDA:541,35,1,0
BRDA:542,36,0,0
BRDA:542,36,1,0
BRDA:543,37,0,0
BRDA:543,37,1,0
BRDA:552,38,0,0
BRDA:552,38,1,0
BRDA:554,39,0,0
BRDA:554,39,1,0
BRDA:562,40,0,0
BRDA:572,41,0,0
BRDA:613,42,0,0
BRDA:615,43,0,0
BRDA:615,43,1,0
BRDA:615,44,0,0
BRDA:615,44,1,0
BRDA:616,45,0,0
BRDA:616,45,1,0
BRDA:620,46,0,0
BRDA:619,47,0,0
BRDA:619,47,1,0
BRDA:622,48,0,0
BRDA:644,49,0,0
BRDA:650,50,0,0
BRDA:650,50,1,0
BRDA:720,51,0,0
BRDA:720,51,1,0
BRDA:721,52,0,0
BRDA:721,52,1,0
BRDA:755,53,0,0
BRDA:755,53,1,0
BRDA:756,54,0,0
BRDA:756,54,1,0
BRDA:757,55,0,0
BRDA:757,55,1,0
BRDA:779,56,0,0
BRDA:779,56,1,0
BRDA:780,57,0,0
BRDA:780,57,1,0
BRDA:785,58,0,0
BRDA:785,58,1,0
BRDA:786,59,0,0
BRDA:786,59,1,0
BRDA:791,60,0,0
BRDA:791,60,1,0
BRF:113
BRH:0
end_of_record
TN:
SF:src\components\ConnectionStatusIndicator.tsx
FN:16,ConnectionStatusIndicator
FN:24,(anonymous_3)
FN:71,(anonymous_4)
FNF:3
FNH:0
FNDA:0,ConnectionStatusIndicator
FNDA:0,(anonymous_3)
FNDA:0,(anonymous_4)
DA:3,0
DA:4,0
DA:16,0
DA:22,0
DA:24,0
DA:25,0
DA:27,0
DA:36,0
DA:46,0
DA:57,0
DA:58,0
DA:72,0
DA:73,0
DA:74,0
LF:14
LH:0
BRDA:19,0,0,0
BRDA:22,1,0,0
BRDA:22,1,1,0
BRDA:25,2,0,0
BRDA:25,2,1,0
BRDA:25,2,2,0
BRDA:25,2,3,0
BRDA:69,3,0,0
BRDA:69,3,1,0
BRF:9
BRH:0
end_of_record
TN:
SF:src\components\DatabaseStatusBanner.tsx
FN:7,DatabaseStatusBanner
FN:15,(anonymous_5)
FN:16,(anonymous_6)
FN:33,(anonymous_7)
FN:86,(anonymous_8)
FN:95,(anonymous_9)
FNF:6
FNH:0
FNDA:0,DatabaseStatusBanner
FNDA:0,(anonymous_5)
FNDA:0,(anonymous_6)
FNDA:0,(anonymous_7)
FNDA:0,(anonymous_8)
FNDA:0,(anonymous_9)
DA:3,0
DA:4,0
DA:5,0
DA:7,0
DA:8,0
DA:13,0
DA:15,0
DA:16,0
DA:17,0
DA:18,0
DA:21,0
DA:22,0
DA:26,0
DA:29,0
DA:30,0
DA:33,0
DA:34,0
DA:35,0
DA:43,0
DA:44,0
DA:52,0
DA:60,0
DA:61,0
DA:62,0
DA:63,0
DA:86,0
DA:95,0
LF:27
LH:0
BRDA:21,0,0,0
BRDA:21,0,1,0
BRDA:21,1,0,0
BRDA:21,1,1,0
BRDA:29,2,0,0
BRDA:29,2,1,0
BRDA:29,3,0,0
BRDA:29,3,1,0
BRDA:29,3,2,0
BRDA:29,3,3,0
BRDA:34,4,0,0
BRDA:34,4,1,0
BRDA:43,5,0,0
BRDA:43,5,1,0
BRDA:54,6,0,0
BRDA:54,6,1,0
BRDA:61,7,0,0
BRDA:61,7,1,0
BRDA:62,8,0,0
BRDA:62,8,1,0
BRDA:63,9,0,0
BRDA:63,9,1,0
BRDA:70,10,0,0
BRDA:88,11,0,0
BRDA:88,11,1,0
BRDA:97,12,0,0
BRDA:97,12,1,0
BRF:27
BRH:0
end_of_record
TN:
SF:src\components\EcoCapacityAlert.tsx
FN:12,(anonymous_2)
FNF:1
FNH:1
FNDA:3,(anonymous_2)
DA:3,1
DA:4,1
DA:12,1
DA:17,3
DA:19,3
DA:21,2
DA:46,3
LF:7
LH:7
BRDA:15,0,0,3
BRDA:19,1,0,1
BRDA:19,1,1,2
BRDA:25,2,0,1
BRDA:25,2,1,1
BRDA:30,3,0,1
BRDA:36,4,0,1
BRDA:36,4,1,1
BRF:8
BRH:8
end_of_record
TN:
SF:src\components\EcoSensitivityBadge.tsx
FN:10,(anonymous_2)
FNF:1
FNH:1
FNDA:4,(anonymous_2)
DA:1,1
DA:2,1
DA:10,1
DA:11,4
DA:30,4
DA:44,4
LF:6
LH:6
BRDA:10,0,0,4
BRDA:30,1,0,4
BRDA:30,1,1,0
BRF:3
BRH:2
end_of_record
TN:
SF:src\components\EcologicalDashboard.tsx
FN:67,(anonymous_4)
FN:77,(anonymous_5)
FN:111,EcologicalDashboard
FN:135,(anonymous_8)
FN:151,(anonymous_9)
FN:152,(anonymous_10)
FN:163,(anonymous_11)
FN:167,(anonymous_12)
FN:170,(anonymous_13)
FN:178,(anonymous_14)
FN:199,(anonymous_15)
FN:209,(anonymous_16)
FN:228,(anonymous_17)
FN:233,(anonymous_18)
FN:234,(anonymous_19)
FN:249,(anonymous_20)
FN:260,(anonymous_21)
FN:264,(anonymous_22)
FN:266,(anonymous_23)
FN:268,(anonymous_24)
FN:273,(anonymous_25)
FN:275,(anonymous_26)
FN:288,(anonymous_27)
FN:316,(anonymous_28)
FN:334,(anonymous_29)
FN:338,(anonymous_30)
FN:359,(anonymous_31)
FN:377,(anonymous_32)
FN:433,(anonymous_33)
FN:436,(anonymous_34)
FN:462,(anonymous_35)
FN:466,(anonymous_36)
FN:471,(anonymous_37)
FN:474,(anonymous_38)
FN:494,(anonymous_39)
FN:502,(anonymous_40)
FN:526,(anonymous_41)
FN:600,(anonymous_42)
FN:643,(anonymous_43)
FN:702,(anonymous_44)
FN:764,(anonymous_45)
FN:790,(anonymous_46)
FN:793,(anonymous_47)
FN:814,(anonymous_48)
FN:875,(anonymous_49)
FN:896,(anonymous_50)
FN:904,(anonymous_51)
FN:914,(anonymous_52)
FN:929,(anonymous_53)
FN:949,(anonymous_54)
FN:964,(anonymous_55)
FN:1036,(anonymous_56)
FN:1076,(anonymous_57)
FN:1142,(anonymous_58)
FNF:54
FNH:0
FNDA:0,(anonymous_4)
FNDA:0,(anonymous_5)
FNDA:0,EcologicalDashboard
FNDA:0,(anonymous_8)
FNDA:0,(anonymous_9)
FNDA:0,(anonymous_10)
FNDA:0,(anonymous_11)
FNDA:0,(anonymous_12)
FNDA:0,(anonymous_13)
FNDA:0,(anonymous_14)
FNDA:0,(anonymous_15)
FNDA:0,(anonymous_16)
FNDA:0,(anonymous_17)
FNDA:0,(anonymous_18)
FNDA:0,(anonymous_19)
FNDA:0,(anonymous_20)
FNDA:0,(anonymous_21)
FNDA:0,(anonymous_22)
FNDA:0,(anonymous_23)
FNDA:0,(anonymous_24)
FNDA:0,(anonymous_25)
FNDA:0,(anonymous_26)
FNDA:0,(anonymous_27)
FNDA:0,(anonymous_28)
FNDA:0,(anonymous_29)
FNDA:0,(anonymous_30)
FNDA:0,(anonymous_31)
FNDA:0,(anonymous_32)
FNDA:0,(anonymous_33)
FNDA:0,(anonymous_34)
FNDA:0,(anonymous_35)
FNDA:0,(anonymous_36)
FNDA:0,(anonymous_37)
FNDA:0,(anonymous_38)
FNDA:0,(anonymous_39)
FNDA:0,(anonymous_40)
FNDA:0,(anonymous_41)
FNDA:0,(anonymous_42)
FNDA:0,(anonymous_43)
FNDA:0,(anonymous_44)
FNDA:0,(anonymous_45)
FNDA:0,(anonymous_46)
FNDA:0,(anonymous_47)
FNDA:0,(anonymous_48)
FNDA:0,(anonymous_49)
FNDA:0,(anonymous_50)
FNDA:0,(anonymous_51)
FNDA:0,(anonymous_52)
FNDA:0,(anonymous_53)
FNDA:0,(anonymous_54)
FNDA:0,(anonymous_55)
FNDA:0,(anonymous_56)
FNDA:0,(anonymous_57)
FNDA:0,(anonymous_58)
DA:3,0
DA:17,0
DA:30,0
DA:31,0
DA:33,0
DA:34,0
DA:39,0
DA:67,0
DA:68,0
DA:69,0
DA:70,0
DA:71,0
DA:72,0
DA:73,0
DA:77,0
DA:78,0
DA:79,0
DA:80,0
DA:81,0
DA:111,0
DA:112,0
DA:113,0
DA:114,0
DA:115,0
DA:116,0
DA:117,0
DA:118,0
DA:119,0
DA:120,0
DA:128,0
DA:129,0
DA:130,0
DA:131,0
DA:132,0
DA:133,0
DA:135,0
DA:136,0
DA:137,0
DA:138,0
DA:139,0
DA:140,0
DA:142,0
DA:145,0
DA:146,0
DA:147,0
DA:148,0
DA:149,0
DA:150,0
DA:151,0
DA:152,0
DA:154,0
DA:159,0
DA:162,0
DA:163,0
DA:164,0
DA:167,0
DA:170,0
DA:172,0
DA:174,0
DA:178,0
DA:179,0
DA:180,0
DA:182,0
DA:183,0
DA:184,0
DA:187,0
DA:195,0
DA:196,0
DA:199,0
DA:200,0
DA:201,0
DA:203,0
DA:204,0
DA:205,0
DA:209,0
DA:210,0
DA:211,0
DA:219,0
DA:222,0
DA:223,0
DA:227,0
DA:228,0
DA:232,0
DA:233,0
DA:234,0
DA:235,0
DA:241,0
DA:249,0
DA:250,0
DA:253,0
DA:256,0
DA:257,0
DA:258,0
DA:260,0
DA:261,0
DA:264,0
DA:265,0
DA:266,0
DA:268,0
DA:269,0
DA:273,0
DA:274,0
DA:275,0
DA:276,0
DA:278,0
DA:288,0
DA:289,0
DA:290,0
DA:300,0
DA:301,0
DA:312,0
DA:316,0
DA:317,0
DA:318,0
DA:319,0
DA:321,0
DA:324,0
DA:326,0
DA:327,0
DA:329,0
DA:330,0
DA:334,0
DA:335,0
DA:338,0
DA:339,0
DA:343,0
DA:352,0
DA:359,0
DA:377,0
DA:433,0
DA:437,0
DA:462,0
DA:467,0
DA:472,0
DA:474,0
DA:495,0
DA:496,0
DA:502,0
DA:526,0
DA:601,0
DA:602,0
DA:603,0
DA:644,0
DA:645,0
DA:646,0
DA:702,0
DA:765,0
DA:791,0
DA:793,0
DA:815,0
DA:816,0
DA:876,0
DA:897,0
DA:905,0
DA:915,0
DA:930,0
DA:950,0
DA:965,0
DA:966,0
DA:968,0
DA:1037,0
DA:1077,0
DA:1143,0
LF:163
LH:0
BRDA:68,0,0,0
BRDA:68,0,1,0
BRDA:68,0,2,0
BRDA:68,0,3,0
BRDA:68,0,4,0
BRDA:78,1,0,0
BRDA:78,1,1,0
BRDA:79,2,0,0
BRDA:79,2,1,0
BRDA:80,3,0,0
BRDA:80,3,1,0
BRDA:102,4,0,0
BRDA:164,5,0,0
BRDA:164,5,1,0
BRDA:178,6,0,0
BRDA:179,7,0,0
BRDA:179,7,1,0
BRDA:200,8,0,0
BRDA:200,8,1,0
BRDA:204,9,0,0
BRDA:204,9,1,0
BRDA:210,10,0,0
BRDA:210,10,1,0
BRDA:223,11,0,0
BRDA:223,11,1,0
BRDA:235,12,0,0
BRDA:235,12,1,0
BRDA:260,13,0,0
BRDA:260,13,1,0
BRDA:265,14,0,0
BRDA:265,14,1,0
BRDA:269,15,0,0
BRDA:269,15,1,0
BRDA:269,15,2,0
BRDA:289,16,0,0
BRDA:289,16,1,0
BRDA:300,17,0,0
BRDA:300,17,1,0
BRDA:318,18,0,0
BRDA:318,18,1,0
BRDA:343,19,0,0
BRDA:343,19,1,0
BRDA:352,20,0,0
BRDA:352,20,1,0
BRDA:381,21,0,0
BRDA:381,21,1,0
BRDA:382,22,0,0
BRDA:382,22,1,0
BRDA:440,23,0,0
BRDA:440,23,1,0
BRDA:441,24,0,0
BRDA:441,24,1,0
BRDA:442,25,0,0
BRDA:442,25,1,0
BRDA:476,26,0,0
BRDA:476,26,1,0
BRDA:622,27,0,0
BRDA:622,27,1,0
BRDA:676,28,0,0
BRDA:676,28,1,0
BRDA:717,29,0,0
BRDA:717,29,1,0
BRDA:721,30,0,0
BRDA:721,30,1,0
BRDA:738,31,0,0
BRDA:738,31,1,0
BRDA:738,32,0,0
BRDA:738,32,1,0
BRDA:752,33,0,0
BRDA:795,34,0,0
BRDA:795,34,1,0
BRDA:800,35,0,0
BRDA:800,35,1,0
BRDA:800,36,0,0
BRDA:800,36,1,0
BRDA:904,37,0,0
BRDA:904,37,1,0
BRDA:915,38,0,0
BRDA:915,38,1,0
BRDA:949,39,0,0
BRDA:949,39,1,0
BRDA:1003,40,0,0
BRDA:1003,40,1,0
BRDA:1004,41,0,0
BRDA:1004,41,1,0
BRDA:1007,42,0,0
BRDA:1007,42,1,0
BRDA:1008,43,0,0
BRDA:1008,43,1,0
BRDA:1047,44,0,0
BRDA:1047,44,1,0
BRDA:1048,45,0,0
BRDA:1048,45,1,0
BRDA:1049,46,0,0
BRDA:1049,46,1,0
BRDA:1060,47,0,0
BRDA:1060,47,1,0
BRDA:1061,48,0,0
BRDA:1061,48,1,0
BRDA:1062,49,0,0
BRDA:1062,49,1,0
BRDA:1086,50,0,0
BRDA:1086,50,1,0
BRDA:1087,51,0,0
BRDA:1087,51,1,0
BRDA:1088,52,0,0
BRDA:1088,52,1,0
BRDA:1104,53,0,0
BRDA:1104,53,1,0
BRDA:1105,54,0,0
BRDA:1105,54,1,0
BRDA:1106,55,0,0
BRDA:1106,55,1,0
BRDA:1142,56,0,0
BRDA:1145,57,0,0
BRDA:1145,57,1,0
BRDA:1145,58,0,0
BRDA:1145,58,1,0
BRDA:1146,59,0,0
BRDA:1146,59,1,0
BRDA:1150,60,0,0
BRDA:1149,61,0,0
BRDA:1149,61,1,0
BRDA:1152,62,0,0
BRDA:1165,63,0,0
BRDA:1165,63,1,0
BRDA:1166,64,0,0
BRDA:1166,64,1,0
BRF:128
BRH:0
end_of_record
TN:
SF:src\components\ErrorBoundary.tsx
FN:15,(anonymous_2)
FN:20,(anonymous_3)
FN:24,(anonymous_4)
FN:28,(anonymous_5)
FN:45,(anonymous_6)
FN:52,(anonymous_7)
FNF:6
FNH:4
FNDA:6,(anonymous_2)
FNDA:4,(anonymous_3)
FNDA:2,(anonymous_4)
FNDA:10,(anonymous_5)
FNDA:0,(anonymous_6)
FNDA:0,(anonymous_7)
DA:3,4
DA:4,4
DA:16,6
DA:17,5
DA:21,4
DA:25,2
DA:29,10
DA:45,0
DA:53,0
DA:54,0
DA:55,0
DA:67,6
DA:71,4
LF:13
LH:9
BRDA:29,0,0,4
BRDA:29,0,1,6
BRDA:38,1,0,2
BRDA:38,1,1,2
BRF:4
BRH:4
end_of_record
TN:
SF:src\components\Header.tsx
FN:14,Header
FN:23,(anonymous_6)
FN:27,(anonymous_7)
FN:32,(anonymous_8)
FN:38,(anonymous_9)
FN:42,(anonymous_10)
FN:63,(anonymous_11)
FN:96,(anonymous_12)
FN:137,(anonymous_13)
FN:174,(anonymous_14)
FN:183,(anonymous_15)
FN:192,(anonymous_16)
FN:231,(anonymous_17)
FN:239,(anonymous_18)
FN:252,(anonymous_19)
FNF:15
FNH:0
FNDA:0,Header
FNDA:0,(anonymous_6)
FNDA:0,(anonymous_7)
FNDA:0,(anonymous_8)
FNDA:0,(anonymous_9)
FNDA:0,(anonymous_10)
FNDA:0,(anonymous_11)
FNDA:0,(anonymous_12)
FNDA:0,(anonymous_13)
FNDA:0,(anonymous_14)
FNDA:0,(anonymous_15)
FNDA:0,(anonymous_16)
FNDA:0,(anonymous_17)
FNDA:0,(anonymous_18)
FNDA:0,(anonymous_19)
DA:3,0
DA:4,0
DA:5,0
DA:6,0
DA:7,0
DA:8,0
DA:14,0
DA:15,0
DA:16,0
DA:17,0
DA:18,0
DA:19,0
DA:20,0
DA:22,0
DA:23,0
DA:24,0
DA:25,0
DA:27,0
DA:28,0
DA:29,0
DA:32,0
DA:33,0
DA:34,0
DA:35,0
DA:38,0
DA:39,0
DA:42,0
DA:43,0
DA:63,0
DA:96,0
DA:137,0
DA:174,0
DA:183,0
DA:192,0
DA:231,0
DA:239,0
DA:252,0
LF:37
LH:0
BRDA:105,0,0,0
BRDA:105,0,1,0
BRDA:105,0,2,0
BRDA:108,1,0,0
BRDA:108,1,1,0
BRDA:112,2,0,0
BRDA:112,2,1,0
BRDA:114,3,0,0
BRDA:114,3,1,0
BRDA:118,4,0,0
BRDA:129,5,0,0
BRDA:129,5,1,0
BRDA:145,6,0,0
BRDA:161,7,0,0
BRDA:161,7,1,0
BRDA:164,8,0,0
BRDA:218,9,0,0
BRDA:218,9,1,0
BRDA:221,10,0,0
BRF:19
BRH:0
end_of_record
TN:
SF:src\components\Layout.tsx
FN:17,Layout
FN:34,(anonymous_3)
FNF:2
FNH:0
FNDA:0,Layout
FNDA:0,(anonymous_3)
DA:3,0
DA:4,0
DA:5,0
DA:6,0
DA:7,0
DA:8,0
DA:9,0
DA:17,0
DA:18,0
DA:19,0
DA:22,0
DA:34,0
LF:12
LH:0
BRDA:17,0,0,0
BRDA:17,1,0,0
BRDA:22,2,0,0
BRDA:22,2,1,0
BRDA:22,3,0,0
BRDA:22,3,1,0
BRF:6
BRH:0
end_of_record
TN:
SF:src\components\OTPVerification.tsx
FN:14,OTPVerification
FN:28,(anonymous_6)
FN:30,(anonymous_7)
FN:33,(anonymous_8)
FN:37,(anonymous_9)
FN:39,(anonymous_10)
FN:40,(anonymous_11)
FN:45,(anonymous_12)
FN:49,(anonymous_13)
FN:64,(anonymous_14)
FN:69,(anonymous_15)
FN:78,(anonymous_16)
FN:100,(anonymous_17)
FN:124,(anonymous_18)
FN:187,(anonymous_19)
FN:190,(anonymous_20)
FN:195,(anonymous_21)
FN:196,(anonymous_22)
FNF:18
FNH:18
FNDA:95,OTPVerification
FNDA:7,(anonymous_6)
FNDA:2,(anonymous_7)
FNDA:7,(anonymous_8)
FNDA:68,(anonymous_9)
FNDA:60,(anonymous_10)
FNDA:60,(anonymous_11)
FNDA:7,(anonymous_12)
FNDA:20,(anonymous_13)
FNDA:83,(anonymous_14)
FNDA:21,(anonymous_15)
FNDA:3,(anonymous_16)
FNDA:4,(anonymous_17)
FNDA:1,(anonymous_18)
FNDA:570,(anonymous_19)
FNDA:1140,(anonymous_20)
FNDA:20,(anonymous_21)
FNDA:21,(anonymous_22)
DA:4,1
DA:5,1
DA:14,7
DA:20,95
DA:21,95
DA:22,95
DA:23,95
DA:24,95
DA:25,95
DA:28,95
DA:30,7
DA:31,2
DA:33,7
DA:37,95
DA:38,68
DA:39,60
DA:40,60
DA:45,95
DA:46,7
DA:49,95
DA:51,20
DA:53,20
DA:54,20
DA:55,20
DA:56,20
DA:59,20
DA:60,17
DA:64,83
DA:65,3
DA:69,95
DA:70,21
DA:71,1
DA:72,1
DA:73,1
DA:74,1
DA:78,95
DA:79,3
DA:80,3
DA:82,3
DA:83,1
DA:84,1
DA:87,2
DA:88,2
DA:91,2
DA:92,2
DA:95,2
DA:96,1
DA:100,95
DA:101,4
DA:102,4
DA:104,4
DA:105,4
DA:107,4
DA:108,3
DA:111,1
DA:112,1
DA:113,1
DA:116,0
DA:117,0
DA:118,0
DA:120,4
DA:124,95
DA:125,1
DA:127,1
DA:128,1
DA:130,1
DA:131,1
DA:133,1
DA:134,1
DA:135,1
DA:136,1
DA:138,0
DA:141,0
DA:143,1
DA:188,570
DA:190,1140
DA:195,20
DA:196,21
LF:78
LH:73
BRDA:38,0,0,60
BRDA:38,0,1,8
BRDA:51,1,0,0
BRDA:51,1,1,20
BRDA:51,2,0,20
BRDA:51,2,1,20
BRDA:59,3,0,17
BRDA:59,3,1,3
BRDA:59,4,0,20
BRDA:59,4,1,20
BRDA:64,5,0,3
BRDA:64,5,1,17
BRDA:64,6,0,20
BRDA:64,6,1,3
BRDA:70,7,0,1
BRDA:70,7,1,20
BRDA:70,8,0,21
BRDA:70,8,1,1
BRDA:70,8,2,1
BRDA:82,9,0,1
BRDA:82,9,1,2
BRDA:95,10,0,1
BRDA:95,10,1,1
BRDA:107,11,0,3
BRDA:107,11,1,1
BRDA:111,12,0,1
BRDA:111,12,1,0
BRDA:125,13,0,0
BRDA:125,13,1,1
BRDA:133,14,0,1
BRDA:133,14,1,0
BRDA:138,15,0,0
BRDA:138,15,1,0
BRDA:168,16,0,95
BRDA:174,17,0,95
BRDA:197,18,0,570
BRDA:197,18,1,540
BRDA:200,19,0,85
BRDA:200,19,1,485
BRDA:204,20,0,36
BRDA:204,20,1,534
BRDA:204,21,0,570
BRDA:204,21,1,540
BRDA:206,22,0,12
BRDA:206,22,1,558
BRDA:218,23,0,95
BRDA:218,23,1,90
BRDA:220,24,0,60
BRDA:220,24,1,35
BRDA:225,25,0,5
BRDA:225,25,1,90
BRDA:226,26,0,60
BRDA:226,26,1,35
BRF:53
BRH:47
end_of_record
TN:
SF:src\components\ProtectedRoute.tsx
FN:12,ProtectedRoute
FN:16,(anonymous_5)
FNF:2
FNH:2
FNDA:5,ProtectedRoute
FNDA:5,(anonymous_5)
DA:3,1
DA:4,1
DA:5,1
DA:12,5
DA:13,5
DA:14,5
DA:16,5
DA:17,5
DA:18,4
DA:19,1
DA:20,1
DA:23,3
DA:24,1
DA:25,1
DA:30,5
DA:41,4
DA:42,2
LF:17
LH:17
BRDA:12,0,0,3
BRDA:17,1,0,4
BRDA:17,1,1,1
BRDA:18,2,0,1
BRDA:18,2,1,3
BRDA:23,3,0,1
BRDA:23,3,1,2
BRDA:23,4,0,3
BRDA:23,4,1,2
BRDA:30,5,0,1
BRDA:30,5,1,4
BRDA:41,6,0,2
BRDA:41,6,1,2
BRDA:41,7,0,4
BRDA:41,7,1,3
BRDA:41,7,2,2
BRF:16
BRH:16
end_of_record
TN:
SF:src\components\Sidebar.tsx
FN:42,Sidebar
FN:50,(anonymous_6)
FN:53,(anonymous_7)
FN:59,(anonymous_8)
FN:65,(anonymous_9)
FN:70,(anonymous_10)
FN:74,(anonymous_11)
FN:88,(anonymous_12)
FN:121,(anonymous_13)
FN:131,(anonymous_14)
FN:139,(anonymous_15)
FNF:11
FNH:0
FNDA:0,Sidebar
FNDA:0,(anonymous_6)
FNDA:0,(anonymous_7)
FNDA:0,(anonymous_8)
FNDA:0,(anonymous_9)
FNDA:0,(anonymous_10)
FNDA:0,(anonymous_11)
FNDA:0,(anonymous_12)
FNDA:0,(anonymous_13)
FNDA:0,(anonymous_14)
FNDA:0,(anonymous_15)
DA:3,0
DA:4,0
DA:5,0
DA:6,0
DA:7,0
DA:21,0
DA:23,0
DA:42,0
DA:43,0
DA:44,0
DA:45,0
DA:46,0
DA:49,0
DA:50,0
DA:53,0
DA:54,0
DA:55,0
DA:57,0
DA:59,0
DA:60,0
DA:65,0
DA:66,0
DA:67,0
DA:70,0
DA:71,0
DA:74,0
DA:75,0
DA:76,0
DA:78,0
DA:88,0
DA:121,0
DA:132,0
DA:133,0
DA:135,0
DA:139,0
LF:35
LH:0
BRDA:54,0,0,0
BRDA:54,0,1,0
BRDA:76,1,0,0
BRDA:76,1,1,0
BRDA:85,2,0,0
BRDA:101,3,0,0
BRDA:101,3,1,0
BRDA:140,4,0,0
BRDA:140,4,1,0
BRDA:143,5,0,0
BRDA:143,5,1,0
BRF:11
BRH:0
end_of_record
TN:
SF:src\components\Toast.tsx
FN:35,Toast
FN:39,(anonymous_7)
FN:41,(anonymous_8)
FN:44,(anonymous_9)
FN:67,(anonymous_10)
FN:83,ToastContainer
FN:91,(anonymous_12)
FNF:7
FNH:0
FNDA:0,Toast
FNDA:0,(anonymous_7)
FNDA:0,(anonymous_8)
FNDA:0,(anonymous_9)
FNDA:0,(anonymous_10)
FNDA:0,ToastContainer
FNDA:0,(anonymous_12)
DA:3,0
DA:4,0
DA:12,0
DA:35,0
DA:36,0
DA:37,0
DA:39,0
DA:40,0
DA:41,0
DA:42,0
DA:44,0
DA:67,0
DA:83,0
DA:84,0
DA:92,0
LF:15
LH:0
BRDA:37,0,0,0
BRDA:37,0,1,0
BRDA:37,1,0,0
BRDA:37,1,1,0
BRDA:40,2,0,0
BRDA:40,2,1,0
BRDA:61,3,0,0
BRDA:65,4,0,0
BRDA:84,5,0,0
BRDA:84,5,1,0
BRF:10
BRH:0
end_of_record
TN:
SF:src\components\TouristHeader.tsx
FN:15,TouristHeader
FN:23,(anonymous_6)
FN:27,(anonymous_7)
FN:32,(anonymous_8)
FN:38,(anonymous_9)
FN:78,(anonymous_10)
FN:135,(anonymous_11)
FN:173,(anonymous_12)
FN:184,(anonymous_13)
FN:195,(anonymous_14)
FN:233,(anonymous_15)
FN:243,(anonymous_16)
FN:253,(anonymous_17)
FN:267,(anonymous_18)
FNF:14
FNH:0
FNDA:0,TouristHeader
FNDA:0,(anonymous_6)
FNDA:0,(anonymous_7)
FNDA:0,(anonymous_8)
FNDA:0,(anonymous_9)
FNDA:0,(anonymous_10)
FNDA:0,(anonymous_11)
FNDA:0,(anonymous_12)
FNDA:0,(anonymous_13)
FNDA:0,(anonymous_14)
FNDA:0,(anonymous_15)
FNDA:0,(anonymous_16)
FNDA:0,(anonymous_17)
FNDA:0,(anonymous_18)
DA:3,0
DA:4,0
DA:5,0
DA:6,0
DA:7,0
DA:8,0
DA:15,0
DA:16,0
DA:17,0
DA:18,0
DA:19,0
DA:20,0
DA:22,0
DA:23,0
DA:24,0
DA:25,0
DA:27,0
DA:28,0
DA:29,0
DA:32,0
DA:33,0
DA:34,0
DA:35,0
DA:38,0
DA:39,0
DA:78,0
DA:135,0
DA:173,0
DA:184,0
DA:195,0
DA:233,0
DA:243,0
DA:253,0
DA:267,0
LF:34
LH:0
BRDA:53,0,0,0
BRDA:53,0,1,0
BRDA:128,1,0,0
BRDA:128,1,1,0
BRDA:128,1,2,0
BRDA:144,2,0,0
BRDA:144,2,1,0
BRDA:148,3,0,0
BRDA:160,4,0,0
BRDA:160,4,1,0
BRDA:160,4,2,0
BRDA:219,5,0,0
BRDA:219,5,1,0
BRDA:222,6,0,0
BRF:14
BRH:0
end_of_record
TN:
SF:src\components\TouristLayout.tsx
FN:12,TouristLayout
FN:38,(anonymous_6)
FN:42,(anonymous_7)
FNF:3
FNH:0
FNDA:0,TouristLayout
FNDA:0,(anonymous_6)
FNDA:0,(anonymous_7)
DA:3,0
DA:4,0
DA:5,0
DA:6,0
DA:12,0
DA:14,0
DA:38,0
DA:42,0
LF:8
LH:0
BRF:0
BRH:0
end_of_record
TN:
SF:src\components\TouristSidebar.tsx
FN:59,TouristSidebar
FN:69,(anonymous_6)
FN:72,(anonymous_7)
FN:77,(anonymous_8)
FN:81,(anonymous_9)
FN:95,(anonymous_10)
FN:96,(anonymous_11)
FN:151,(anonymous_12)
FN:154,(anonymous_13)
FN:171,(anonymous_14)
FN:205,(anonymous_15)
FN:215,(anonymous_16)
FN:223,(anonymous_17)
FNF:13
FNH:0
FNDA:0,TouristSidebar
FNDA:0,(anonymous_6)
FNDA:0,(anonymous_7)
FNDA:0,(anonymous_8)
FNDA:0,(anonymous_9)
FNDA:0,(anonymous_10)
FNDA:0,(anonymous_11)
FNDA:0,(anonymous_12)
FNDA:0,(anonymous_13)
FNDA:0,(anonymous_14)
FNDA:0,(anonymous_15)
FNDA:0,(anonymous_16)
FNDA:0,(anonymous_17)
DA:3,0
DA:4,0
DA:5,0
DA:6,0
DA:7,0
DA:8,0
DA:35,0
DA:36,0
DA:38,0
DA:59,0
DA:60,0
DA:61,0
DA:62,0
DA:63,0
DA:64,0
DA:65,0
DA:68,0
DA:69,0
DA:72,0
DA:73,0
DA:74,0
DA:77,0
DA:78,0
DA:81,0
DA:82,0
DA:83,0
DA:84,0
DA:86,0
DA:87,0
DA:89,0
DA:90,0
DA:95,0
DA:96,0
DA:97,0
DA:98,0
DA:100,0
DA:101,0
DA:104,0
DA:105,0
DA:106,0
DA:111,0
DA:114,0
DA:115,0
DA:120,0
DA:121,0
DA:126,0
DA:141,0
DA:143,0
DA:147,0
DA:150,0
DA:151,0
DA:154,0
DA:155,0
DA:171,0
DA:205,0
DA:216,0
DA:217,0
DA:218,0
DA:223,0
LF:59
LH:0
BRDA:82,0,0,0
BRDA:82,0,1,0
BRDA:82,1,0,0
BRDA:82,1,1,0
BRDA:86,2,0,0
BRDA:86,2,1,0
BRDA:105,3,0,0
BRDA:105,3,1,0
BRDA:114,4,0,0
BRDA:114,4,1,0
BRDA:118,5,0,0
BRDA:118,5,1,0
BRDA:120,6,0,0
BRDA:120,6,1,0
BRDA:168,7,0,0
BRDA:184,8,0,0
BRDA:184,8,1,0
BRDA:224,9,0,0
BRDA:224,9,1,0
BRDA:227,10,0,0
BRDA:227,10,1,0
BRDA:234,11,0,0
BRDA:234,11,1,0
BRDA:258,12,0,0
BRDA:266,13,0,0
BRDA:266,13,1,0
BRDA:271,14,0,0
BRDA:271,14,1,0
BRF:28
BRH:0
end_of_record
TN:
SF:src\components\WeatherDashboard.tsx
FN:34,(anonymous_5)
FN:44,(anonymous_6)
FN:81,(anonymous_7)
FN:98,(anonymous_8)
FN:102,(anonymous_9)
FN:119,(anonymous_10)
FN:284,(anonymous_11)
FN:337,(anonymous_12)
FN:342,(anonymous_13)
FN:343,(anonymous_14)
FN:355,(anonymous_15)
FN:390,(anonymous_16)
FN:412,(anonymous_17)
FNF:13
FNH:0
FNDA:0,(anonymous_5)
FNDA:0,(anonymous_6)
FNDA:0,(anonymous_7)
FNDA:0,(anonymous_8)
FNDA:0,(anonymous_9)
FNDA:0,(anonymous_10)
FNDA:0,(anonymous_11)
FNDA:0,(anonymous_12)
FNDA:0,(anonymous_13)
FNDA:0,(anonymous_14)
FNDA:0,(anonymous_15)
FNDA:0,(anonymous_16)
FNDA:0,(anonymous_17)
DA:3,0
DA:4,0
DA:6,0
DA:7,0
DA:8,0
DA:9,0
DA:10,0
DA:27,0
DA:34,0
DA:38,0
DA:39,0
DA:40,0
DA:41,0
DA:42,0
DA:44,0
DA:45,0
DA:48,0
DA:49,0
DA:50,0
DA:53,0
DA:54,0
DA:56,0
DA:57,0
DA:63,0
DA:64,0
DA:66,0
DA:67,0
DA:70,0
DA:73,0
DA:74,0
DA:78,0
DA:81,0
DA:82,0
DA:85,0
DA:88,0
DA:91,0
DA:92,0
DA:94,0
DA:98,0
DA:99,0
DA:102,0
DA:103,0
DA:119,0
DA:120,0
DA:121,0
DA:122,0
DA:123,0
DA:124,0
DA:127,0
DA:138,0
DA:162,0
DA:163,0
DA:164,0
DA:285,0
DA:337,0
DA:338,0
DA:339,0
DA:340,0
DA:342,0
DA:343,0
DA:344,0
DA:345,0
DA:346,0
DA:347,0
DA:348,0
DA:350,0
DA:351,0
DA:355,0
DA:356,0
DA:359,0
DA:361,0
DA:362,0
DA:364,0
DA:368,0
DA:371,0
DA:382,0
DA:390,0
DA:413,0
DA:424,0
LF:79
LH:0
BRDA:36,0,0,0
BRDA:45,1,0,0
BRDA:45,1,1,0
BRDA:45,1,2,0
BRDA:48,2,0,0
BRDA:48,2,1,0
BRDA:60,3,0,0
BRDA:60,3,1,0
BRDA:63,4,0,0
BRDA:63,4,1,0
BRDA:68,5,0,0
BRDA:68,5,1,0
BRDA:74,6,0,0
BRDA:74,6,1,0
BRDA:74,7,0,0
BRDA:74,7,1,0
BRDA:82,8,0,0
BRDA:82,8,1,0
BRDA:120,9,0,0
BRDA:120,9,1,0
BRDA:121,10,0,0
BRDA:121,10,1,0
BRDA:122,11,0,0
BRDA:122,11,1,0
BRDA:123,12,0,0
BRDA:123,12,1,0
BRDA:127,13,0,0
BRDA:127,13,1,0
BRDA:138,14,0,0
BRDA:138,14,1,0
BRDA:138,15,0,0
BRDA:138,15,1,0
BRDA:147,16,0,0
BRDA:147,16,1,0
BRDA:169,17,0,0
BRDA:169,17,1,0
BRDA:169,18,0,0
BRDA:169,18,1,0
BRDA:190,19,0,0
BRDA:190,19,1,0
BRDA:201,20,0,0
BRDA:255,21,0,0
BRDA:255,21,1,0
BRDA:263,22,0,0
BRDA:263,22,1,0
BRDA:264,23,0,0
BRDA:264,23,1,0
BRDA:277,24,0,0
BRDA:315,25,0,0
BRDA:321,26,0,0
BRDA:350,27,0,0
BRDA:350,27,1,0
BRDA:371,28,0,0
BRDA:371,28,1,0
BRDA:382,29,0,0
BRDA:382,29,1,0
BRF:56
BRH:0
end_of_record
TN:
SF:src\components\providers\QueryProvider.tsx
FN:12,QueryProvider
FNF:1
FNH:0
FNDA:0,QueryProvider
DA:3,0
DA:4,0
DA:5,0
DA:12,0
LF:4
LH:0
BRF:0
BRH:0
end_of_record
TN:
SF:src\components\providers\ToastProvider.tsx
FN:20,useToast
FN:33,ToastProvider
FN:36,(anonymous_8)
FN:40,(anonymous_9)
FN:44,(anonymous_10)
FN:56,(anonymous_11)
FN:57,(anonymous_12)
FN:57,(anonymous_13)
FN:60,(anonymous_14)
FN:61,(anonymous_15)
FN:62,(anonymous_16)
FN:70,(anonymous_17)
FN:70,(anonymous_18)
FNF:13
FNH:0
FNDA:0,useToast
FNDA:0,ToastProvider
FNDA:0,(anonymous_8)
FNDA:0,(anonymous_9)
FNDA:0,(anonymous_10)
FNDA:0,(anonymous_11)
FNDA:0,(anonymous_12)
FNDA:0,(anonymous_13)
FNDA:0,(anonymous_14)
FNDA:0,(anonymous_15)
FNDA:0,(anonymous_16)
FNDA:0,(anonymous_17)
FNDA:0,(anonymous_18)
DA:3,0
DA:4,0
DA:18,0
DA:20,0
DA:21,0
DA:22,0
DA:23,0
DA:25,0
DA:33,0
DA:34,0
DA:36,0
DA:37,0
DA:40,0
DA:41,0
DA:42,0
DA:44,0
DA:45,0
DA:47,0
DA:48,0
DA:50,0
DA:53,0
DA:56,0
DA:57,0
DA:60,0
DA:61,0
DA:62,0
DA:63,0
DA:69,0
DA:70,0
DA:71,0
DA:76,0
LF:31
LH:0
BRDA:22,0,0,0
BRDA:22,0,1,0
BRDA:33,1,0,0
BRDA:47,2,0,0
BRDA:47,2,1,0
BRDA:63,3,0,0
BRDA:63,3,1,0
BRF:7
BRH:0
end_of_record
TN:
SF:src\lib\accessibility.ts
FN:6,(anonymous_7)
FN:17,(anonymous_8)
FN:18,(anonymous_9)
FN:23,(anonymous_10)
FN:51,(anonymous_11)
FN:55,(anonymous_12)
FN:61,(anonymous_13)
FN:70,(anonymous_14)
FN:71,(anonymous_15)
FN:74,(anonymous_16)
FN:81,(anonymous_17)
FN:88,(anonymous_18)
FN:93,(anonymous_19)
FN:96,(anonymous_20)
FN:103,(anonymous_21)
FN:110,(anonymous_22)
FN:113,(anonymous_23)
FN:131,(anonymous_24)
FN:141,(anonymous_25)
FN:147,(anonymous_26)
FNF:20
FNH:0
FNDA:0,(anonymous_7)
FNDA:0,(anonymous_8)
FNDA:0,(anonymous_9)
FNDA:0,(anonymous_10)
FNDA:0,(anonymous_11)
FNDA:0,(anonymous_12)
FNDA:0,(anonymous_13)
FNDA:0,(anonymous_14)
FNDA:0,(anonymous_15)
FNDA:0,(anonymous_16)
FNDA:0,(anonymous_17)
FNDA:0,(anonymous_18)
FNDA:0,(anonymous_19)
FNDA:0,(anonymous_20)
FNDA:0,(anonymous_21)
FNDA:0,(anonymous_22)
FNDA:0,(anonymous_23)
FNDA:0,(anonymous_24)
FNDA:0,(anonymous_25)
FNDA:0,(anonymous_26)
DA:1,0
DA:6,0
DA:7,0
DA:17,0
DA:18,0
DA:19,0
DA:21,0
DA:23,0
DA:24,0
DA:26,0
DA:27,0
DA:29,0
DA:30,0
DA:32,0
DA:33,0
DA:34,0
DA:35,0
DA:38,0
DA:39,0
DA:40,0
DA:45,0
DA:48,0
DA:49,0
DA:51,0
DA:52,0
DA:55,0
DA:56,0
DA:57,0
DA:61,0
DA:62,0
DA:70,0
DA:71,0
DA:72,0
DA:74,0
DA:75,0
DA:76,0
DA:80,0
DA:81,0
DA:88,0
DA:93,0
DA:94,0
DA:96,0
DA:97,0
DA:98,0
DA:102,0
DA:103,0
DA:110,0
DA:111,0
DA:113,0
DA:114,0
DA:115,0
DA:116,0
DA:117,0
DA:131,0
DA:136,0
DA:137,0
DA:138,0
DA:139,0
DA:141,0
DA:142,0
DA:143,0
DA:145,0
DA:147,0
DA:148,0
LF:64
LH:0
BRDA:19,0,0,0
BRDA:19,0,1,0
BRDA:19,1,0,0
BRDA:19,1,1,0
BRDA:24,2,0,0
BRDA:24,2,1,0
BRDA:27,3,0,0
BRDA:27,3,1,0
BRDA:32,4,0,0
BRDA:32,4,1,0
BRDA:33,5,0,0
BRDA:33,5,1,0
BRDA:38,6,0,0
BRDA:38,6,1,0
BRDA:49,7,0,0
BRDA:49,7,1,0
BRDA:52,8,0,0
BRDA:52,8,1,0
BRDA:72,9,0,0
BRDA:72,9,1,0
BRDA:75,10,0,0
BRDA:75,10,1,0
BRDA:94,11,0,0
BRDA:94,11,1,0
BRDA:97,12,0,0
BRDA:97,12,1,0
BRDA:97,13,0,0
BRDA:97,13,1,0
BRDA:114,14,0,0
BRDA:114,14,1,0
BRDA:116,15,0,0
BRDA:116,15,1,0
BRDA:142,16,0,0
BRDA:142,16,1,0
BRF:34
BRH:0
end_of_record
TN:
SF:src\lib\cache.ts
FN:32,withCache
FN:53,(anonymous_8)
FN:57,(anonymous_9)
FN:61,(anonymous_10)
FN:62,(anonymous_11)
FNF:5
FNH:0
FNDA:0,withCache
FNDA:0,(anonymous_8)
FNDA:0,(anonymous_9)
FNDA:0,(anonymous_10)
FNDA:0,(anonymous_11)
DA:1,0
DA:4,0
DA:5,0
DA:6,0
DA:9,0
DA:14,0
DA:19,0
DA:24,0
DA:32,0
DA:37,0
DA:38,0
DA:39,0
DA:42,0
DA:43,0
DA:44,0
DA:46,0
DA:52,0
DA:54,0
DA:55,0
DA:58,0
DA:59,0
DA:61,0
DA:63,0
DA:64,0
DA:65,0
DA:66,0
LF:26
LH:0
BRDA:38,0,0,0
BRDA:38,0,1,0
BRDA:43,1,0,0
BRDA:43,1,1,0
BRDA:54,2,0,0
BRDA:54,2,1,0
BRDA:58,3,0,0
BRDA:58,3,1,0
BRF:8
BRH:0
end_of_record
TN:
SF:src\lib\carbonFootprintCalculator.ts
FN:29,(anonymous_4)
FN:31,(anonymous_5)
FN:41,(anonymous_6)
FN:62,(anonymous_7)
FN:69,(anonymous_8)
FN:119,(anonymous_9)
FN:124,(anonymous_10)
FN:144,(anonymous_11)
FN:164,(anonymous_12)
FNF:9
FNH:8
FNDA:1,(anonymous_4)
FNDA:8,(anonymous_5)
FNDA:5,(anonymous_6)
FNDA:20,(anonymous_7)
FNDA:4,(anonymous_8)
FNDA:4,(anonymous_9)
FNDA:4,(anonymous_10)
FNDA:3,(anonymous_11)
FNDA:0,(anonymous_12)
DA:3,1
DA:11,1
DA:26,8
DA:32,8
DA:33,1
DA:35,8
DA:47,5
DA:48,5
DA:49,5
DA:52,5
DA:58,5
DA:59,5
DA:63,20
DA:79,4
DA:81,4
DA:84,4
DA:89,4
DA:93,4
DA:94,4
DA:95,4
DA:96,4
DA:97,4
DA:99,4
DA:100,4
DA:101,3
DA:103,4
DA:121,4
DA:125,4
DA:126,4
DA:145,3
DA:152,3
DA:153,2
DA:154,2
DA:157,3
DA:164,1
DA:165,0
DA:167,0
DA:168,0
DA:170,0
LF:39
LH:35
BRDA:32,0,0,1
BRDA:32,0,1,7
BRDA:73,1,0,0
BRDA:79,2,0,4
BRDA:79,2,1,0
BRDA:85,3,0,4
BRDA:85,3,1,2
BRDA:86,4,0,4
BRDA:86,4,1,2
BRDA:89,5,0,3
BRDA:89,5,1,1
BRDA:93,6,0,4
BRDA:93,6,1,0
BRDA:100,7,0,1
BRDA:100,7,1,3
BRDA:101,8,0,1
BRDA:101,8,1,2
BRDA:152,9,0,2
BRDA:152,9,1,1
BRDA:152,10,0,3
BRDA:152,10,1,2
BRDA:165,11,0,0
BRDA:165,11,1,0
BRDA:167,12,0,0
BRDA:167,12,1,0
BRF:25
BRH:18
end_of_record
TN:
SF:src\lib\databaseService.ts
FN:84,(anonymous_6)
FN:88,(anonymous_7)
FN:92,(anonymous_8)
FN:98,(anonymous_9)
FN:122,(anonymous_10)
FN:161,(anonymous_11)
FN:164,(anonymous_12)
FN:184,(anonymous_13)
FN:308,(anonymous_14)
FN:321,(anonymous_15)
FN:351,(anonymous_16)
FN:430,(anonymous_17)
FN:452,(anonymous_18)
FN:457,(anonymous_19)
FN:488,(anonymous_20)
FN:500,(anonymous_21)
FN:505,(anonymous_22)
FN:518,(anonymous_23)
FN:521,(anonymous_24)
FN:547,(anonymous_25)
FN:565,(anonymous_26)
FN:572,(anonymous_27)
FN:584,(anonymous_28)
FN:606,(anonymous_29)
FN:612,(anonymous_30)
FN:636,(anonymous_31)
FN:639,(anonymous_32)
FN:645,(anonymous_33)
FN:662,(anonymous_34)
FN:690,(anonymous_35)
FN:710,(anonymous_36)
FN:731,(anonymous_37)
FN:736,(anonymous_38)
FN:755,(anonymous_39)
FN:758,(anonymous_40)
FN:762,(anonymous_41)
FN:786,(anonymous_42)
FN:817,(anonymous_43)
FN:820,(anonymous_44)
FN:842,(anonymous_45)
FN:845,(anonymous_46)
FN:863,(anonymous_47)
FN:876,(anonymous_48)
FN:893,(anonymous_49)
FN:902,(anonymous_50)
FN:903,(anonymous_51)
FN:931,(anonymous_52)
FN:934,(anonymous_53)
FN:971,(anonymous_54)
FN:976,(anonymous_55)
FN:995,(anonymous_56)
FN:998,(anonymous_57)
FN:1018,(anonymous_58)
FN:1021,(anonymous_59)
FN:1038,(anonymous_60)
FN:1074,(anonymous_61)
FN:1077,(anonymous_62)
FN:1104,(anonymous_63)
FN:1107,(anonymous_64)
FN:1126,(anonymous_65)
FN:1134,(anonymous_66)
FN:1139,(anonymous_67)
FN:1243,(anonymous_68)
FN:1246,(anonymous_69)
FN:1249,(anonymous_70)
FN:1252,(anonymous_71)
FN:1307,(anonymous_72)
FN:1311,(anonymous_73)
FN:1374,(anonymous_74)
FN:1378,(anonymous_75)
FN:1395,(anonymous_76)
FN:1398,(anonymous_77)
FN:1415,(anonymous_78)
FN:1435,(anonymous_79)
FN:1489,(anonymous_80)
FN:1492,(anonymous_81)
FN:1509,(anonymous_82)
FN:1523,(anonymous_83)
FN:1540,(anonymous_84)
FN:1552,(anonymous_85)
FN:1575,(anonymous_86)
FN:1654,(anonymous_87)
FN:1718,(anonymous_88)
FN:1723,(anonymous_89)
FN:1726,(anonymous_90)
FN:1751,(anonymous_91)
FN:1755,(anonymous_92)
FN:1764,(anonymous_93)
FN:1767,(anonymous_94)
FN:1776,(anonymous_95)
FN:1781,(anonymous_96)
FN:1785,(anonymous_97)
FN:1786,(anonymous_98)
FN:1788,(anonymous_99)
FN:1791,(anonymous_100)
FN:1794,(anonymous_101)
FN:1834,(anonymous_102)
FN:1861,(anonymous_103)
FN:1866,(anonymous_104)
FN:1874,(anonymous_105)
FN:1878,(anonymous_106)
FN:1881,(anonymous_107)
FN:1889,(anonymous_108)
FN:1942,(anonymous_109)
FN:1943,(anonymous_110)
FN:1987,(anonymous_111)
FN:1990,(anonymous_112)
FN:2009,(anonymous_113)
FN:2016,(anonymous_114)
FN:2034,(anonymous_115)
FN:2053,(anonymous_116)
FN:2056,(anonymous_117)
FN:2072,(anonymous_118)
FN:2138,(anonymous_119)
FN:2141,(anonymous_120)
FN:2166,(anonymous_121)
FN:2178,(anonymous_122)
FN:2188,(anonymous_123)
FN:2215,(anonymous_124)
FN:2221,(anonymous_125)
FN:2239,(anonymous_126)
FN:2256,(anonymous_127)
FN:2257,(anonymous_128)
FN:2267,(anonymous_129)
FN:2274,(anonymous_130)
FN:2297,(anonymous_131)
FN:2298,(anonymous_132)
FN:2306,(anonymous_133)
FN:2310,(anonymous_134)
FN:2335,(anonymous_135)
FN:2372,(anonymous_136)
FN:2432,(anonymous_137)
FN:2453,(anonymous_138)
FN:2496,(anonymous_139)
FN:2519,(anonymous_140)
FN:2533,(anonymous_141)
FN:2545,(anonymous_142)
FN:2552,(anonymous_143)
FN:2566,(anonymous_144)
FN:2601,(anonymous_145)
FN:2615,(anonymous_146)
FN:2641,(anonymous_147)
FN:2659,(anonymous_148)
FN:2672,(anonymous_149)
FN:2684,(anonymous_150)
FN:2695,(anonymous_151)
FN:2712,(anonymous_152)
FN:2728,(anonymous_153)
FN:2739,(anonymous_154)
FN:2752,(anonymous_155)
FNF:150
FNH:0
FNDA:0,(anonymous_6)
FNDA:0,(anonymous_7)
FNDA:0,(anonymous_8)
FNDA:0,(anonymous_9)
FNDA:0,(anonymous_10)
FNDA:0,(anonymous_11)
FNDA:0,(anonymous_12)
FNDA:0,(anonymous_13)
FNDA:0,(anonymous_14)
FNDA:0,(anonymous_15)
FNDA:0,(anonymous_16)
FNDA:0,(anonymous_17)
FNDA:0,(anonymous_18)
FNDA:0,(anonymous_19)
FNDA:0,(anonymous_20)
FNDA:0,(anonymous_21)
FNDA:0,(anonymous_22)
FNDA:0,(anonymous_23)
FNDA:0,(anonymous_24)
FNDA:0,(anonymous_25)
FNDA:0,(anonymous_26)
FNDA:0,(anonymous_27)
FNDA:0,(anonymous_28)
FNDA:0,(anonymous_29)
FNDA:0,(anonymous_30)
FNDA:0,(anonymous_31)
FNDA:0,(anonymous_32)
FNDA:0,(anonymous_33)
FNDA:0,(anonymous_34)
FNDA:0,(anonymous_35)
FNDA:0,(anonymous_36)
FNDA:0,(anonymous_37)
FNDA:0,(anonymous_38)
FNDA:0,(anonymous_39)
FNDA:0,(anonymous_40)
FNDA:0,(anonymous_41)
FNDA:0,(anonymous_42)
FNDA:0,(anonymous_43)
FNDA:0,(anonymous_44)
FNDA:0,(anonymous_45)
FNDA:0,(anonymous_46)
FNDA:0,(anonymous_47)
FNDA:0,(anonymous_48)
FNDA:0,(anonymous_49)
FNDA:0,(anonymous_50)
FNDA:0,(anonymous_51)
FNDA:0,(anonymous_52)
FNDA:0,(anonymous_53)
FNDA:0,(anonymous_54)
FNDA:0,(anonymous_55)
FNDA:0,(anonymous_56)
FNDA:0,(anonymous_57)
FNDA:0,(anonymous_58)
FNDA:0,(anonymous_59)
FNDA:0,(anonymous_60)
FNDA:0,(anonymous_61)
FNDA:0,(anonymous_62)
FNDA:0,(anonymous_63)
FNDA:0,(anonymous_64)
FNDA:0,(anonymous_65)
FNDA:0,(anonymous_66)
FNDA:0,(anonymous_67)
FNDA:0,(anonymous_68)
FNDA:0,(anonymous_69)
FNDA:0,(anonymous_70)
FNDA:0,(anonymous_71)
FNDA:0,(anonymous_72)
FNDA:0,(anonymous_73)
FNDA:0,(anonymous_74)
FNDA:0,(anonymous_75)
FNDA:0,(anonymous_76)
FNDA:0,(anonymous_77)
FNDA:0,(anonymous_78)
FNDA:0,(anonymous_79)
FNDA:0,(anonymous_80)
FNDA:0,(anonymous_81)
FNDA:0,(anonymous_82)
FNDA:0,(anonymous_83)
FNDA:0,(anonymous_84)
FNDA:0,(anonymous_85)
FNDA:0,(anonymous_86)
FNDA:0,(anonymous_87)
FNDA:0,(anonymous_88)
FNDA:0,(anonymous_89)
FNDA:0,(anonymous_90)
FNDA:0,(anonymous_91)
FNDA:0,(anonymous_92)
FNDA:0,(anonymous_93)
FNDA:0,(anonymous_94)
FNDA:0,(anonymous_95)
FNDA:0,(anonymous_96)
FNDA:0,(anonymous_97)
FNDA:0,(anonymous_98)
FNDA:0,(anonymous_99)
FNDA:0,(anonymous_100)
FNDA:0,(anonymous_101)
FNDA:0,(anonymous_102)
FNDA:0,(anonymous_103)
FNDA:0,(anonymous_104)
FNDA:0,(anonymous_105)
FNDA:0,(anonymous_106)
FNDA:0,(anonymous_107)
FNDA:0,(anonymous_108)
FNDA:0,(anonymous_109)
FNDA:0,(anonymous_110)
FNDA:0,(anonymous_111)
FNDA:0,(anonymous_112)
FNDA:0,(anonymous_113)
FNDA:0,(anonymous_114)
FNDA:0,(anonymous_115)
FNDA:0,(anonymous_116)
FNDA:0,(anonymous_117)
FNDA:0,(anonymous_118)
FNDA:0,(anonymous_119)
FNDA:0,(anonymous_120)
FNDA:0,(anonymous_121)
FNDA:0,(anonymous_122)
FNDA:0,(anonymous_123)
FNDA:0,(anonymous_124)
FNDA:0,(anonymous_125)
FNDA:0,(anonymous_126)
FNDA:0,(anonymous_127)
FNDA:0,(anonymous_128)
FNDA:0,(anonymous_129)
FNDA:0,(anonymous_130)
FNDA:0,(anonymous_131)
FNDA:0,(anonymous_132)
FNDA:0,(anonymous_133)
FNDA:0,(anonymous_134)
FNDA:0,(anonymous_135)
FNDA:0,(anonymous_136)
FNDA:0,(anonymous_137)
FNDA:0,(anonymous_138)
FNDA:0,(anonymous_139)
FNDA:0,(anonymous_140)
FNDA:0,(anonymous_141)
FNDA:0,(anonymous_142)
FNDA:0,(anonymous_143)
FNDA:0,(anonymous_144)
FNDA:0,(anonymous_145)
FNDA:0,(anonymous_146)
FNDA:0,(anonymous_147)
FNDA:0,(anonymous_148)
FNDA:0,(anonymous_149)
FNDA:0,(anonymous_150)
FNDA:0,(anonymous_151)
FNDA:0,(anonymous_152)
FNDA:0,(anonymous_153)
FNDA:0,(anonymous_154)
FNDA:0,(anonymous_155)
DA:1,0
DA:22,0
DA:28,0
DA:29,0
DA:30,0
DA:81,0
DA:93,0
DA:94,0
DA:99,0
DA:105,0
DA:106,0
DA:107,0
DA:108,0
DA:109,0
DA:114,0
DA:115,0
DA:116,0
DA:119,0
DA:123,0
DA:124,0
DA:125,0
DA:126,0
DA:127,0
DA:130,0
DA:131,0
DA:133,0
DA:144,0
DA:145,0
DA:148,0
DA:150,0
DA:151,0
DA:154,0
DA:156,0
DA:157,0
DA:162,0
DA:163,0
DA:164,0
DA:166,0
DA:172,0
DA:173,0
DA:174,0
DA:177,0
DA:179,0
DA:180,0
DA:185,0
DA:186,0
DA:187,0
DA:190,0
DA:191,0
DA:192,0
DA:193,0
DA:196,0
DA:226,0
DA:227,0
DA:230,0
DA:231,0
DA:232,0
DA:233,0
DA:236,0
DA:238,0
DA:239,0
DA:240,0
DA:244,0
DA:275,0
DA:276,0
DA:280,0
DA:286,0
DA:287,0
DA:288,0
DA:291,0
DA:292,0
DA:296,0
DA:297,0
DA:298,0
DA:301,0
DA:303,0
DA:304,0
DA:309,0
DA:310,0
DA:311,0
DA:312,0
DA:313,0
DA:314,0
DA:315,0
DA:317,0
DA:321,0
DA:328,0
DA:329,0
DA:330,0
DA:334,0
DA:339,0
DA:340,0
DA:341,0
DA:344,0
DA:346,0
DA:347,0
DA:352,0
DA:353,0
DA:355,0
DA:356,0
DA:357,0
DA:358,0
DA:361,0
DA:362,0
DA:365,0
DA:366,0
DA:368,0
DA:369,0
DA:370,0
DA:371,0
DA:372,0
DA:376,0
DA:377,0
DA:380,0
DA:381,0
DA:382,0
DA:383,0
DA:386,0
DA:387,0
DA:390,0
DA:391,0
DA:393,0
DA:394,0
DA:395,0
DA:396,0
DA:397,0
DA:401,0
DA:406,0
DA:407,0
DA:408,0
DA:412,0
DA:416,0
DA:419,0
DA:421,0
DA:422,0
DA:431,0
DA:432,0
DA:434,0
DA:436,0
DA:441,0
DA:442,0
DA:444,0
DA:447,0
DA:453,0
DA:454,0
DA:455,0
DA:456,0
DA:457,0
DA:475,0
DA:476,0
DA:479,0
DA:485,0
DA:486,0
DA:488,0
DA:490,0
DA:496,0
DA:499,0
DA:500,0
DA:501,0
DA:505,0
DA:510,0
DA:511,0
DA:513,0
DA:514,0
DA:519,0
DA:520,0
DA:521,0
DA:522,0
DA:524,0
DA:530,0
DA:531,0
DA:532,0
DA:536,0
DA:537,0
DA:538,0
DA:540,0
DA:542,0
DA:543,0
DA:548,0
DA:549,0
DA:550,0
DA:552,0
DA:558,0
DA:559,0
DA:560,0
DA:562,0
DA:565,0
DA:567,0
DA:568,0
DA:573,0
DA:574,0
DA:575,0
DA:577,0
DA:579,0
DA:580,0
DA:585,0
DA:586,0
DA:587,0
DA:590,0
DA:593,0
DA:598,0
DA:600,0
DA:601,0
DA:607,0
DA:608,0
DA:609,0
DA:610,0
DA:611,0
DA:612,0
DA:614,0
DA:616,0
DA:621,0
DA:622,0
DA:625,0
DA:627,0
DA:628,0
DA:631,0
DA:634,0
DA:635,0
DA:636,0
DA:639,0
DA:640,0
DA:641,0
DA:642,0
DA:643,0
DA:645,0
DA:646,0
DA:655,0
DA:657,0
DA:658,0
DA:663,0
DA:664,0
DA:665,0
DA:678,0
DA:679,0
DA:680,0
DA:683,0
DA:685,0
DA:686,0
DA:691,0
DA:692,0
DA:693,0
DA:701,0
DA:702,0
DA:705,0
DA:706,0
DA:711,0
DA:712,0
DA:713,0
DA:718,0
DA:719,0
DA:720,0
DA:723,0
DA:725,0
DA:726,0
DA:732,0
DA:733,0
DA:734,0
DA:735,0
DA:736,0
DA:738,0
DA:741,0
DA:742,0
DA:743,0
DA:746,0
DA:747,0
DA:748,0
DA:750,0
DA:751,0
DA:756,0
DA:757,0
DA:758,0
DA:759,0
DA:761,0
DA:762,0
DA:764,0
DA:767,0
DA:773,0
DA:774,0
DA:777,0
DA:778,0
DA:779,0
DA:781,0
DA:782,0
DA:787,0
DA:788,0
DA:789,0
DA:798,0
DA:799,0
DA:800,0
DA:803,0
DA:809,0
DA:810,0
DA:812,0
DA:813,0
DA:818,0
DA:819,0
DA:820,0
DA:821,0
DA:822,0
DA:823,0
DA:824,0
DA:827,0
DA:834,0
DA:835,0
DA:837,0
DA:838,0
DA:843,0
DA:844,0
DA:845,0
DA:846,0
DA:847,0
DA:848,0
DA:851,0
DA:856,0
DA:858,0
DA:859,0
DA:864,0
DA:865,0
DA:866,0
DA:871,0
DA:872,0
DA:877,0
DA:878,0
DA:879,0
DA:880,0
DA:882,0
DA:883,0
DA:884,0
DA:886,0
DA:889,0
DA:890,0
DA:891,0
DA:893,0
DA:894,0
DA:895,0
DA:896,0
DA:897,0
DA:901,0
DA:902,0
DA:903,0
DA:905,0
DA:916,0
DA:917,0
DA:932,0
DA:933,0
DA:934,0
DA:935,0
DA:937,0
DA:943,0
DA:945,0
DA:946,0
DA:947,0
DA:948,0
DA:949,0
DA:950,0
DA:951,0
DA:955,0
DA:957,0
DA:962,0
DA:963,0
DA:966,0
DA:967,0
DA:972,0
DA:973,0
DA:974,0
DA:975,0
DA:976,0
DA:978,0
DA:981,0
DA:982,0
DA:983,0
DA:986,0
DA:987,0
DA:988,0
DA:990,0
DA:991,0
DA:996,0
DA:997,0
DA:998,0
DA:999,0
DA:1003,0
DA:1010,0
DA:1011,0
DA:1013,0
DA:1014,0
DA:1019,0
DA:1020,0
DA:1021,0
DA:1024,0
DA:1030,0
DA:1031,0
DA:1033,0
DA:1034,0
DA:1039,0
DA:1040,0
DA:1041,0
DA:1055,0
DA:1056,0
DA:1057,0
DA:1060,0
DA:1066,0
DA:1067,0
DA:1069,0
DA:1070,0
DA:1075,0
DA:1076,0
DA:1077,0
DA:1078,0
DA:1081,0
DA:1082,0
DA:1086,0
DA:1089,0
DA:1096,0
DA:1097,0
DA:1099,0
DA:1100,0
DA:1105,0
DA:1106,0
DA:1107,0
DA:1108,0
DA:1109,0
DA:1110,0
DA:1113,0
DA:1118,0
DA:1120,0
DA:1121,0
DA:1127,0
DA:1128,0
DA:1129,0
DA:1130,0
DA:1133,0
DA:1134,0
DA:1136,0
DA:1139,0
DA:1140,0
DA:1142,0
DA:1143,0
DA:1144,0
DA:1147,0
DA:1156,0
DA:1157,0
DA:1159,0
DA:1166,0
DA:1173,0
DA:1174,0
DA:1175,0
DA:1176,0
DA:1226,0
DA:1231,0
DA:1232,0
DA:1233,0
DA:1236,0
DA:1238,0
DA:1239,0
DA:1244,0
DA:1245,0
DA:1246,0
DA:1247,0
DA:1249,0
DA:1250,0
DA:1252,0
DA:1253,0
DA:1254,0
DA:1256,0
DA:1291,0
DA:1295,0
DA:1296,0
DA:1297,0
DA:1300,0
DA:1302,0
DA:1303,0
DA:1308,0
DA:1309,0
DA:1310,0
DA:1311,0
DA:1312,0
DA:1315,0
DA:1317,0
DA:1318,0
DA:1321,0
DA:1322,0
DA:1332,0
DA:1341,0
DA:1343,0
DA:1349,0
DA:1350,0
DA:1351,0
DA:1354,0
DA:1357,0
DA:1360,0
DA:1361,0
DA:1362,0
DA:1363,0
DA:1364,0
DA:1367,0
DA:1369,0
DA:1370,0
DA:1375,0
DA:1376,0
DA:1377,0
DA:1378,0
DA:1381,0
DA:1382,0
DA:1383,0
DA:1386,0
DA:1387,0
DA:1388,0
DA:1390,0
DA:1391,0
DA:1396,0
DA:1397,0
DA:1398,0
DA:1401,0
DA:1406,0
DA:1407,0
DA:1409,0
DA:1410,0
DA:1416,0
DA:1417,0
DA:1418,0
DA:1421,0
DA:1427,0
DA:1428,0
DA:1430,0
DA:1431,0
DA:1436,0
DA:1437,0
DA:1438,0
DA:1446,0
DA:1471,0
DA:1477,0
DA:1478,0
DA:1479,0
DA:1482,0
DA:1484,0
DA:1485,0
DA:1490,0
DA:1491,0
DA:1492,0
DA:1495,0
DA:1501,0
DA:1502,0
DA:1504,0
DA:1505,0
DA:1510,0
DA:1511,0
DA:1512,0
DA:1513,0
DA:1514,0
DA:1515,0
DA:1516,0
DA:1518,0
DA:1519,0
DA:1524,0
DA:1525,0
DA:1526,0
DA:1533,0
DA:1539,0
DA:1540,0
DA:1547,0
DA:1548,0
DA:1553,0
DA:1554,0
DA:1556,0
DA:1563,0
DA:1564,0
DA:1567,0
DA:1569,0
DA:1570,0
DA:1576,0
DA:1577,0
DA:1579,0
DA:1580,0
DA:1581,0
DA:1599,0
DA:1603,0
DA:1604,0
DA:1606,0
DA:1607,0
DA:1608,0
DA:1609,0
DA:1611,0
DA:1615,0
DA:1616,0
DA:1620,0
DA:1626,0
DA:1627,0
DA:1628,0
DA:1633,0
DA:1634,0
DA:1636,0
DA:1637,0
DA:1638,0
DA:1639,0
DA:1641,0
DA:1642,0
DA:1647,0
DA:1649,0
DA:1650,0
DA:1655,0
DA:1656,0
DA:1659,0
DA:1660,0
DA:1662,0
DA:1663,0
DA:1664,0
DA:1665,0
DA:1667,0
DA:1671,0
DA:1672,0
DA:1684,0
DA:1691,0
DA:1692,0
DA:1693,0
DA:1696,0
DA:1697,0
DA:1699,0
DA:1700,0
DA:1701,0
DA:1702,0
DA:1705,0
DA:1706,0
DA:1711,0
DA:1713,0
DA:1714,0
DA:1719,0
DA:1720,0
DA:1721,0
DA:1723,0
DA:1724,0
DA:1726,0
DA:1727,0
DA:1728,0
DA:1730,0
DA:1731,0
DA:1742,0
DA:1745,0
DA:1746,0
DA:1752,0
DA:1756,0
DA:1757,0
DA:1764,0
DA:1766,0
DA:1767,0
DA:1770,0
DA:1775,0
DA:1776,0
DA:1781,0
DA:1784,0
DA:1785,0
DA:1786,0
DA:1788,0
DA:1790,0
DA:1791,0
DA:1792,0
DA:1794,0
DA:1795,0
DA:1798,0
DA:1814,0
DA:1815,0
DA:1835,0
DA:1836,0
DA:1837,0
DA:1838,0
DA:1839,0
DA:1844,0
DA:1845,0
DA:1846,0
DA:1852,0
DA:1853,0
DA:1854,0
DA:1855,0
DA:1857,0
DA:1862,0
DA:1863,0
DA:1864,0
DA:1866,0
DA:1872,0
DA:1873,0
DA:1874,0
DA:1877,0
DA:1878,0
DA:1881,0
DA:1883,0
DA:1884,0
DA:1890,0
DA:1891,0
DA:1892,0
DA:1893,0
DA:1910,0
DA:1911,0
DA:1913,0
DA:1916,0
DA:1917,0
DA:1918,0
DA:1919,0
DA:1922,0
DA:1926,0
DA:1927,0
DA:1928,0
DA:1932,0
DA:1934,0
DA:1935,0
DA:1937,0
DA:1938,0
DA:1943,0
DA:1944,0
DA:1945,0
DA:1948,0
DA:1966,0
DA:1974,0
DA:1975,0
DA:1978,0
DA:1980,0
DA:1981,0
DA:1988,0
DA:1989,0
DA:1990,0
DA:1992,0
DA:2001,0
DA:2002,0
DA:2003,0
DA:2008,0
DA:2009,0
DA:2010,0
DA:2012,0
DA:2016,0
DA:2028,0
DA:2029,0
DA:2035,0
DA:2036,0
DA:2037,0
DA:2038,0
DA:2040,0
DA:2045,0
DA:2046,0
DA:2048,0
DA:2049,0
DA:2054,0
DA:2055,0
DA:2056,0
DA:2058,0
DA:2064,0
DA:2065,0
DA:2067,0
DA:2068,0
DA:2073,0
DA:2074,0
DA:2075,0
DA:2081,0
DA:2082,0
DA:2085,0
DA:2110,0
DA:2111,0
DA:2116,0
DA:2117,0
DA:2118,0
DA:2121,0
DA:2127,0
DA:2128,0
DA:2129,0
DA:2131,0
DA:2133,0
DA:2134,0
DA:2139,0
DA:2140,0
DA:2141,0
DA:2142,0
DA:2143,0
DA:2144,0
DA:2145,0
DA:2146,0
DA:2148,0
DA:2150,0
DA:2151,0
DA:2159,0
DA:2161,0
DA:2162,0
DA:2167,0
DA:2168,0
DA:2169,0
DA:2174,0
DA:2178,0
DA:2183,0
DA:2184,0
DA:2189,0
DA:2190,0
DA:2191,0
DA:2197,0
DA:2198,0
DA:2199,0
DA:2201,0
DA:2207,0
DA:2208,0
DA:2210,0
DA:2211,0
DA:2216,0
DA:2217,0
DA:2218,0
DA:2221,0
DA:2222,0
DA:2223,0
DA:2224,0
DA:2226,0
DA:2227,0
DA:2228,0
DA:2231,0
DA:2232,0
DA:2233,0
DA:2234,0
DA:2235,0
DA:2239,0
DA:2240,0
DA:2241,0
DA:2242,0
DA:2244,0
DA:2245,0
DA:2246,0
DA:2248,0
DA:2249,0
DA:2250,0
DA:2251,0
DA:2252,0
DA:2256,0
DA:2257,0
DA:2260,0
DA:2261,0
DA:2262,0
DA:2264,0
DA:2265,0
DA:2267,0
DA:2270,0
DA:2271,0
DA:2274,0
DA:2277,0
DA:2278,0
DA:2279,0
DA:2281,0
DA:2297,0
DA:2298,0
DA:2307,0
DA:2308,0
DA:2310,0
DA:2311,0
DA:2312,0
DA:2313,0
DA:2316,0
DA:2318,0
DA:2336,0
DA:2338,0
DA:2339,0
DA:2341,0
DA:2342,0
DA:2343,0
DA:2344,0
DA:2347,0
DA:2349,0
DA:2355,0
DA:2359,0
DA:2361,0
DA:2364,0
DA:2365,0
DA:2367,0
DA:2368,0
DA:2373,0
DA:2375,0
DA:2376,0
DA:2378,0
DA:2379,0
DA:2380,0
DA:2381,0
DA:2382,0
DA:2385,0
DA:2387,0
DA:2389,0
DA:2397,0
DA:2400,0
DA:2401,0
DA:2402,0
DA:2404,0
DA:2407,0
DA:2413,0
DA:2415,0
DA:2416,0
DA:2417,0
DA:2418,0
DA:2419,0
DA:2420,0
DA:2423,0
DA:2430,0
DA:2432,0
DA:2434,0
DA:2442,0
DA:2444,0
DA:2448,0
DA:2454,0
DA:2455,0
DA:2477,0
DA:2478,0
DA:2484,0
DA:2485,0
DA:2486,0
DA:2489,0
DA:2491,0
DA:2492,0
DA:2497,0
DA:2498,0
DA:2499,0
DA:2502,0
DA:2508,0
DA:2510,0
DA:2515,0
DA:2516,0
DA:2519,0
DA:2521,0
DA:2528,0
DA:2529,0
DA:2534,0
DA:2535,0
DA:2536,0
DA:2539,0
DA:2543,0
DA:2545,0
DA:2546,0
DA:2548,0
DA:2552,0
DA:2554,0
DA:2560,0
DA:2561,0
DA:2567,0
DA:2602,0
DA:2616,0
DA:2642,0
DA:2660,0
DA:2673,0
DA:2685,0
DA:2686,0
DA:2687,0
DA:2688,0
DA:2689,0
DA:2690,0
DA:2691,0
DA:2692,0
DA:2696,0
DA:2713,0
DA:2714,0
DA:2715,0
DA:2716,0
DA:2717,0
DA:2718,0
DA:2719,0
DA:2720,0
DA:2721,0
DA:2722,0
DA:2723,0
DA:2724,0
DA:2725,0
DA:2729,0
DA:2740,0
DA:2752,0
DA:2753,0
DA:2755,0
DA:2756,0
DA:2758,0
DA:2761,0
LF:966
LH:0
BRDA:94,0,0,0
BRDA:94,0,1,0
BRDA:94,0,2,0
BRDA:94,0,3,0
BRDA:107,1,0,0
BRDA:107,1,1,0
BRDA:107,2,0,0
BRDA:107,2,1,0
BRDA:107,2,2,0
BRDA:114,3,0,0
BRDA:114,3,1,0
BRDA:114,4,0,0
BRDA:114,4,1,0
BRDA:122,5,0,0
BRDA:122,6,0,0
BRDA:124,7,0,0
BRDA:124,7,1,0
BRDA:124,8,0,0
BRDA:124,8,1,0
BRDA:144,9,0,0
BRDA:144,9,1,0
BRDA:150,10,0,0
BRDA:150,10,1,0
BRDA:150,11,0,0
BRDA:150,11,1,0
BRDA:163,12,0,0
BRDA:163,12,1,0
BRDA:163,13,0,0
BRDA:163,13,1,0
BRDA:164,14,0,0
BRDA:164,14,1,0
BRDA:172,15,0,0
BRDA:172,15,1,0
BRDA:172,16,0,0
BRDA:172,16,1,0
BRDA:186,17,0,0
BRDA:186,17,1,0
BRDA:186,18,0,0
BRDA:186,18,1,0
BRDA:191,19,0,0
BRDA:191,19,1,0
BRDA:207,20,0,0
BRDA:207,20,1,0
BRDA:211,21,0,0
BRDA:211,21,1,0
BRDA:212,22,0,0
BRDA:212,22,1,0
BRDA:213,23,0,0
BRDA:213,23,1,0
BRDA:214,24,0,0
BRDA:214,24,1,0
BRDA:215,25,0,0
BRDA:215,25,1,0
BRDA:231,26,0,0
BRDA:231,26,1,0
BRDA:238,27,0,0
BRDA:238,27,1,0
BRDA:269,28,0,0
BRDA:269,28,1,0
BRDA:270,29,0,0
BRDA:270,29,1,0
BRDA:275,30,0,0
BRDA:275,30,1,0
BRDA:286,31,0,0
BRDA:286,31,1,0
BRDA:291,32,0,0
BRDA:291,32,1,0
BRDA:297,33,0,0
BRDA:297,33,1,0
BRDA:297,34,0,0
BRDA:297,34,1,0
BRDA:310,35,0,0
BRDA:310,35,1,0
BRDA:310,36,0,0
BRDA:310,36,1,0
BRDA:315,37,0,0
BRDA:315,37,1,0
BRDA:323,38,0,0
BRDA:323,38,1,0
BRDA:324,39,0,0
BRDA:324,39,1,0
BRDA:325,40,0,0
BRDA:325,40,1,0
BRDA:329,41,0,0
BRDA:329,41,1,0
BRDA:339,42,0,0
BRDA:339,42,1,0
BRDA:353,43,0,0
BRDA:353,43,1,0
BRDA:353,44,0,0
BRDA:353,44,1,0
BRDA:356,45,0,0
BRDA:356,45,1,0
BRDA:365,46,0,0
BRDA:365,46,1,0
BRDA:366,47,0,0
BRDA:366,47,1,0
BRDA:368,48,0,0
BRDA:368,48,1,0
BRDA:368,49,0,0
BRDA:368,49,1,0
BRDA:370,50,0,0
BRDA:370,50,1,0
BRDA:381,51,0,0
BRDA:381,51,1,0
BRDA:390,52,0,0
BRDA:390,52,1,0
BRDA:391,53,0,0
BRDA:391,53,1,0
BRDA:393,54,0,0
BRDA:393,54,1,0
BRDA:393,55,0,0
BRDA:393,55,1,0
BRDA:395,56,0,0
BRDA:395,56,1,0
BRDA:406,57,0,0
BRDA:406,57,1,0
BRDA:412,58,0,0
BRDA:412,58,1,0
BRDA:413,59,0,0
BRDA:413,59,1,0
BRDA:413,59,2,0
BRDA:413,59,3,0
BRDA:413,59,4,0
BRDA:413,59,5,0
BRDA:413,59,6,0
BRDA:413,59,7,0
BRDA:432,60,0,0
BRDA:432,60,1,0
BRDA:432,61,0,0
BRDA:432,61,1,0
BRDA:441,62,0,0
BRDA:441,62,1,0
BRDA:452,63,0,0
BRDA:452,64,0,0
BRDA:454,65,0,0
BRDA:454,65,1,0
BRDA:454,66,0,0
BRDA:454,66,1,0
BRDA:485,67,0,0
BRDA:485,67,1,0
BRDA:486,68,0,0
BRDA:486,68,1,0
BRDA:496,69,0,0
BRDA:496,69,1,0
BRDA:501,70,0,0
BRDA:501,70,1,0
BRDA:505,71,0,0
BRDA:505,71,1,0
BRDA:507,72,0,0
BRDA:507,72,1,0
BRDA:520,73,0,0
BRDA:520,73,1,0
BRDA:520,74,0,0
BRDA:520,74,1,0
BRDA:522,75,0,0
BRDA:522,75,1,0
BRDA:530,76,0,0
BRDA:530,76,1,0
BRDA:530,77,0,0
BRDA:530,77,1,0
BRDA:549,78,0,0
BRDA:549,78,1,0
BRDA:549,79,0,0
BRDA:549,79,1,0
BRDA:558,80,0,0
BRDA:558,80,1,0
BRDA:558,81,0,0
BRDA:558,81,1,0
BRDA:559,82,0,0
BRDA:559,82,1,0
BRDA:559,83,0,0
BRDA:559,83,1,0
BRDA:575,84,0,0
BRDA:575,84,1,0
BRDA:587,85,0,0
BRDA:587,85,1,0
BRDA:608,86,0,0
BRDA:608,86,1,0
BRDA:608,87,0,0
BRDA:608,87,1,0
BRDA:611,88,0,0
BRDA:611,88,1,0
BRDA:621,89,0,0
BRDA:621,89,1,0
BRDA:627,90,0,0
BRDA:627,90,1,0
BRDA:627,91,0,0
BRDA:627,91,1,0
BRDA:635,92,0,0
BRDA:635,92,1,0
BRDA:642,93,0,0
BRDA:642,93,1,0
BRDA:645,94,0,0
BRDA:645,94,1,0
BRDA:664,95,0,0
BRDA:664,95,1,0
BRDA:664,96,0,0
BRDA:664,96,1,0
BRDA:678,97,0,0
BRDA:678,97,1,0
BRDA:678,98,0,0
BRDA:678,98,1,0
BRDA:692,99,0,0
BRDA:692,99,1,0
BRDA:692,100,0,0
BRDA:692,100,1,0
BRDA:701,101,0,0
BRDA:701,101,1,0
BRDA:712,102,0,0
BRDA:712,102,1,0
BRDA:712,103,0,0
BRDA:712,103,1,0
BRDA:718,104,0,0
BRDA:718,104,1,0
BRDA:733,105,0,0
BRDA:733,105,1,0
BRDA:733,106,0,0
BRDA:733,106,1,0
BRDA:735,107,0,0
BRDA:735,107,1,0
BRDA:742,108,0,0
BRDA:742,108,1,0
BRDA:747,109,0,0
BRDA:747,109,1,0
BRDA:748,110,0,0
BRDA:748,110,1,0
BRDA:757,111,0,0
BRDA:757,111,1,0
BRDA:757,112,0,0
BRDA:757,112,1,0
BRDA:761,113,0,0
BRDA:761,113,1,0
BRDA:773,114,0,0
BRDA:773,114,1,0
BRDA:778,115,0,0
BRDA:778,115,1,0
BRDA:779,116,0,0
BRDA:779,116,1,0
BRDA:788,117,0,0
BRDA:788,117,1,0
BRDA:788,118,0,0
BRDA:788,118,1,0
BRDA:794,119,0,0
BRDA:794,119,1,0
BRDA:795,120,0,0
BRDA:795,120,1,0
BRDA:809,121,0,0
BRDA:809,121,1,0
BRDA:809,122,0,0
BRDA:809,122,1,0
BRDA:819,123,0,0
BRDA:819,123,1,0
BRDA:819,124,0,0
BRDA:819,124,1,0
BRDA:821,125,0,0
BRDA:821,125,1,0
BRDA:834,126,0,0
BRDA:834,126,1,0
BRDA:834,127,0,0
BRDA:834,127,1,0
BRDA:844,128,0,0
BRDA:844,128,1,0
BRDA:844,129,0,0
BRDA:844,129,1,0
BRDA:846,130,0,0
BRDA:846,130,1,0
BRDA:876,131,0,0
BRDA:876,132,0,0
BRDA:883,133,0,0
BRDA:883,133,1,0
BRDA:894,134,0,0
BRDA:894,134,1,0
BRDA:896,135,0,0
BRDA:896,135,1,0
BRDA:901,136,0,0
BRDA:901,136,1,0
BRDA:902,137,0,0
BRDA:902,137,1,0
BRDA:908,138,0,0
BRDA:908,138,1,0
BRDA:933,139,0,0
BRDA:933,139,1,0
BRDA:935,140,0,0
BRDA:935,140,1,0
BRDA:941,141,0,0
BRDA:941,141,1,0
BRDA:945,142,0,0
BRDA:945,142,1,0
BRDA:947,143,0,0
BRDA:947,143,1,0
BRDA:948,144,0,0
BRDA:948,144,1,0
BRDA:949,145,0,0
BRDA:949,145,1,0
BRDA:950,146,0,0
BRDA:950,146,1,0
BRDA:951,147,0,0
BRDA:951,147,1,0
BRDA:955,148,0,0
BRDA:955,148,1,0
BRDA:962,149,0,0
BRDA:962,149,1,0
BRDA:973,150,0,0
BRDA:973,150,1,0
BRDA:973,151,0,0
BRDA:973,151,1,0
BRDA:975,152,0,0
BRDA:975,152,1,0
BRDA:982,153,0,0
BRDA:982,153,1,0
BRDA:987,154,0,0
BRDA:987,154,1,0
BRDA:988,155,0,0
BRDA:988,155,1,0
BRDA:997,156,0,0
BRDA:997,156,1,0
BRDA:997,157,0,0
BRDA:997,157,1,0
BRDA:999,158,0,0
BRDA:999,158,1,0
BRDA:1010,159,0,0
BRDA:1010,159,1,0
BRDA:1011,160,0,0
BRDA:1011,160,1,0
BRDA:1020,161,0,0
BRDA:1020,161,1,0
BRDA:1020,162,0,0
BRDA:1020,162,1,0
BRDA:1021,163,0,0
BRDA:1021,163,1,0
BRDA:1030,164,0,0
BRDA:1030,164,1,0
BRDA:1030,165,0,0
BRDA:1030,165,1,0
BRDA:1040,166,0,0
BRDA:1040,166,1,0
BRDA:1040,167,0,0
BRDA:1040,167,1,0
BRDA:1045,168,0,0
BRDA:1045,168,1,0
BRDA:1048,169,0,0
BRDA:1048,169,1,0
BRDA:1052,170,0,0
BRDA:1052,170,1,0
BRDA:1066,171,0,0
BRDA:1066,171,1,0
BRDA:1066,172,0,0
BRDA:1066,172,1,0
BRDA:1076,173,0,0
BRDA:1076,173,1,0
BRDA:1076,174,0,0
BRDA:1076,174,1,0
BRDA:1078,175,0,0
BRDA:1078,175,1,0
BRDA:1096,176,0,0
BRDA:1096,176,1,0
BRDA:1096,177,0,0
BRDA:1096,177,1,0
BRDA:1106,178,0,0
BRDA:1106,178,1,0
BRDA:1106,179,0,0
BRDA:1106,179,1,0
BRDA:1108,180,0,0
BRDA:1108,180,1,0
BRDA:1128,181,0,0
BRDA:1128,181,1,0
BRDA:1128,182,0,0
BRDA:1128,182,1,0
BRDA:1130,183,0,0
BRDA:1130,183,1,0
BRDA:1130,184,0,0
BRDA:1130,184,1,0
BRDA:1134,185,0,0
BRDA:1134,185,1,0
BRDA:1136,186,0,0
BRDA:1136,186,1,0
BRDA:1140,187,0,0
BRDA:1140,187,1,0
BRDA:1143,188,0,0
BRDA:1143,188,1,0
BRDA:1173,189,0,0
BRDA:1173,189,1,0
BRDA:1175,190,0,0
BRDA:1175,190,1,0
BRDA:1231,191,0,0
BRDA:1231,191,1,0
BRDA:1245,192,0,0
BRDA:1245,192,1,0
BRDA:1245,193,0,0
BRDA:1245,193,1,0
BRDA:1247,194,0,0
BRDA:1247,194,1,0
BRDA:1253,195,0,0
BRDA:1253,195,1,0
BRDA:1295,196,0,0
BRDA:1295,196,1,0
BRDA:1310,197,0,0
BRDA:1310,197,1,0
BRDA:1310,198,0,0
BRDA:1310,198,1,0
BRDA:1312,199,0,0
BRDA:1312,199,1,0
BRDA:1315,200,0,0
BRDA:1315,200,1,0
BRDA:1341,201,0,0
BRDA:1341,201,1,0
BRDA:1341,202,0,0
BRDA:1341,202,1,0
BRDA:1349,203,0,0
BRDA:1349,203,1,0
BRDA:1350,204,0,0
BRDA:1350,204,1,0
BRDA:1357,205,0,0
BRDA:1357,205,1,0
BRDA:1362,206,0,0
BRDA:1362,206,1,0
BRDA:1362,207,0,0
BRDA:1362,207,1,0
BRDA:1376,208,0,0
BRDA:1376,208,1,0
BRDA:1376,209,0,0
BRDA:1376,209,1,0
BRDA:1377,210,0,0
BRDA:1377,210,1,0
BRDA:1382,211,0,0
BRDA:1382,211,1,0
BRDA:1387,212,0,0
BRDA:1387,212,1,0
BRDA:1388,213,0,0
BRDA:1388,213,1,0
BRDA:1397,214,0,0
BRDA:1397,214,1,0
BRDA:1397,215,0,0
BRDA:1397,215,1,0
BRDA:1406,216,0,0
BRDA:1406,216,1,0
BRDA:1407,217,0,0
BRDA:1407,217,1,0
BRDA:1417,218,0,0
BRDA:1417,218,1,0
BRDA:1417,219,0,0
BRDA:1417,219,1,0
BRDA:1427,220,0,0
BRDA:1427,220,1,0
BRDA:1428,221,0,0
BRDA:1428,221,1,0
BRDA:1437,222,0,0
BRDA:1437,222,1,0
BRDA:1437,223,0,0
BRDA:1437,223,1,0
BRDA:1477,224,0,0
BRDA:1477,224,1,0
BRDA:1491,225,0,0
BRDA:1491,225,1,0
BRDA:1491,226,0,0
BRDA:1491,226,1,0
BRDA:1501,227,0,0
BRDA:1501,227,1,0
BRDA:1502,228,0,0
BRDA:1502,228,1,0
BRDA:1512,229,0,0
BRDA:1512,229,1,0
BRDA:1513,230,0,0
BRDA:1513,230,1,0
BRDA:1514,231,0,0
BRDA:1514,231,1,0
BRDA:1515,232,0,0
BRDA:1515,232,1,0
BRDA:1523,233,0,0
BRDA:1525,234,0,0
BRDA:1525,234,1,0
BRDA:1525,235,0,0
BRDA:1525,235,1,0
BRDA:1539,236,0,0
BRDA:1539,236,1,0
BRDA:1540,237,0,0
BRDA:1540,237,1,0
BRDA:1542,238,0,0
BRDA:1542,238,1,0
BRDA:1543,239,0,0
BRDA:1543,239,1,0
BRDA:1554,240,0,0
BRDA:1554,240,1,0
BRDA:1554,241,0,0
BRDA:1554,241,1,0
BRDA:1563,242,0,0
BRDA:1563,242,1,0
BRDA:1563,243,0,0
BRDA:1563,243,1,0
BRDA:1563,243,2,0
BRDA:1577,244,0,0
BRDA:1577,244,1,0
BRDA:1577,245,0,0
BRDA:1577,245,1,0
BRDA:1608,246,0,0
BRDA:1608,246,1,0
BRDA:1615,247,0,0
BRDA:1615,247,1,0
BRDA:1626,248,0,0
BRDA:1626,248,1,0
BRDA:1633,249,0,0
BRDA:1633,249,1,0
BRDA:1638,250,0,0
BRDA:1638,250,1,0
BRDA:1656,251,0,0
BRDA:1656,251,1,0
BRDA:1656,252,0,0
BRDA:1656,252,1,0
BRDA:1664,253,0,0
BRDA:1664,253,1,0
BRDA:1671,254,0,0
BRDA:1671,254,1,0
BRDA:1691,255,0,0
BRDA:1691,255,1,0
BRDA:1696,256,0,0
BRDA:1696,256,1,0
BRDA:1700,257,0,0
BRDA:1700,257,1,0
BRDA:1700,258,0,0
BRDA:1700,258,1,0
BRDA:1721,259,0,0
BRDA:1721,259,1,0
BRDA:1730,260,0,0
BRDA:1730,260,1,0
BRDA:1737,261,0,0
BRDA:1737,261,1,0
BRDA:1764,262,0,0
BRDA:1764,262,1,0
BRDA:1785,263,0,0
BRDA:1785,263,1,0
BRDA:1786,264,0,0
BRDA:1786,264,1,0
BRDA:1792,265,0,0
BRDA:1792,265,1,0
BRDA:1792,265,2,0
BRDA:1795,266,0,0
BRDA:1795,266,1,0
BRDA:1795,266,2,0
BRDA:1806,267,0,0
BRDA:1806,267,1,0
BRDA:1836,268,0,0
BRDA:1836,268,1,0
BRDA:1838,269,0,0
BRDA:1838,269,1,0
BRDA:1841,270,0,0
BRDA:1841,270,1,0
BRDA:1844,271,0,0
BRDA:1844,271,1,0
BRDA:1853,272,0,0
BRDA:1853,272,1,0
BRDA:1861,273,0,0
BRDA:1864,274,0,0
BRDA:1864,274,1,0
BRDA:1877,275,0,0
BRDA:1877,275,1,0
BRDA:1891,276,0,0
BRDA:1891,276,1,0
BRDA:1898,277,0,0
BRDA:1898,277,1,0
BRDA:1899,278,0,0
BRDA:1899,278,1,0
BRDA:1900,279,0,0
BRDA:1900,279,1,0
BRDA:1901,280,0,0
BRDA:1901,280,1,0
BRDA:1902,281,0,0
BRDA:1902,281,1,0
BRDA:1903,282,0,0
BRDA:1903,282,1,0
BRDA:1904,283,0,0
BRDA:1904,283,1,0
BRDA:1905,284,0,0
BRDA:1905,284,1,0
BRDA:1906,285,0,0
BRDA:1906,285,1,0
BRDA:1907,286,0,0
BRDA:1907,286,1,0
BRDA:1917,287,0,0
BRDA:1917,287,1,0
BRDA:1926,288,0,0
BRDA:1926,288,1,0
BRDA:1945,289,0,0
BRDA:1945,289,1,0
BRDA:1945,290,0,0
BRDA:1945,290,1,0
BRDA:1974,291,0,0
BRDA:1974,291,1,0
BRDA:1974,292,0,0
BRDA:1974,292,1,0
BRDA:1989,293,0,0
BRDA:1989,293,1,0
BRDA:1989,294,0,0
BRDA:1989,294,1,0
BRDA:2001,295,0,0
BRDA:2001,295,1,0
BRDA:2001,296,0,0
BRDA:2001,296,1,0
BRDA:2010,297,0,0
BRDA:2010,297,1,0
BRDA:2010,298,0,0
BRDA:2010,298,1,0
BRDA:2020,299,0,0
BRDA:2020,299,1,0
BRDA:2020,300,0,0
BRDA:2020,300,1,0
BRDA:2021,301,0,0
BRDA:2021,301,1,0
BRDA:2036,302,0,0
BRDA:2036,302,1,0
BRDA:2036,303,0,0
BRDA:2036,303,1,0
BRDA:2038,304,0,0
BRDA:2038,304,1,0
BRDA:2045,305,0,0
BRDA:2045,305,1,0
BRDA:2045,306,0,0
BRDA:2045,306,1,0
BRDA:2055,307,0,0
BRDA:2055,307,1,0
BRDA:2055,308,0,0
BRDA:2055,308,1,0
BRDA:2056,309,0,0
BRDA:2056,309,1,0
BRDA:2056,310,0,0
BRDA:2056,310,1,0
BRDA:2064,311,0,0
BRDA:2064,311,1,0
BRDA:2064,312,0,0
BRDA:2064,312,1,0
BRDA:2074,313,0,0
BRDA:2074,313,1,0
BRDA:2074,314,0,0
BRDA:2074,314,1,0
BRDA:2078,315,0,0
BRDA:2078,315,1,0
BRDA:2098,316,0,0
BRDA:2098,316,1,0
BRDA:2099,317,0,0
BRDA:2099,317,1,0
BRDA:2099,317,2,0
BRDA:2100,318,0,0
BRDA:2100,318,1,0
BRDA:2100,318,2,0
BRDA:2101,319,0,0
BRDA:2101,319,1,0
BRDA:2101,319,2,0
BRDA:2102,320,0,0
BRDA:2102,320,1,0
BRDA:2102,320,2,0
BRDA:2107,321,0,0
BRDA:2107,321,1,0
BRDA:2110,322,0,0
BRDA:2110,322,1,0
BRDA:2127,323,0,0
BRDA:2127,323,1,0
BRDA:2127,324,0,0
BRDA:2127,324,1,0
BRDA:2140,325,0,0
BRDA:2140,325,1,0
BRDA:2141,326,0,0
BRDA:2141,326,1,0
BRDA:2142,327,0,0
BRDA:2142,327,1,0
BRDA:2150,328,0,0
BRDA:2150,328,1,0
BRDA:2168,329,0,0
BRDA:2168,329,1,0
BRDA:2168,330,0,0
BRDA:2168,330,1,0
BRDA:2174,331,0,0
BRDA:2174,331,1,0
BRDA:2174,332,0,0
BRDA:2174,332,1,0
BRDA:2180,333,0,0
BRDA:2180,333,1,0
BRDA:2190,334,0,0
BRDA:2190,334,1,0
BRDA:2190,335,0,0
BRDA:2190,335,1,0
BRDA:2207,336,0,0
BRDA:2207,336,1,0
BRDA:2207,337,0,0
BRDA:2207,337,1,0
BRDA:2226,338,0,0
BRDA:2226,338,1,0
BRDA:2228,339,0,0
BRDA:2228,339,1,0
BRDA:2235,340,0,0
BRDA:2235,340,1,0
BRDA:2235,340,2,0
BRDA:2244,341,0,0
BRDA:2244,341,1,0
BRDA:2246,342,0,0
BRDA:2246,342,1,0
BRDA:2252,343,0,0
BRDA:2252,343,1,0
BRDA:2252,343,2,0
BRDA:2271,344,0,0
BRDA:2271,344,1,0
BRDA:2277,345,0,0
BRDA:2277,345,1,0
BRDA:2296,346,0,0
BRDA:2296,346,1,0
BRDA:2313,347,0,0
BRDA:2313,347,1,0
BRDA:2328,348,0,0
BRDA:2328,348,1,0
BRDA:2329,349,0,0
BRDA:2329,349,1,0
BRDA:2330,350,0,0
BRDA:2330,350,1,0
BRDA:2335,351,0,0
BRDA:2336,352,0,0
BRDA:2336,352,1,0
BRDA:2359,353,0,0
BRDA:2359,353,1,0
BRDA:2372,354,0,0
BRDA:2373,355,0,0
BRDA:2373,355,1,0
BRDA:2404,356,0,0
BRDA:2404,356,1,0
BRDA:2413,357,0,0
BRDA:2413,357,1,0
BRDA:2430,358,0,0
BRDA:2430,358,1,0
BRDA:2432,359,0,0
BRDA:2432,359,1,0
BRDA:2432,360,0,0
BRDA:2432,360,1,0
BRDA:2453,361,0,0
BRDA:2455,362,0,0
BRDA:2455,362,1,0
BRDA:2477,363,0,0
BRDA:2477,363,1,0
BRDA:2484,364,0,0
BRDA:2484,364,1,0
BRDA:2498,365,0,0
BRDA:2498,365,1,0
BRDA:2498,366,0,0
BRDA:2498,366,1,0
BRDA:2508,367,0,0
BRDA:2508,367,1,0
BRDA:2508,368,0,0
BRDA:2508,368,1,0
BRDA:2515,369,0,0
BRDA:2515,369,1,0
BRDA:2519,370,0,0
BRDA:2519,370,1,0
BRDA:2519,371,0,0
BRDA:2519,371,1,0
BRDA:2522,372,0,0
BRDA:2522,372,1,0
BRDA:2523,373,0,0
BRDA:2523,373,1,0
BRDA:2524,374,0,0
BRDA:2524,374,1,0
BRDA:2535,375,0,0
BRDA:2535,375,1,0
BRDA:2535,376,0,0
BRDA:2535,376,1,0
BRDA:2543,377,0,0
BRDA:2543,377,1,0
BRDA:2543,378,0,0
BRDA:2543,378,1,0
BRDA:2545,379,0,0
BRDA:2545,379,1,0
BRDA:2552,380,0,0
BRDA:2552,380,1,0
BRDA:2552,381,0,0
BRDA:2552,381,1,0
BRDA:2552,382,0,0
BRDA:2552,382,1,0
BRDA:2557,383,0,0
BRDA:2557,383,1,0
BRDA:2574,384,0,0
BRDA:2574,384,1,0
BRDA:2585,385,0,0
BRDA:2585,385,1,0
BRDA:2596,386,0,0
BRDA:2596,386,1,0
BRDA:2623,387,0,0
BRDA:2623,387,1,0
BRDA:2625,388,0,0
BRDA:2625,388,1,0
BRDA:2626,389,0,0
BRDA:2626,389,1,0
BRDA:2629,390,0,0
BRDA:2629,390,1,0
BRDA:2630,391,0,0
BRDA:2630,391,1,0
BRDA:2631,392,0,0
BRDA:2631,392,1,0
BRDA:2633,393,0,0
BRDA:2633,393,1,0
BRDA:2648,394,0,0
BRDA:2648,394,1,0
BRDA:2649,395,0,0
BRDA:2649,395,1,0
BRDA:2666,396,0,0
BRDA:2666,396,1,0
BRDA:2686,397,0,0
BRDA:2686,397,1,0
BRDA:2687,398,0,0
BRDA:2687,398,1,0
BRDA:2688,399,0,0
BRDA:2688,399,1,0
BRDA:2689,400,0,0
BRDA:2689,400,1,0
BRDA:2690,401,0,0
BRDA:2690,401,1,0
BRDA:2691,402,0,0
BRDA:2691,402,1,0
BRDA:2714,403,0,0
BRDA:2714,403,1,0
BRDA:2715,404,0,0
BRDA:2715,404,1,0
BRDA:2716,405,0,0
BRDA:2716,405,1,0
BRDA:2717,406,0,0
BRDA:2717,406,1,0
BRDA:2718,407,0,0
BRDA:2718,407,1,0
BRDA:2719,408,0,0
BRDA:2719,408,1,0
BRDA:2720,409,0,0
BRDA:2720,409,1,0
BRDA:2721,410,0,0
BRDA:2721,410,1,0
BRDA:2722,411,0,0
BRDA:2722,411,1,0
BRDA:2723,412,0,0
BRDA:2723,412,1,0
BRDA:2724,413,0,0
BRDA:2724,413,1,0
BRDA:2753,414,0,0
BRDA:2753,414,1,0
BRDA:2755,415,0,0
BRDA:2755,415,1,0
BRF:839
BRH:0
end_of_record
TN:
SF:src\lib\dbTestUtils.ts
FN:4,testDatabaseConnection
FNF:1
FNH:0
FNDA:0,testDatabaseConnection
DA:2,0
DA:4,0
DA:9,0
DA:10,0
DA:11,0
DA:18,0
DA:22,0
DA:24,0
DA:25,0
DA:31,0
DA:38,0
DA:43,0
DA:52,0
DA:112,0
LF:14
LH:0
BRDA:10,0,0,0
BRDA:10,0,1,0
BRDA:22,1,0,0
BRDA:22,1,1,0
BRDA:24,2,0,0
BRDA:24,2,1,0
BRDA:24,3,0,0
BRDA:24,3,1,0
BRDA:46,4,0,0
BRDA:46,4,1,0
BRF:10
BRH:0
end_of_record
TN:
SF:src\lib\ecologicalPolicyEngine.ts
FN:75,(anonymous_5)
FN:81,(anonymous_6)
FN:83,(anonymous_7)
FN:93,(anonymous_8)
FN:106,(anonymous_9)
FN:116,(anonymous_10)
FN:122,(anonymous_11)
FN:139,(anonymous_12)
FN:150,(anonymous_13)
FN:154,(anonymous_14)
FN:159,(anonymous_15)
FN:163,(anonymous_16)
FN:168,(anonymous_17)
FN:176,(anonymous_18)
FN:184,(anonymous_19)
FN:243,(anonymous_20)
FN:273,(anonymous_21)
FN:279,(anonymous_22)
FN:287,(anonymous_23)
FN:310,(anonymous_24)
FN:399,(anonymous_25)
FN:414,(anonymous_26)
FN:423,(anonymous_27)
FN:430,(anonymous_28)
FN:444,(anonymous_29)
FN:448,(anonymous_30)
FN:453,(anonymous_31)
FN:474,(anonymous_32)
FN:491,(anonymous_33)
FNF:29
FNH:18
FNDA:17,(anonymous_5)
FNDA:17,(anonymous_6)
FNDA:0,(anonymous_7)
FNDA:17,(anonymous_8)
FNDA:0,(anonymous_9)
FNDA:17,(anonymous_10)
FNDA:1,(anonymous_11)
FNDA:1,(anonymous_12)
FNDA:9,(anonymous_13)
FNDA:0,(anonymous_14)
FNDA:0,(anonymous_15)
FNDA:1,(anonymous_16)
FNDA:2,(anonymous_17)
FNDA:0,(anonymous_18)
FNDA:3,(anonymous_19)
FNDA:2,(anonymous_20)
FNDA:4,(anonymous_21)
FNDA:2,(anonymous_22)
FNDA:5,(anonymous_23)
FNDA:2,(anonymous_24)
FNDA:2,(anonymous_25)
FNDA:0,(anonymous_26)
FNDA:0,(anonymous_27)
FNDA:0,(anonymous_28)
FNDA:0,(anonymous_29)
FNDA:0,(anonymous_30)
FNDA:3,(anonymous_31)
FNDA:2,(anonymous_32)
FNDA:0,(anonymous_33)
DA:9,1
DA:29,3
DA:70,17
DA:71,17
DA:72,17
DA:73,17
DA:76,17
DA:77,17
DA:78,17
DA:82,17
DA:83,17
DA:84,0
DA:85,0
DA:86,0
DA:87,0
DA:94,17
DA:95,17
DA:96,17
DA:97,17
DA:98,0
DA:101,0
DA:107,0
DA:108,0
DA:109,0
DA:111,0
DA:117,17
DA:118,17
DA:119,17
DA:120,17
DA:121,1
DA:122,1
DA:123,1
DA:124,1
DA:134,0
DA:140,1
DA:141,1
DA:142,1
DA:143,1
DA:145,0
DA:151,9
DA:155,0
DA:156,0
DA:160,0
DA:164,1
DA:165,1
DA:169,2
DA:170,2
DA:171,1
DA:173,1
DA:177,0
DA:178,0
DA:185,3
DA:186,3
DA:187,3
DA:190,3
DA:191,1
DA:192,1
DA:193,2
DA:194,0
DA:195,0
DA:199,3
DA:200,0
DA:201,0
DA:205,3
DA:206,1
DA:207,1
DA:211,3
DA:212,0
DA:213,0
DA:217,3
DA:218,3
DA:219,1
DA:220,1
DA:221,2
DA:222,0
DA:223,0
DA:227,3
DA:234,3
DA:236,3
DA:244,2
DA:245,2
DA:252,2
DA:255,0
DA:256,0
DA:258,0
DA:259,0
DA:262,0
DA:270,0
DA:274,4
DA:275,4
DA:276,4
DA:280,2
DA:284,2
DA:288,5
DA:289,0
DA:290,0
DA:293,5
DA:298,5
DA:299,5
DA:300,5
DA:301,5
DA:303,5
DA:305,5
DA:306,4
DA:307,3
DA:315,2
DA:316,2
DA:319,2
DA:321,2
DA:322,2
DA:323,2
DA:325,2
DA:326,2
DA:328,2
DA:330,2
DA:331,2
DA:333,2
DA:334,2
DA:343,2
DA:344,2
DA:345,2
DA:346,2
DA:347,2
DA:348,2
DA:350,2
DA:361,2
DA:362,2
DA:367,2
DA:368,2
DA:369,2
DA:370,2
DA:381,2
DA:384,2
DA:385,2
DA:386,2
DA:389,2
DA:400,2
DA:401,2
DA:402,2
DA:403,2
DA:419,0
DA:420,0
DA:428,0
DA:430,0
DA:431,0
DA:432,0
DA:434,0
DA:440,0
DA:441,0
DA:444,0
DA:445,0
DA:449,0
DA:450,0
DA:454,3
DA:456,3
DA:457,1
DA:463,2
DA:464,2
DA:465,1
DA:471,1
DA:475,2
DA:477,2
DA:479,1
DA:491,1
DA:492,0
DA:494,0
DA:495,0
DA:497,0
DA:500,1
LF:169
LH:119
BRDA:82,0,0,17
BRDA:82,0,1,0
BRDA:84,1,0,0
BRDA:84,1,1,0
BRDA:86,2,0,0
BRDA:86,2,1,0
BRDA:94,3,0,17
BRDA:94,3,1,0
BRDA:97,4,0,0
BRDA:97,4,1,17
BRDA:107,5,0,0
BRDA:107,5,1,0
BRDA:117,6,0,17
BRDA:117,6,1,0
BRDA:120,7,0,1
BRDA:120,7,1,16
BRDA:128,8,0,0
BRDA:128,8,1,1
BRDA:140,9,0,1
BRDA:140,9,1,0
BRDA:151,10,0,9
BRDA:151,10,1,1
BRDA:170,11,0,1
BRDA:170,11,1,1
BRDA:170,12,0,2
BRDA:170,12,1,1
BRDA:170,12,2,1
BRDA:170,12,3,0
BRDA:190,13,0,1
BRDA:190,13,1,2
BRDA:193,14,0,0
BRDA:193,14,1,2
BRDA:199,15,0,0
BRDA:199,15,1,3
BRDA:205,16,0,1
BRDA:205,16,1,2
BRDA:205,17,0,3
BRDA:205,17,1,3
BRDA:211,18,0,0
BRDA:211,18,1,3
BRDA:218,19,0,1
BRDA:218,19,1,2
BRDA:221,20,0,0
BRDA:221,20,1,2
BRDA:221,21,0,2
BRDA:221,21,1,0
BRDA:234,22,0,3
BRDA:234,22,1,1
BRDA:244,23,0,2
BRDA:244,23,1,0
BRDA:244,24,0,2
BRDA:244,24,1,2
BRDA:252,25,0,2
BRDA:252,25,1,0
BRDA:258,26,0,0
BRDA:258,26,1,0
BRDA:258,27,0,0
BRDA:258,27,1,0
BRDA:258,27,2,0
BRDA:270,28,0,0
BRDA:270,28,1,0
BRDA:273,29,0,1
BRDA:275,30,0,4
BRDA:275,30,1,2
BRDA:276,31,0,2
BRDA:276,31,1,2
BRDA:280,32,0,2
BRDA:280,32,1,0
BRDA:284,33,0,0
BRDA:284,33,1,2
BRDA:288,34,0,0
BRDA:288,34,1,5
BRDA:290,35,0,0
BRDA:290,35,1,0
BRDA:293,36,0,0
BRDA:293,36,1,5
BRDA:298,37,0,5
BRDA:298,37,1,0
BRDA:298,37,2,0
BRDA:299,38,0,5
BRDA:299,38,1,0
BRDA:299,38,2,0
BRDA:300,39,0,5
BRDA:300,39,1,0
BRDA:300,39,2,0
BRDA:301,40,0,5
BRDA:301,40,1,0
BRDA:301,40,2,0
BRDA:305,41,0,1
BRDA:305,41,1,4
BRDA:306,42,0,1
BRDA:306,42,1,3
BRDA:326,43,0,1
BRDA:326,43,1,1
BRDA:343,44,0,2
BRDA:343,44,1,0
BRDA:344,45,0,1
BRDA:344,45,1,1
BRDA:345,46,0,0
BRDA:345,46,1,2
BRDA:346,47,0,0
BRDA:346,47,1,2
BRDA:347,48,0,0
BRDA:347,48,1,2
BRDA:348,49,0,1
BRDA:348,49,1,1
BRDA:362,50,0,2
BRDA:362,50,1,0
BRDA:362,50,2,0
BRDA:362,50,3,0
BRDA:367,51,0,2
BRDA:367,51,1,0
BRDA:377,52,0,2
BRDA:377,52,1,0
BRDA:385,53,0,2
BRDA:385,53,1,0
BRDA:401,54,0,2
BRDA:401,54,1,0
BRDA:407,55,0,2
BRDA:407,55,1,0
BRDA:434,56,0,0
BRDA:434,56,1,0
BRDA:435,57,0,0
BRDA:435,57,1,0
BRDA:456,58,0,1
BRDA:456,58,1,2
BRDA:464,59,0,1
BRDA:464,59,1,1
BRDA:477,60,0,1
BRDA:477,60,1,1
BRDA:482,61,0,1
BRDA:482,61,1,0
BRDA:492,62,0,0
BRDA:492,62,1,0
BRDA:494,63,0,0
BRDA:494,63,1,0
BRF:136
BRH:74
end_of_record
TN:
SF:src\lib\environmentalEstimates.ts
FN:28,estimateCarbonFootprint
FN:36,estimateWasteGeneration
FN:44,getWasteRiskColor
FNF:3
FNH:0
FNDA:0,estimateCarbonFootprint
FNDA:0,estimateWasteGeneration
FNDA:0,getWasteRiskColor
DA:6,0
DA:28,0
DA:29,0
DA:30,0
DA:36,0
DA:37,0
DA:38,0
DA:44,0
DA:45,0
DA:46,0
DA:48,0
DA:49,0
DA:50,0
LF:13
LH:0
BRDA:29,0,0,0
BRDA:29,0,1,0
BRDA:37,1,0,0
BRDA:37,1,1,0
BRDA:44,2,0,0
BRDA:48,3,0,0
BRDA:48,3,1,0
BRDA:49,4,0,0
BRDA:49,4,1,0
BRF:9
BRH:0
end_of_record
TN:
SF:src\lib\messagingService.ts
FN:27,(anonymous_1)
FNF:1
FNH:0
FNDA:0,(anonymous_1)
DA:1,0
DA:27,0
DA:28,0
DA:29,0
DA:30,0
DA:31,0
DA:32,0
DA:34,0
DA:37,0
DA:43,0
DA:45,0
LF:11
LH:0
BRDA:30,0,0,0
BRDA:30,0,1,0
BRF:2
BRH:0
end_of_record
TN:
SF:src\lib\optimisticUpdates.ts
FN:34,generateOptimisticId
FN:41,createOptimisticHandlers
FN:51,(anonymous_9)
FN:59,(anonymous_10)
FN:67,(anonymous_11)
FN:74,(anonymous_12)
FN:84,withDelay
FN:88,(anonymous_14)
FN:89,(anonymous_15)
FN:98,createPendingItem
FN:113,replacePendingItem
FN:118,(anonymous_18)
FN:126,removePendingItem
FN:130,(anonymous_20)
FNF:14
FNH:0
FNDA:0,generateOptimisticId
FNDA:0,createOptimisticHandlers
FNDA:0,(anonymous_9)
FNDA:0,(anonymous_10)
FNDA:0,(anonymous_11)
FNDA:0,(anonymous_12)
FNDA:0,withDelay
FNDA:0,(anonymous_14)
FNDA:0,(anonymous_15)
FNDA:0,createPendingItem
FNDA:0,replacePendingItem
FNDA:0,(anonymous_18)
FNDA:0,removePendingItem
FNDA:0,(anonymous_20)
DA:34,0
DA:35,0
DA:41,0
DA:50,0
DA:53,0
DA:56,0
DA:59,0
DA:60,0
DA:64,0
DA:69,0
DA:70,0
DA:76,0
DA:84,0
DA:85,0
DA:86,0
DA:88,0
DA:89,0
DA:90,0
DA:98,0
DA:102,0
DA:113,0
DA:118,0
DA:119,0
DA:126,0
DA:130,0
LF:25
LH:0
BRDA:69,0,0,0
BRDA:69,0,1,0
BRDA:84,1,0,0
BRDA:85,2,0,0
BRDA:85,2,1,0
BRDA:85,3,0,0
BRDA:85,3,1,0
BRDA:119,4,0,0
BRDA:119,4,1,0
BRF:9
BRH:0
end_of_record
TN:
SF:src\lib\queryClient.ts
FNF:0
FNH:0
DA:1,0
DA:3,0
LF:2
LH:0
BRF:0
BRH:0
end_of_record
TN:
SF:src\lib\recommendationEngine.ts
FN:21,getEcoFriendlyAlternatives
FN:27,(anonymous_2)
FN:34,(anonymous_3)
FNF:3
FNH:3
FNDA:2,getEcoFriendlyAlternatives
FNDA:10,(anonymous_2)
FNDA:10,(anonymous_3)
DA:6,1
DA:21,2
DA:26,2
DA:29,10
DA:31,10
DA:32,8
DA:35,10
DA:36,10
DA:37,10
DA:38,10
DA:41,10
DA:42,10
DA:43,10
DA:44,8
DA:48,2
DA:49,2
DA:53,0
DA:54,0
DA:55,0
LF:19
LH:16
BRDA:29,0,0,0
BRDA:29,0,1,10
BRDA:31,1,0,2
BRDA:31,1,1,8
BRDA:35,2,0,10
BRDA:35,2,1,2
BRDA:36,3,0,10
BRDA:36,3,1,3
BRDA:43,4,0,8
BRDA:43,4,1,2
BRDA:48,5,0,2
BRDA:48,5,1,0
BRDA:53,6,0,0
BRDA:53,6,1,0
BRDA:54,7,0,0
BRDA:54,7,1,0
BRF:16
BRH:10
end_of_record
TN:
SF:src\lib\redis.ts
FNF:0
FNH:0
DA:1,0
DA:2,0
DA:5,0
DA:6,0
DA:8,0
DA:9,0
DA:10,0
DA:11,0
DA:13,0
DA:20,0
DA:27,0
DA:35,0
LF:12
LH:0
BRDA:8,0,0,0
BRDA:8,0,1,0
BRDA:8,1,0,0
BRDA:8,1,1,0
BRDA:10,2,0,0
BRDA:10,2,1,0
BRDA:11,3,0,0
BRDA:11,3,1,0
BRF:8
BRH:0
end_of_record
TN:
SF:src\lib\reportGenerator.ts
FN:6,(anonymous_2)
FN:119,(anonymous_3)
FNF:2
FNH:0
FNDA:0,(anonymous_2)
FNDA:0,(anonymous_3)
DA:1,0
DA:2,0
DA:4,0
DA:6,0
DA:10,0
DA:11,0
DA:14,0
DA:15,0
DA:17,0
DA:18,0
DA:19,0
DA:20,0
DA:22,0
DA:23,0
DA:24,0
DA:25,0
DA:28,0
DA:29,0
DA:30,0
DA:31,0
DA:33,0
DA:62,0
DA:63,0
DA:64,0
DA:65,0
DA:67,0
DA:89,0
DA:90,0
DA:91,0
DA:92,0
DA:93,0
DA:95,0
DA:110,0
DA:111,0
DA:112,0
DA:113,0
DA:115,0
DA:116,0
DA:119,0
DA:130,0
DA:131,0
DA:132,0
DA:136,0
DA:138,0
DA:139,0
DA:140,0
DA:142,0
DA:143,0
DA:144,0
DA:145,0
DA:147,0
DA:148,0
DA:149,0
DA:150,0
DA:151,0
DA:155,0
LF:56
LH:0
BRDA:40,0,0,0
BRDA:40,0,1,0
BRDA:41,1,0,0
BRDA:41,1,1,0
BRDA:41,2,0,0
BRDA:41,2,1,0
BRDA:49,3,0,0
BRDA:49,3,1,0
BRDA:52,4,0,0
BRDA:52,4,1,0
BRDA:55,5,0,0
BRDA:55,5,1,0
BRDA:76,6,0,0
BRDA:76,6,1,0
BRDA:89,7,0,0
BRDA:89,7,1,0
BRDA:99,8,0,0
BRDA:99,8,1,0
BRDA:99,9,0,0
BRDA:99,9,1,0
BRDA:99,10,0,0
BRDA:99,10,1,0
BRDA:100,11,0,0
BRDA:100,11,1,0
BRDA:100,12,0,0
BRDA:100,12,1,0
BRDA:100,13,0,0
BRDA:100,13,1,0
BRDA:101,14,0,0
BRDA:101,14,1,0
BRDA:101,15,0,0
BRDA:101,15,1,0
BRDA:101,16,0,0
BRDA:101,16,1,0
BRDA:102,17,0,0
BRDA:102,17,1,0
BRDA:102,18,0,0
BRDA:102,18,1,0
BRDA:102,19,0,0
BRDA:102,19,1,0
BRDA:115,20,0,0
BRDA:115,20,1,0
BRDA:136,21,0,0
BRDA:136,21,1,0
BRDA:147,22,0,0
BRDA:147,22,1,0
BRDA:147,23,0,0
BRDA:147,23,1,0
BRDA:151,24,0,0
BRDA:151,24,1,0
BRF:50
BRH:0
end_of_record
TN:
SF:src\lib\seasonalImpactCalculator.ts
FN:49,(anonymous_4)
FN:51,(anonymous_5)
FN:65,(anonymous_6)
FN:99,(anonymous_7)
FN:126,(anonymous_8)
FN:127,(anonymous_9)
FN:131,(anonymous_10)
FN:170,(anonymous_11)
FN:177,(anonymous_12)
FN:185,(anonymous_13)
FN:190,(anonymous_14)
FN:196,(anonymous_15)
FN:199,(anonymous_16)
FN:200,(anonymous_17)
FN:210,(anonymous_18)
FN:214,(anonymous_19)
FN:215,(anonymous_20)
FNF:17
FNH:0
FNDA:0,(anonymous_4)
FNDA:0,(anonymous_5)
FNDA:0,(anonymous_6)
FNDA:0,(anonymous_7)
FNDA:0,(anonymous_8)
FNDA:0,(anonymous_9)
FNDA:0,(anonymous_10)
FNDA:0,(anonymous_11)
FNDA:0,(anonymous_12)
FNDA:0,(anonymous_13)
FNDA:0,(anonymous_14)
FNDA:0,(anonymous_15)
FNDA:0,(anonymous_16)
FNDA:0,(anonymous_17)
FNDA:0,(anonymous_18)
FNDA:0,(anonymous_19)
FNDA:0,(anonymous_20)
DA:22,0
DA:49,0
DA:51,0
DA:52,0
DA:53,0
DA:54,0
DA:56,0
DA:57,0
DA:59,0
DA:60,0
DA:62,0
DA:65,0
DA:66,0
DA:67,0
DA:68,0
DA:70,0
DA:71,0
DA:72,0
DA:73,0
DA:74,0
DA:75,0
DA:76,0
DA:77,0
DA:78,0
DA:81,0
DA:82,0
DA:83,0
DA:84,0
DA:85,0
DA:86,0
DA:87,0
DA:91,0
DA:92,0
DA:93,0
DA:96,0
DA:99,0
DA:104,0
DA:105,0
DA:106,0
DA:107,0
DA:109,0
DA:114,0
DA:115,0
DA:117,0
DA:118,0
DA:120,0
DA:121,0
DA:123,0
DA:126,0
DA:127,0
DA:128,0
DA:131,0
DA:135,0
DA:136,0
DA:137,0
DA:139,0
DA:140,0
DA:141,0
DA:142,0
DA:144,0
DA:145,0
DA:147,0
DA:154,0
DA:155,0
DA:156,0
DA:157,0
DA:159,0
DA:170,0
DA:174,0
DA:175,0
DA:177,0
DA:178,0
DA:179,0
DA:180,0
DA:185,0
DA:186,0
DA:187,0
DA:190,0
DA:195,0
DA:196,0
DA:198,0
DA:199,0
DA:200,0
DA:202,0
DA:204,0
DA:205,0
DA:208,0
DA:209,0
DA:210,0
DA:214,0
DA:215,0
DA:217,0
LF:92
LH:0
BRDA:53,0,0,0
BRDA:53,0,1,0
BRDA:56,1,0,0
BRDA:56,1,1,0
BRDA:59,2,0,0
BRDA:59,2,1,0
BRDA:66,3,0,0
BRDA:66,3,1,0
BRDA:70,4,0,0
BRDA:70,4,1,0
BRDA:73,5,0,0
BRDA:73,5,1,0
BRDA:76,6,0,0
BRDA:76,6,1,0
BRDA:81,7,0,0
BRDA:81,7,1,0
BRDA:82,8,0,0
BRDA:82,8,1,0
BRDA:85,9,0,0
BRDA:85,9,1,0
BRDA:91,10,0,0
BRDA:91,10,1,0
BRDA:91,11,0,0
BRDA:91,11,1,0
BRDA:104,12,0,0
BRDA:104,12,1,0
BRDA:105,13,0,0
BRDA:105,13,1,0
BRDA:105,13,2,0
BRDA:109,14,0,0
BRDA:109,14,1,0
BRDA:114,15,0,0
BRDA:114,15,1,0
BRDA:117,16,0,0
BRDA:117,16,1,0
BRDA:120,17,0,0
BRDA:120,17,1,0
BRDA:127,18,0,0
BRDA:127,18,1,0
BRDA:145,19,0,0
BRDA:145,19,1,0
BRDA:172,20,0,0
BRDA:193,21,0,0
BRDA:195,22,0,0
BRDA:195,22,1,0
BRDA:199,23,0,0
BRDA:199,23,1,0
BRDA:202,24,0,0
BRDA:202,24,1,0
BRDA:204,25,0,0
BRDA:204,25,1,0
BRDA:214,26,0,0
BRDA:214,26,1,0
BRF:53
BRH:0
end_of_record
TN:
SF:src\lib\supabase.ts
FN:16,(anonymous_4)
FN:24,(anonymous_5)
FNF:2
FNH:0
FNDA:0,(anonymous_4)
FNDA:0,(anonymous_5)
DA:1,3
DA:4,3
DA:5,3
DA:7,3
DA:11,3
DA:12,3
DA:16,3
DA:17,0
DA:18,0
DA:20,0
DA:24,3
DA:25,0
DA:26,0
DA:27,0
DA:28,0
DA:30,0
LF:16
LH:8
BRDA:7,0,0,0
BRDA:7,0,1,3
BRDA:7,1,0,3
BRDA:7,1,1,0
BRDA:11,2,0,3
BRDA:11,2,1,0
BRDA:17,3,0,0
BRDA:17,3,1,0
BRDA:17,4,0,0
BRDA:17,4,1,0
BRDA:26,5,0,0
BRDA:26,5,1,0
BRDA:26,6,0,0
BRDA:26,6,1,0
BRF:14
BRH:3
end_of_record
TN:
SF:src\lib\sustainabilityScoring.ts
FN:13,(anonymous_6)
FN:61,(anonymous_7)
FN:84,(anonymous_8)
FN:98,(anonymous_9)
FN:124,(anonymous_10)
FN:135,(anonymous_11)
FN:139,(anonymous_12)
FNF:7
FNH:7
FNDA:7,(anonymous_6)
FNDA:1,(anonymous_7)
FNDA:1,(anonymous_8)
FNDA:2,(anonymous_9)
FNDA:1,(anonymous_10)
FNDA:3,(anonymous_11)
FNDA:1,(anonymous_12)
DA:13,2
DA:15,7
DA:21,7
DA:25,7
DA:28,7
DA:32,7
DA:33,7
DA:34,7
DA:35,7
DA:37,7
DA:39,7
DA:45,7
DA:61,1
DA:64,1
DA:65,1
DA:67,1
DA:68,1
DA:70,1
DA:84,1
DA:85,1
DA:87,1
DA:98,2
DA:99,2
DA:102,2
DA:103,1
DA:107,1
DA:109,1
DA:113,0
DA:114,0
DA:118,0
DA:124,1
DA:128,1
DA:134,1
DA:136,3
DA:137,2
DA:140,1
DA:141,1
DA:142,1
LF:38
LH:35
BRDA:21,0,0,7
BRDA:21,0,1,0
BRDA:25,1,0,7
BRDA:25,1,1,0
BRDA:33,2,0,7
BRDA:33,2,1,0
BRDA:34,3,0,0
BRDA:34,3,1,7
BRDA:35,4,0,7
BRDA:35,4,1,0
BRDA:61,5,0,0
BRDA:65,6,0,1
BRDA:65,6,1,0
BRDA:88,7,0,1
BRDA:88,7,1,0
BRDA:89,8,0,1
BRDA:89,8,1,0
BRDA:90,9,0,0
BRDA:90,9,1,1
BRDA:91,10,0,0
BRDA:91,10,1,1
BRDA:102,11,0,1
BRDA:102,11,1,1
BRDA:102,12,0,2
BRDA:102,12,1,2
BRDA:107,13,0,1
BRDA:107,13,1,0
BRDA:107,14,0,1
BRDA:107,14,1,1
BRDA:107,14,2,0
BRDA:113,15,0,0
BRDA:113,15,1,0
BRDA:113,16,0,0
BRDA:113,16,1,0
BRDA:128,17,0,0
BRDA:128,17,1,1
BRDA:130,18,0,1
BRDA:130,18,1,0
BRDA:136,19,0,1
BRDA:136,19,1,2
BRDA:136,20,0,3
BRDA:136,20,1,3
BRF:42
BRH:23
end_of_record
TN:
SF:src\lib\testTomorrowAPI.ts
FN:6,testTomorrowWeatherAPI
FN:63,checkRainIntensity
FN:74,runWeatherTest
FNF:3
FNH:0
FNDA:0,testTomorrowWeatherAPI
FNDA:0,checkRainIntensity
FNDA:0,runWeatherTest
DA:4,0
DA:7,0
DA:8,0
DA:11,0
DA:17,0
DA:18,0
DA:20,0
DA:26,0
DA:27,0
DA:28,0
DA:29,0
DA:30,0
DA:31,0
DA:32,0
DA:33,0
DA:34,0
DA:35,0
DA:36,0
DA:37,0
DA:38,0
DA:41,0
DA:42,0
DA:43,0
DA:44,0
DA:46,0
DA:50,0
DA:53,0
DA:57,0
DA:64,0
DA:66,0
DA:67,0
DA:69,0
DA:74,0
DA:75,0
DA:76,0
LF:35
LH:0
BRDA:26,0,0,0
BRDA:26,0,1,0
BRDA:35,1,0,0
BRDA:35,1,1,0
BRDA:36,2,0,0
BRDA:36,2,1,0
BRDA:37,3,0,0
BRDA:37,3,1,0
BRDA:38,4,0,0
BRDA:38,4,1,0
BRDA:42,5,0,0
BRDA:42,5,1,0
BRDA:66,6,0,0
BRDA:66,6,1,0
BRF:14
BRH:0
end_of_record
TN:
SF:src\lib\tomorrowWeatherService.ts
FN:161,(anonymous_4)
FN:174,(anonymous_5)
FN:220,(anonymous_6)
FN:244,(anonymous_7)
FN:260,(anonymous_8)
FN:273,(anonymous_9)
FN:306,(anonymous_10)
FN:329,(anonymous_11)
FN:340,(anonymous_12)
FN:352,(anonymous_13)
FN:402,(anonymous_14)
FNF:11
FNH:0
FNDA:0,(anonymous_4)
FNDA:0,(anonymous_5)
FNDA:0,(anonymous_6)
FNDA:0,(anonymous_7)
FNDA:0,(anonymous_8)
FNDA:0,(anonymous_9)
FNDA:0,(anonymous_10)
FNDA:0,(anonymous_11)
FNDA:0,(anonymous_12)
FNDA:0,(anonymous_13)
FNDA:0,(anonymous_14)
DA:127,0
DA:130,0
DA:162,0
DA:175,0
DA:176,0
DA:190,0
DA:192,0
DA:193,0
DA:195,0
DA:196,0
DA:197,0
DA:200,0
DA:201,0
DA:202,0
DA:205,0
DA:206,0
DA:207,0
DA:209,0
DA:210,0
DA:211,0
DA:213,0
DA:214,0
DA:215,0
DA:222,0
DA:223,0
DA:225,0
DA:245,0
DA:246,0
DA:249,0
DA:251,0
DA:252,0
DA:253,0
DA:254,0
DA:256,0
DA:261,0
DA:262,0
DA:274,0
DA:275,0
DA:291,0
DA:293,0
DA:295,0
DA:296,0
DA:299,0
DA:301,0
DA:302,0
DA:307,0
DA:308,0
DA:309,0
DA:311,0
DA:330,0
DA:337,0
DA:341,0
DA:342,0
DA:343,0
DA:353,0
DA:356,0
DA:357,0
DA:358,0
DA:359,0
DA:363,0
DA:364,0
DA:368,0
DA:369,0
DA:373,0
DA:374,0
DA:378,0
DA:379,0
DA:383,0
DA:384,0
DA:385,0
DA:386,0
DA:389,0
DA:403,0
DA:404,0
DA:407,0
DA:408,0
DA:409,0
DA:410,0
DA:413,0
DA:421,0
DA:446,0
DA:450,0
LF:82
LH:0
BRDA:174,0,0,0
BRDA:195,1,0,0
BRDA:195,1,1,0
BRDA:200,2,0,0
BRDA:200,2,1,0
BRDA:209,3,0,0
BRDA:209,3,1,0
BRDA:246,4,0,0
BRDA:246,4,1,0
BRDA:251,5,0,0
BRDA:251,5,1,0
BRDA:251,6,0,0
BRDA:251,6,1,0
BRDA:252,7,0,0
BRDA:252,7,1,0
BRDA:252,8,0,0
BRDA:252,8,1,0
BRDA:253,9,0,0
BRDA:253,9,1,0
BRDA:253,10,0,0
BRDA:253,10,1,0
BRDA:254,11,0,0
BRDA:254,11,1,0
BRDA:273,12,0,0
BRDA:295,13,0,0
BRDA:295,13,1,0
BRDA:307,14,0,0
BRDA:307,14,1,0
BRDA:308,15,0,0
BRDA:308,15,1,0
BRDA:309,16,0,0
BRDA:309,16,1,0
BRDA:312,17,0,0
BRDA:312,17,1,0
BRDA:313,18,0,0
BRDA:313,18,1,0
BRDA:314,19,0,0
BRDA:314,19,1,0
BRDA:317,20,0,0
BRDA:317,20,1,0
BRDA:318,21,0,0
BRDA:318,21,1,0
BRDA:319,22,0,0
BRDA:319,22,1,0
BRDA:322,23,0,0
BRDA:322,23,1,0
BRDA:323,24,0,0
BRDA:323,24,1,0
BRDA:324,25,0,0
BRDA:324,25,1,0
BRDA:325,26,0,0
BRDA:325,26,1,0
BRDA:337,27,0,0
BRDA:337,27,1,0
BRDA:356,28,0,0
BRDA:356,28,1,0
BRDA:358,29,0,0
BRDA:358,29,1,0
BRDA:363,30,0,0
BRDA:363,30,1,0
BRDA:368,31,0,0
BRDA:368,31,1,0
BRDA:368,32,0,0
BRDA:368,32,1,0
BRDA:373,33,0,0
BRDA:373,33,1,0
BRDA:378,34,0,0
BRDA:378,34,1,0
BRDA:378,35,0,0
BRDA:378,35,1,0
BRDA:383,36,0,0
BRDA:383,36,1,0
BRDA:385,37,0,0
BRDA:385,37,1,0
BRDA:385,38,0,0
BRDA:385,38,1,0
BRDA:402,39,0,0
BRDA:403,40,0,0
BRDA:403,40,1,0
BRDA:407,41,0,0
BRDA:407,41,1,0
BRDA:407,42,0,0
BRDA:407,42,1,0
BRDA:407,42,2,0
BRDA:409,43,0,0
BRDA:409,43,1,0
BRDA:409,44,0,0
BRDA:409,44,1,0
BRDA:447,45,0,0
BRDA:447,45,1,0
BRF:90
BRH:0
end_of_record
TN:
SF:src\lib\typeGuards.ts
FN:6,isValidEcologicalSensitivity
FN:13,isValidWasteManagementLevel
FNF:2
FNH:0
FNDA:0,isValidEcologicalSensitivity
FNDA:0,isValidWasteManagementLevel
DA:6,0
DA:7,0
DA:13,0
DA:14,0
LF:4
LH:0
BRDA:7,0,0,0
BRDA:7,0,1,0
BRDA:14,1,0,0
BRDA:14,1,1,0
BRF:4
BRH:0
end_of_record
TN:
SF:src\lib\utils.ts
FN:4,cn
FN:8,generateId
FN:14,formatDate
FN:22,formatDateTime
FN:32,calculateDaysBetween
FN:37,isDateInRange
FN:41,getCapacityStatus
FN:59,validateEmail
FN:65,validatePhone
FN:76,validateIdProof
FN:95,validateIdProofByType
FN:135,validateAge
FN:153,validatePinCode
FN:168,validateAddress
FN:189,validateGender
FN:197,validateName
FN:218,validateGroupName
FN:249,validateDateRange
FN:297,sanitizeInput
FN:301,(anonymous_46)
FN:318,sanitizeForDatabase
FN:330,sanitizeSearchTerm
FN:339,sanitizeObject
FN:347,(anonymous_50)
FN:361,validateGroupSize
FN:376,getEcologicalSensitivityColor
FN:386,getStatusColor
FN:397,exportToCSV
FN:413,convertToCSV
FN:419,(anonymous_56)
FN:420,(anonymous_57)
FNF:31
FNH:12
FNDA:0,cn
FNDA:0,generateId
FNDA:0,formatDate
FNDA:0,formatDateTime
FNDA:3,calculateDaysBetween
FNDA:0,isDateInRange
FNDA:0,getCapacityStatus
FNDA:6,validateEmail
FNDA:6,validatePhone
FNDA:0,validateIdProof
FNDA:13,validateIdProofByType
FNDA:8,validateAge
FNDA:6,validatePinCode
FNDA:4,validateAddress
FNDA:0,validateGender
FNDA:6,validateName
FNDA:0,validateGroupName
FNDA:6,validateDateRange
FNDA:3,sanitizeInput
FNDA:3,(anonymous_46)
FNDA:0,sanitizeForDatabase
FNDA:0,sanitizeSearchTerm
FNDA:0,sanitizeObject
FNDA:0,(anonymous_50)
FNDA:7,validateGroupSize
FNDA:0,getEcologicalSensitivityColor
FNDA:0,getStatusColor
FNDA:0,exportToCSV
FNDA:0,convertToCSV
FNDA:0,(anonymous_56)
FNDA:0,(anonymous_57)
DA:1,1
DA:2,1
DA:4,0
DA:5,0
DA:8,0
DA:9,0
DA:10,0
DA:11,0
DA:14,0
DA:15,0
DA:22,0
DA:23,0
DA:32,0
DA:33,3
DA:34,3
DA:37,0
DA:38,0
DA:41,0
DA:46,0
DA:48,0
DA:49,0
DA:50,0
DA:51,0
DA:52,0
DA:53,0
DA:55,0
DA:59,6
DA:60,6
DA:61,6
DA:62,4
DA:65,6
DA:66,6
DA:67,6
DA:68,6
DA:69,6
DA:71,6
DA:76,0
DA:77,0
DA:80,0
DA:81,0
DA:82,0
DA:83,0
DA:84,0
DA:85,0
DA:87,0
DA:95,13
DA:96,13
DA:97,0
DA:100,13
DA:102,13
DA:104,3
DA:105,2
DA:107,1
DA:109,2
DA:110,1
DA:112,1
DA:114,3
DA:115,1
DA:117,2
DA:119,2
DA:120,0
DA:122,2
DA:124,2
DA:125,1
DA:127,1
DA:129,1
DA:132,7
DA:135,8
DA:136,8
DA:138,8
DA:139,1
DA:141,7
DA:142,1
DA:144,6
DA:145,1
DA:147,5
DA:148,1
DA:150,4
DA:153,6
DA:154,6
DA:155,0
DA:158,6
DA:159,6
DA:161,6
DA:162,4
DA:165,2
DA:168,4
DA:169,4
DA:170,0
DA:173,4
DA:175,4
DA:176,1
DA:178,3
DA:179,1
DA:182,2
DA:183,1
DA:186,1
DA:189,0
DA:190,0
DA:191,0
DA:192,0
DA:194,0
DA:197,6
DA:198,6
DA:199,0
DA:201,6
DA:202,6
DA:203,1
DA:205,5
DA:206,0
DA:208,5
DA:209,5
DA:210,2
DA:212,3
DA:213,0
DA:215,3
DA:218,0
DA:220,0
DA:221,0
DA:224,0
DA:226,0
DA:227,0
DA:229,0
DA:230,0
DA:234,0
DA:235,0
DA:236,0
DA:240,0
DA:241,0
DA:244,0
DA:249,6
DA:254,6
DA:256,6
DA:257,0
DA:260,6
DA:261,6
DA:263,6
DA:264,6
DA:267,6
DA:268,0
DA:271,6
DA:272,6
DA:273,6
DA:274,1
DA:277,5
DA:278,2
DA:281,3
DA:282,3
DA:283,1
DA:285,2
DA:286,2
DA:287,2
DA:288,1
DA:291,1
DA:297,3
DA:298,3
DA:299,1
DA:302,3
DA:309,3
DA:318,0
DA:319,0
DA:320,0
DA:330,0
DA:331,0
DA:333,0
DA:339,0
DA:340,0
DA:342,0
DA:343,0
DA:346,0
DA:347,0
DA:350,0
DA:351,0
DA:352,0
DA:353,0
DA:355,0
DA:358,0
DA:361,7
DA:362,7
DA:364,7
DA:365,2
DA:367,5
DA:368,1
DA:370,4
DA:371,1
DA:373,3
DA:376,0
DA:377,0
DA:378,0
DA:379,0
DA:380,0
DA:381,0
DA:382,0
DA:386,0
DA:387,0
DA:388,0
DA:389,0
DA:390,0
DA:391,0
DA:392,0
DA:393,0
DA:397,0
DA:398,0
DA:399,0
DA:400,0
DA:402,0
DA:403,0
DA:404,0
DA:405,0
DA:406,0
DA:407,0
DA:408,0
DA:409,0
DA:414,0
DA:416,0
DA:417,0
DA:419,0
DA:420,0
DA:421,0
DA:422,0
DA:424,0
DA:427,0
LF:222
LH:109
BRDA:8,0,0,0
BRDA:11,1,0,0
BRDA:11,1,1,0
BRDA:38,2,0,0
BRDA:38,2,1,0
BRDA:48,3,0,0
BRDA:48,3,1,0
BRDA:50,4,0,0
BRDA:50,4,1,0
BRDA:52,5,0,0
BRDA:52,5,1,0
BRDA:61,6,0,2
BRDA:61,6,1,4
BRDA:61,7,0,6
BRDA:61,7,1,5
BRDA:71,8,0,6
BRDA:71,8,1,4
BRDA:71,8,2,3
BRDA:77,9,0,0
BRDA:77,9,1,0
BRDA:77,10,0,0
BRDA:77,10,1,0
BRDA:77,10,2,0
BRDA:87,11,0,0
BRDA:87,11,1,0
BRDA:87,11,2,0
BRDA:87,11,3,0
BRDA:87,11,4,0
BRDA:87,11,5,0
BRDA:96,12,0,0
BRDA:96,12,1,13
BRDA:96,13,0,13
BRDA:96,13,1,13
BRDA:102,14,0,3
BRDA:102,14,1,2
BRDA:102,14,2,3
BRDA:102,14,3,2
BRDA:102,14,4,2
BRDA:102,14,5,1
BRDA:104,15,0,2
BRDA:104,15,1,1
BRDA:109,16,0,1
BRDA:109,16,1,1
BRDA:114,17,0,1
BRDA:114,17,1,2
BRDA:119,18,0,0
BRDA:119,18,1,2
BRDA:124,19,0,1
BRDA:124,19,1,1
BRDA:136,20,0,2
BRDA:136,20,1,6
BRDA:138,21,0,1
BRDA:138,21,1,7
BRDA:141,22,0,1
BRDA:141,22,1,6
BRDA:144,23,0,1
BRDA:144,23,1,5
BRDA:147,24,0,1
BRDA:147,24,1,4
BRDA:154,25,0,0
BRDA:154,25,1,6
BRDA:154,26,0,6
BRDA:154,26,1,6
BRDA:161,27,0,4
BRDA:161,27,1,2
BRDA:169,28,0,0
BRDA:169,28,1,4
BRDA:169,29,0,4
BRDA:169,29,1,4
BRDA:175,30,0,1
BRDA:175,30,1,3
BRDA:178,31,0,1
BRDA:178,31,1,2
BRDA:182,32,0,1
BRDA:182,32,1,1
BRDA:191,33,0,0
BRDA:191,33,1,0
BRDA:191,34,0,0
BRDA:191,34,1,0
BRDA:198,35,0,0
BRDA:198,35,1,6
BRDA:198,36,0,6
BRDA:198,36,1,6
BRDA:202,37,0,1
BRDA:202,37,1,5
BRDA:205,38,0,0
BRDA:205,38,1,5
BRDA:209,39,0,2
BRDA:209,39,1,3
BRDA:212,40,0,0
BRDA:212,40,1,3
BRDA:220,41,0,0
BRDA:220,41,1,0
BRDA:220,42,0,0
BRDA:220,42,1,0
BRDA:226,43,0,0
BRDA:226,43,1,0
BRDA:229,44,0,0
BRDA:229,44,1,0
BRDA:235,45,0,0
BRDA:235,45,1,0
BRDA:240,46,0,0
BRDA:240,46,1,0
BRDA:252,47,0,4
BRDA:254,48,0,5
BRDA:254,49,0,5
BRDA:256,50,0,0
BRDA:256,50,1,6
BRDA:256,51,0,6
BRDA:256,51,1,6
BRDA:267,52,0,0
BRDA:267,52,1,6
BRDA:267,53,0,6
BRDA:267,53,1,6
BRDA:273,54,0,1
BRDA:273,54,1,5
BRDA:277,55,0,2
BRDA:277,55,1,3
BRDA:282,56,0,1
BRDA:282,56,1,2
BRDA:287,57,0,1
BRDA:287,57,1,1
BRDA:298,58,0,2
BRDA:298,58,1,1
BRDA:309,59,0,3
BRDA:309,59,1,0
BRDA:319,60,0,0
BRDA:319,60,1,0
BRDA:331,61,0,0
BRDA:331,61,1,0
BRDA:340,62,0,0
BRDA:340,62,1,0
BRDA:340,63,0,0
BRDA:340,63,1,0
BRDA:342,64,0,0
BRDA:342,64,1,0
BRDA:346,65,0,0
BRDA:346,65,1,0
BRDA:350,66,0,0
BRDA:350,66,1,0
BRDA:361,67,0,7
BRDA:362,68,0,2
BRDA:362,68,1,5
BRDA:364,69,0,2
BRDA:364,69,1,5
BRDA:364,70,0,7
BRDA:364,70,1,6
BRDA:367,71,0,1
BRDA:367,71,1,4
BRDA:370,72,0,1
BRDA:370,72,1,3
BRDA:377,73,0,0
BRDA:377,73,1,0
BRDA:377,73,2,0
BRDA:377,73,3,0
BRDA:377,73,4,0
BRDA:387,74,0,0
BRDA:387,74,1,0
BRDA:387,74,2,0
BRDA:387,74,3,0
BRDA:387,74,4,0
BRDA:387,74,5,0
BRDA:402,75,0,0
BRDA:402,75,1,0
BRDA:414,76,0,0
BRDA:414,76,1,0
BRDA:422,77,0,0
BRDA:422,77,1,0
BRF:168
BRH:89
end_of_record
TN:
SF:src\lib\weatherMonitoringService.ts
FN:32,(anonymous_1)
FN:53,(anonymous_2)
FN:108,(anonymous_3)
FN:165,(anonymous_4)
FNF:4
FNH:0
FNDA:0,(anonymous_1)
FNDA:0,(anonymous_2)
FNDA:0,(anonymous_3)
FNDA:0,(anonymous_4)
DA:1,0
DA:2,0
DA:4,0
DA:19,0
DA:20,0
DA:21,0
DA:22,0
DA:23,0
DA:24,0
DA:33,0
DA:34,0
DA:35,0
DA:38,0
DA:40,0
DA:41,0
DA:43,0
DA:45,0
DA:47,0
DA:48,0
DA:49,0
DA:53,0
DA:54,0
DA:55,0
DA:56,0
DA:59,0
DA:60,0
DA:61,0
DA:64,0
DA:66,0
DA:67,0
DA:70,0
DA:85,0
DA:86,0
DA:87,0
DA:88,0
DA:92,0
DA:96,0
DA:97,0
DA:98,0
DA:101,0
DA:104,0
DA:105,0
DA:106,0
DA:107,0
DA:108,0
DA:111,0
DA:113,0
DA:119,0
DA:120,0
DA:123,0
DA:124,0
DA:125,0
DA:127,0
DA:129,0
DA:131,0
DA:135,0
DA:141,0
DA:144,0
DA:148,0
DA:151,0
DA:153,0
DA:166,0
DA:167,0
DA:168,0
DA:169,0
DA:170,0
DA:172,0
DA:174,0
DA:175,0
DA:176,0
DA:177,0
DA:178,0
DA:179,0
DA:180,0
DA:181,0
DA:182,0
DA:183,0
DA:184,0
DA:185,0
DA:187,0
DA:190,0
DA:191,0
DA:193,0
DA:194,0
DA:196,0
DA:200,0
DA:201,0
DA:202,0
DA:219,0
DA:238,0
DA:241,0
DA:247,0
DA:250,0
DA:254,0
DA:255,0
DA:256,0
DA:258,0
DA:260,0
DA:263,0
LF:99
LH:0
BRDA:33,0,0,0
BRDA:33,0,1,0
BRDA:47,1,0,0
BRDA:47,1,1,0
BRDA:47,2,0,0
BRDA:47,2,1,0
BRDA:66,3,0,0
BRDA:66,3,1,0
BRDA:66,4,0,0
BRDA:66,4,1,0
BRDA:85,5,0,0
BRDA:85,5,1,0
BRDA:92,6,0,0
BRDA:92,6,1,0
BRDA:92,6,2,0
BRDA:96,7,0,0
BRDA:96,7,1,0
BRDA:105,8,0,0
BRDA:105,8,1,0
BRDA:116,9,0,0
BRDA:116,9,1,0
BRDA:119,10,0,0
BRDA:119,10,1,0
BRDA:124,11,0,0
BRDA:124,11,1,0
BRDA:165,12,0,0
BRDA:172,13,0,0
BRDA:172,13,1,0
BRDA:174,14,0,0
BRDA:174,14,1,0
BRDA:174,15,0,0
BRDA:174,15,1,0
BRDA:176,16,0,0
BRDA:176,16,1,0
BRDA:176,17,0,0
BRDA:176,17,1,0
BRDA:178,18,0,0
BRDA:178,18,1,0
BRDA:178,19,0,0
BRDA:178,19,1,0
BRDA:180,20,0,0
BRDA:180,20,1,0
BRDA:180,21,0,0
BRDA:180,21,1,0
BRDA:180,21,2,0
BRDA:182,22,0,0
BRDA:182,22,1,0
BRDA:184,23,0,0
BRDA:184,23,1,0
BRDA:184,24,0,0
BRDA:184,24,1,0
BRDA:184,24,2,0
BRDA:190,25,0,0
BRDA:190,25,1,0
BRDA:190,26,0,0
BRDA:190,26,1,0
BRDA:200,27,0,0
BRDA:200,27,1,0
BRDA:214,28,0,0
BRDA:214,28,1,0
BRDA:215,29,0,0
BRDA:215,29,1,0
BRDA:229,30,0,0
BRDA:229,30,1,0
BRDA:238,31,0,0
BRDA:238,31,1,0
BRDA:238,32,0,0
BRDA:238,32,1,0
BRDA:254,33,0,0
BRDA:254,33,1,0
BRDA:255,34,0,0
BRDA:255,34,1,0
BRF:72
BRH:0
end_of_record
TN:
SF:src\lib\weatherService.ts
FNF:0
FNH:0
DA:2,0
DA:7,0
LF:2
LH:0
BRF:0
BRH:0
end_of_record
TN:
SF:src\lib\validation\index.ts
FN:8,validateInput
FN:25,(anonymous_5)
FNF:2
FNH:0
FNDA:0,validateInput
FNDA:0,(anonymous_5)
DA:3,0
DA:8,0
DA:15,0
DA:17,0
DA:18,0
DA:24,0
DA:25,0
DA:26,0
DA:27,0
DA:30,0
LF:10
LH:0
BRDA:17,0,0,0
BRDA:17,0,1,0
BRF:2
BRH:0
end_of_record
TN:
SF:src\lib\validation\schemas.ts
FN:38,(anonymous_17)
FN:41,(anonymous_18)
FN:79,(anonymous_19)
FN:83,(anonymous_20)
FNF:4
FNH:0
FNDA:0,(anonymous_17)
FNDA:0,(anonymous_18)
FNDA:0,(anonymous_19)
FNDA:0,(anonymous_20)
DA:1,0
DA:4,0
DA:5,0
DA:6,0
DA:7,0
DA:8,0
DA:9,0
DA:11,0
DA:18,0
DA:24,0
DA:36,0
DA:38,0
DA:41,0
DA:54,0
DA:60,0
DA:68,0
DA:74,0
DA:78,0
DA:80,0
DA:81,0
DA:84,0
DA:85,0
DA:90,0
LF:23
LH:0
BRDA:81,0,0,0
BRDA:81,0,1,0
BRDA:85,1,0,0
BRDA:85,1,1,0
BRF:4
BRH:0
end_of_record
